This file contains any messages produced by compilers while
running configure, to aid debugging if configure makes a mistake.

It was created by configure, which was
generated by GNU Autoconf 2.63.  Invocation command line was

  $ ./configure --disable-option-checking --prefix=/usr --disable-shared --without-sox --without-fixwav --disable-alsa --cache-file=/dev/null --srcdir=.

## --------- ##
## Platform. ##
## --------- ##

hostname = Mac-Mini.local
uname -m = i386
uname -r = 9.6.0
uname -s = Darwin
uname -v = Darwin Kernel Version 9.6.0: Mon Nov 24 17:37:00 PST 2008; root:xnu-1228.9.59~1/RELEASE_I386

/usr/bin/uname -p = i386
/bin/uname -X     = unknown

/bin/arch              = unknown
/usr/bin/arch -k       = unknown
/usr/convex/getsysinfo = unknown
/usr/bin/hostinfo      = Mach kernel version:
	 Darwin Kernel Version 9.6.0: Mon Nov 24 17:37:00 PST 2008; root:xnu-1228.9.59~1/RELEASE_I386
Kernel configured for up to 2 processors.
2 processors are physically available.
2 processors are logically available.
Processor type: i486 (Intel 80486)
Processors active: 0 1
Primary memory available: 1.00 gigabytes
Default processor set: 74 tasks, 283 threads, 2 processors
Load average: 1.38, Mach factor: 1.00
/bin/machine           = unknown
/usr/bin/oslevel       = unknown
/bin/universe          = unknown

PATH: /usr/bin
PATH: /bin
PATH: /usr/sbin
PATH: /sbin
PATH: /usr/local/bin
PATH: /usr/X11/bin


## ----------- ##
## Core tests. ##
## ----------- ##

configure:2084: checking build system type
configure:2102: result: i386-apple-darwin9.6.0
configure:2124: checking host system type
configure:2139: result: i386-apple-darwin9.6.0
configure:2209: checking for gcc
configure:2225: found /usr/bin/gcc
configure:2236: result: gcc
configure:2468: checking for C compiler version
configure:2476: gcc --version >&5
i686-apple-darwin9-gcc-4.0.1 (GCC) 4.0.1 (Apple Inc. build 5484)
Copyright (C) 2005 Free Software Foundation, Inc.
This is free software; see the source for copying conditions.  There is NO
warranty; not even for MERCHANTABILITY or FITNESS FOR A PARTICULAR PURPOSE.

configure:2480: $? = 0
configure:2487: gcc -v >&5
Using built-in specs.
Target: i686-apple-darwin9
Configured with: /var/tmp/gcc/gcc-5484~1/src/configure --disable-checking -enable-werror --prefix=/usr --mandir=/share/man --enable-languages=c,objc,c++,obj-c++ --program-transform-name=/^[cg][^.-]*$/s/$/-4.0/ --with-gxx-include-dir=/include/c++/4.0.0 --with-slibdir=/usr/lib --build=i686-apple-darwin9 --with-arch=apple --with-tune=generic --host=i686-apple-darwin9 --target=i686-apple-darwin9
Thread model: posix
gcc version 4.0.1 (Apple Inc. build 5484)
configure:2491: $? = 0
configure:2498: gcc -V >&5
gcc-4.0: argument to `-V' is missing
configure:2502: $? = 1
configure:2525: checking for C compiler default output file name
configure:2547: gcc    conftest.c  >&5
configure:2551: $? = 0
configure:2589: result: a.out
configure:2608: checking whether the C compiler works
configure:2618: ./a.out
configure:2622: $? = 0
configure:2641: result: yes
configure:2648: checking whether we are cross compiling
configure:2650: result: no
configure:2653: checking for suffix of executables
configure:2660: gcc -o conftest    conftest.c  >&5
configure:2664: $? = 0
configure:2690: result: 
configure:2696: checking for suffix of object files
configure:2722: gcc -c   conftest.c >&5
configure:2726: $? = 0
configure:2751: result: o
configure:2755: checking whether we are using the GNU C compiler
configure:2784: gcc -c   conftest.c >&5
configure:2791: $? = 0
configure:2808: result: yes
configure:2817: checking whether gcc accepts -g
configure:2847: gcc -c -g  conftest.c >&5
configure:2854: $? = 0
configure:2955: result: yes
configure:2972: checking for gcc option to accept ISO C89
configure:3046: gcc  -c -g -O2  conftest.c >&5
configure:3053: $? = 0
configure:3076: result: none needed
configure:3094: checking for a sed that does not truncate output
configure:3160: result: /usr/bin/sed
configure:3178: checking for grep that handles long lines and -e
configure:3238: result: /usr/bin/grep
configure:3243: checking for egrep
configure:3307: result: /usr/bin/grep -E
configure:3312: checking for fgrep
configure:3376: result: /usr/bin/grep -F
configure:3411: checking for ld used by gcc
configure:3478: result: /usr/libexec/gcc/i686-apple-darwin9/4.0.1/ld
configure:3487: checking if the linker (/usr/libexec/gcc/i686-apple-darwin9/4.0.1/ld) is GNU ld
configure:3502: result: no
configure:3514: checking for BSD- or MS-compatible name lister (nm)
configure:3563: result: /usr/bin/nm -p
configure:3681: checking the name lister (/usr/bin/nm -p) interface
configure:3688: gcc -c -g -O2  conftest.c >&5
configure:3691: /usr/bin/nm -p "conftest.o"
configure:3694: output
00000188 D _some_variable
configure:3701: result: BSD nm
configure:3704: checking whether ln -s works
configure:3708: result: yes
configure:3716: checking the maximum length of command line arguments
configure:3836: result: 196608
configure:3853: checking whether the shell understands some XSI constructs
configure:3863: result: yes
configure:3867: checking whether the shell understands "+="
configure:3873: result: yes
configure:3908: checking for /usr/libexec/gcc/i686-apple-darwin9/4.0.1/ld option to reload object files
configure:3915: result: -r
configure:3984: checking for objdump
configure:4014: result: no
configure:4043: checking how to recognize dependent libraries
configure:4239: result: pass_all
configure:4299: checking for ar
configure:4315: found /usr/bin/ar
configure:4326: result: ar
configure:4404: checking for strip
configure:4420: found /usr/bin/strip
configure:4431: result: strip
configure:4503: checking for ranlib
configure:4519: found /usr/bin/ranlib
configure:4530: result: ranlib
configure:4620: checking command to parse /usr/bin/nm -p output from gcc object
configure:4738: gcc -c -g -O2  conftest.c >&5
configure:4741: $? = 0
configure:4745: /usr/bin/nm -p conftest.o \| sed -n -e 's/^.*[	 ]\([BCDEGRST][BCDEGRST]*\)[	 ][	 ]*\([_A-Za-z][_A-Za-z0-9]*\)$/\1 \2 \2/p' \> conftest.nm
configure:4748: $? = 0
cannot find nm_test_var in conftest.nm
configure:4738: gcc -c -g -O2  conftest.c >&5
configure:4741: $? = 0
configure:4745: /usr/bin/nm -p conftest.o \| sed -n -e 's/^.*[	 ]\([BCDEGRST][BCDEGRST]*\)[	 ][	 ]*_\([_A-Za-z][_A-Za-z0-9]*\)$/\1 _\2 \2/p' \> conftest.nm
configure:4748: $? = 0
configure:4802: gcc -o conftest -g -O2   conftest.c conftstm.o >&5
configure:4805: $? = 0
configure:4843: result: ok
configure:5137: checking for dsymutil
configure:5153: found /usr/bin/dsymutil
configure:5164: result: dsymutil
configure:5229: checking for nmedit
configure:5245: found /usr/bin/nmedit
configure:5256: result: nmedit
configure:5321: checking for lipo
configure:5337: found /usr/bin/lipo
configure:5348: result: lipo
configure:5413: checking for otool
configure:5429: found /usr/bin/otool
configure:5440: result: otool
configure:5505: checking for otool64
configure:5535: result: no
configure:5580: checking for -single_module linker flag
gcc -g -O2  -o libconftest.dylib -dynamiclib -Wl,-single_module conftest.c
configure:5607: result: yes
configure:5609: checking for -exported_symbols_list linker flag
configure:5639: gcc -o conftest -g -O2   -Wl,-exported_symbols_list,conftest.sym conftest.c  >&5
configure:5646: $? = 0
configure:5668: result: yes
configure:5710: checking how to run the C preprocessor
configure:5750: gcc -E  conftest.c
configure:5757: $? = 0
configure:5788: gcc -E  conftest.c
conftest.c:8:28: error: ac_nonexistent.h: No such file or directory
configure:5795: $? = 1
configure: failed program was:
| /* confdefs.h.  */
| #define PACKAGE_NAME ""
| #define PACKAGE_TARNAME ""
| #define PACKAGE_VERSION ""
| #define PACKAGE_STRING ""
| #define PACKAGE_BUGREPORT ""
| /* end confdefs.h.  */
| #include <ac_nonexistent.h>
configure:5828: result: gcc -E
configure:5857: gcc -E  conftest.c
configure:5864: $? = 0
configure:5895: gcc -E  conftest.c
conftest.c:8:28: error: ac_nonexistent.h: No such file or directory
configure:5902: $? = 1
configure: failed program was:
| /* confdefs.h.  */
| #define PACKAGE_NAME ""
| #define PACKAGE_TARNAME ""
| #define PACKAGE_VERSION ""
| #define PACKAGE_STRING ""
| #define PACKAGE_BUGREPORT ""
| /* end confdefs.h.  */
| #include <ac_nonexistent.h>
configure:5942: checking for ANSI C header files
configure:5972: gcc -c -g -O2  conftest.c >&5
configure:5979: $? = 0
configure:6078: gcc -o conftest -g -O2   conftest.c  >&5
configure:6082: $? = 0
configure:6088: ./conftest
configure:6092: $? = 0
configure:6110: result: yes
configure:6134: checking for sys/types.h
configure:6155: gcc -c -g -O2  conftest.c >&5
configure:6162: $? = 0
configure:6179: result: yes
configure:6134: checking for sys/stat.h
configure:6155: gcc -c -g -O2  conftest.c >&5
configure:6162: $? = 0
configure:6179: result: yes
configure:6134: checking for stdlib.h
configure:6155: gcc -c -g -O2  conftest.c >&5
configure:6162: $? = 0
configure:6179: result: yes
configure:6134: checking for string.h
configure:6155: gcc -c -g -O2  conftest.c >&5
configure:6162: $? = 0
configure:6179: result: yes
configure:6134: checking for memory.h
configure:6155: gcc -c -g -O2  conftest.c >&5
configure:6162: $? = 0
configure:6179: result: yes
configure:6134: checking for strings.h
configure:6155: gcc -c -g -O2  conftest.c >&5
configure:6162: $? = 0
configure:6179: result: yes
configure:6134: checking for inttypes.h
configure:6155: gcc -c -g -O2  conftest.c >&5
configure:6162: $? = 0
configure:6179: result: yes
configure:6134: checking for stdint.h
configure:6155: gcc -c -g -O2  conftest.c >&5
configure:6162: $? = 0
configure:6179: result: yes
configure:6134: checking for unistd.h
configure:6155: gcc -c -g -O2  conftest.c >&5
configure:6162: $? = 0
configure:6179: result: yes
configure:6197: checking for dlfcn.h
configure:6218: gcc -c -g -O2  conftest.c >&5
configure:6225: $? = 0
configure:6242: result: yes
configure:6426: checking for objdir
configure:6441: result: .libs
configure:6737: checking if gcc supports -fno-rtti -fno-exceptions
configure:6755: gcc -c -g -O2  -fno-rtti -fno-exceptions conftest.c >&5
cc1: warning: command line option "-fno-rtti" is valid for C++/ObjC++ but not for C
configure:6759: $? = 0
configure:6772: result: no
configure:6792: checking for gcc option to produce PIC
configure:7064: result: -fno-common -DPIC
configure:7076: checking if gcc PIC flag -fno-common -DPIC works
configure:7094: gcc -c -g -O2  -fno-common -DPIC -DPIC conftest.c >&5
configure:7098: $? = 0
configure:7111: result: yes
configure:7135: checking if gcc static flag -static works
configure:7163: result: no
configure:7178: checking if gcc supports -c -o file.o
configure:7199: gcc -c -g -O2  -o out/conftest2.o conftest.c >&5
configure:7203: $? = 0
configure:7225: result: yes
configure:7233: checking if gcc supports -c -o file.o
configure:7280: result: yes
configure:7313: checking whether the gcc linker (/usr/libexec/gcc/i686-apple-darwin9/4.0.1/ld) supports shared libraries
configure:8387: result: yes
configure:8626: checking dynamic linker characteristics
configure:9309: result: darwin9.6.0 dyld
configure:9411: checking how to hardcode library paths into programs
configure:9436: result: immediate
configure:10269: checking whether stripping libraries is possible
configure:10283: result: yes
configure:10309: checking if libtool supports shared libraries
configure:10311: result: yes
configure:10314: checking whether to build shared libraries
configure:10335: result: no
configure:10338: checking whether to build static libraries
configure:10342: result: yes
configure:10395: checking for a BSD-compatible install
configure:10463: result: /usr/bin/install -c
configure:10474: checking whether build environment is sane
configure:10517: result: yes
configure:10542: checking for a thread-safe mkdir -p
configure:10581: result: /usr/local/bin/mkdir -p
configure:10594: checking for gawk
configure:10624: result: no
configure:10594: checking for mawk
configure:10624: result: no
configure:10594: checking for nawk
configure:10624: result: no
configure:10594: checking for awk
configure:10610: found /usr/bin/awk
configure:10621: result: awk
configure:10632: checking whether make sets $(MAKE)
configure:10654: result: yes
configure:10684: checking for style of include used by make
configure:10712: result: GNU
configure:10901: checking dependency style of gcc
configure:10992: result: gcc3
configure:11056: checking for gcc
configure:11083: result: gcc
configure:11315: checking for C compiler version
configure:11323: gcc --version >&5
i686-apple-darwin9-gcc-4.0.1 (GCC) 4.0.1 (Apple Inc. build 5484)
Copyright (C) 2005 Free Software Foundation, Inc.
This is free software; see the source for copying conditions.  There is NO
warranty; not even for MERCHANTABILITY or FITNESS FOR A PARTICULAR PURPOSE.

configure:11327: $? = 0
configure:11334: gcc -v >&5
Using built-in specs.
Target: i686-apple-darwin9
Configured with: /var/tmp/gcc/gcc-5484~1/src/configure --disable-checking -enable-werror --prefix=/usr --mandir=/share/man --enable-languages=c,objc,c++,obj-c++ --program-transform-name=/^[cg][^.-]*$/s/$/-4.0/ --with-gxx-include-dir=/include/c++/4.0.0 --with-slibdir=/usr/lib --build=i686-apple-darwin9 --with-arch=apple --with-tune=generic --host=i686-apple-darwin9 --target=i686-apple-darwin9
Thread model: posix
gcc version 4.0.1 (Apple Inc. build 5484)
configure:11338: $? = 0
configure:11345: gcc -V >&5
gcc-4.0: argument to `-V' is missing
configure:11349: $? = 1
configure:11352: checking whether we are using the GNU C compiler
configure:11405: result: yes
configure:11414: checking whether gcc accepts -g
configure:11552: result: yes
configure:11569: checking for gcc option to accept ISO C89
configure:11673: result: none needed
configure:11692: checking whether gcc and cc understand -c and -o together
configure:11727: gcc -c conftest.c -o conftest2.o >&5
configure:11731: $? = 0
configure:11737: gcc -c conftest.c -o conftest2.o >&5
configure:11741: $? = 0
configure:11752: cc -c conftest.c >&5
configure:11756: $? = 0
configure:11764: cc -c conftest.c -o conftest2.o >&5
configure:11768: $? = 0
configure:11774: cc -c conftest.c -o conftest2.o >&5
configure:11778: $? = 0
configure:11796: result: yes
configure:11874: checking for ANSI C header files
configure:12042: result: yes
configure:12053: checking for an ANSI C-conforming const
configure:12128: gcc -c -fno-common -O4 -Wall -fsigned-char -ffast-math -g -O2  conftest.c >&5
conftest.c: In function 'main':
conftest.c:52: warning: 't' is used uninitialized in this function
conftest.c:68: warning: 'b' is used uninitialized in this function
conftest.c:74: warning: 'cs[0]' is used uninitialized in this function
configure:12135: $? = 0
configure:12150: result: yes
configure:12162: checking for int16_t
configure:12192: gcc -o conftest -fno-common -O4 -Wall -fsigned-char -ffast-math -g -O2   conftest.c  >&5
configure:12196: $? = 0
configure:12202: ./conftest
configure:12206: $? = 0
configure:12224: result: yes
configure:12227: checking for int32_t
configure:12257: gcc -o conftest -fno-common -O4 -Wall -fsigned-char -ffast-math -g -O2   conftest.c  >&5
configure:12261: $? = 0
configure:12267: ./conftest
configure:12271: $? = 0
configure:12289: result: yes
configure:12292: checking for uint32_t
configure:12322: gcc -o conftest -fno-common -O4 -Wall -fsigned-char -ffast-math -g -O2   conftest.c  >&5
conftest.c:28: error: syntax error before 'foo'
conftest.c:28: warning: type defaults to 'int' in declaration of 'foo'
conftest.c:28: warning: data definition has no type or storage class
configure:12326: $? = 1
configure: program exited with status 1
configure: failed program was:
| /* confdefs.h.  */
| #define PACKAGE_NAME ""
| #define PACKAGE_TARNAME ""
| #define PACKAGE_VERSION ""
| #define PACKAGE_STRING ""
| #define PACKAGE_BUGREPORT ""
| #define STDC_HEADERS 1
| #define HAVE_SYS_TYPES_H 1
| #define HAVE_SYS_STAT_H 1
| #define HAVE_STDLIB_H 1
| #define HAVE_STRING_H 1
| #define HAVE_MEMORY_H 1
| #define HAVE_STRINGS_H 1
| #define HAVE_INTTYPES_H 1
| #define HAVE_STDINT_H 1
| #define HAVE_UNISTD_H 1
| #define HAVE_DLFCN_H 1
| #define LT_OBJDIR ".libs/"
| #define PACKAGE "libogg"
| #define VERSION "1.1.3"
| #define STDC_HEADERS 1
| /* end confdefs.h.  */
| 
| #ifdef __BEOS__
| #include <inttypes.h>
| #endif
| #include <sys/types.h>
| uint32_t foo;
| int main() {return 0;}
| 
configure:12354: result: no
configure:12357: checking for uint16_t
configure:12387: gcc -o conftest -fno-common -O4 -Wall -fsigned-char -ffast-math -g -O2   conftest.c  >&5
conftest.c:28: error: syntax error before 'foo'
conftest.c:28: warning: type defaults to 'int' in declaration of 'foo'
conftest.c:28: warning: data definition has no type or storage class
configure:12391: $? = 1
configure: program exited with status 1
configure: failed program was:
| /* confdefs.h.  */
| #define PACKAGE_NAME ""
| #define PACKAGE_TARNAME ""
| #define PACKAGE_VERSION ""
| #define PACKAGE_STRING ""
| #define PACKAGE_BUGREPORT ""
| #define STDC_HEADERS 1
| #define HAVE_SYS_TYPES_H 1
| #define HAVE_SYS_STAT_H 1
| #define HAVE_STDLIB_H 1
| #define HAVE_STRING_H 1
| #define HAVE_MEMORY_H 1
| #define HAVE_STRINGS_H 1
| #define HAVE_INTTYPES_H 1
| #define HAVE_STDINT_H 1
| #define HAVE_UNISTD_H 1
| #define HAVE_DLFCN_H 1
| #define LT_OBJDIR ".libs/"
| #define PACKAGE "libogg"
| #define VERSION "1.1.3"
| #define STDC_HEADERS 1
| /* end confdefs.h.  */
| 
| #ifdef __BEOS__
| #include <inttypes.h>
| #endif
| #include <sys/types.h>
| uint16_t foo;
| int main() {return 0;}
| 
configure:12419: result: no
configure:12422: checking for u_int32_t
configure:12452: gcc -o conftest -fno-common -O4 -Wall -fsigned-char -ffast-math -g -O2   conftest.c  >&5
configure:12456: $? = 0
configure:12462: ./conftest
configure:12466: $? = 0
configure:12484: result: yes
configure:12487: checking for u_int16_t
configure:12517: gcc -o conftest -fno-common -O4 -Wall -fsigned-char -ffast-math -g -O2   conftest.c  >&5
configure:12521: $? = 0
configure:12527: ./conftest
configure:12531: $? = 0
configure:12549: result: yes
configure:12552: checking for int64_t
configure:12582: gcc -o conftest -fno-common -O4 -Wall -fsigned-char -ffast-math -g -O2   conftest.c  >&5
configure:12586: $? = 0
configure:12592: ./conftest
configure:12596: $? = 0
configure:12614: result: yes
configure:12621: checking size of short
configure:12926: gcc -o conftest -fno-common -O4 -Wall -fsigned-char -ffast-math -g -O2   conftest.c  >&5
configure:12930: $? = 0
configure:12936: ./conftest
configure:12940: $? = 0
configure:12966: result: 2
configure:12980: checking size of int
configure:13285: gcc -o conftest -fno-common -O4 -Wall -fsigned-char -ffast-math -g -O2   conftest.c  >&5
configure:13289: $? = 0
configure:13295: ./conftest
configure:13299: $? = 0
configure:13325: result: 4
configure:13339: checking size of long
configure:13644: gcc -o conftest -fno-common -O4 -Wall -fsigned-char -ffast-math -g -O2   conftest.c  >&5
configure:13648: $? = 0
configure:13654: ./conftest
configure:13658: $? = 0
configure:13684: result: 4
configure:13698: checking size of long long
configure:14003: gcc -o conftest -fno-common -O4 -Wall -fsigned-char -ffast-math -g -O2   conftest.c  >&5
configure:14007: $? = 0
configure:14013: ./conftest
configure:14017: $? = 0
configure:14043: result: 8
configure:14137: checking for working memcmp
configure:14190: gcc -o conftest -fno-common -O4 -Wall -fsigned-char -ffast-math -g -O2   conftest.c  >&5
configure:14194: $? = 0
configure:14200: ./conftest
configure:14204: $? = 0
configure:14221: result: yes
configure:14362: creating ./config.status

## ---------------------- ##
## Running config.status. ##
## ---------------------- ##

This file was extended by config.status, which was
generated by GNU Autoconf 2.63.  Invocation command line was

  CONFIG_FILES    = 
  CONFIG_HEADERS  = 
  CONFIG_LINKS    = 
  CONFIG_COMMANDS = 
  $ ./config.status 

on Mac-Mini.local

config.status:999: creating Makefile
config.status:999: creating src/Makefile
config.status:999: creating include/Makefile
config.status:999: creating include/ogg/Makefile
config.status:999: creating include/ogg/config_types.h
config.status:999: creating win32/Makefile
config.status:999: creating ogg.pc
config.status:999: creating ogg-uninstalled.pc
config.status:999: creating config.h
config.status:1273: executing libtool commands
config.status:1273: executing depfiles commands

## ---------------- ##
## Cache variables. ##
## ---------------- ##

ac_cv_build=i386-apple-darwin9.6.0
ac_cv_c_compiler_gnu=yes
ac_cv_c_const=yes
ac_cv_env_CC_set=
ac_cv_env_CC_value=
ac_cv_env_CFLAGS_set=
ac_cv_env_CFLAGS_value=
ac_cv_env_CPPFLAGS_set=
ac_cv_env_CPPFLAGS_value=
ac_cv_env_CPP_set=
ac_cv_env_CPP_value=
ac_cv_env_LDFLAGS_set=
ac_cv_env_LDFLAGS_value=
ac_cv_env_LIBS_set=
ac_cv_env_LIBS_value=
ac_cv_env_build_alias_set=
ac_cv_env_build_alias_value=
ac_cv_env_host_alias_set=
ac_cv_env_host_alias_value=
ac_cv_env_target_alias_set=
ac_cv_env_target_alias_value=
ac_cv_func_memcmp_working=yes
ac_cv_header_dlfcn_h=yes
ac_cv_header_inttypes_h=yes
ac_cv_header_memory_h=yes
ac_cv_header_stdc=yes
ac_cv_header_stdint_h=yes
ac_cv_header_stdlib_h=yes
ac_cv_header_string_h=yes
ac_cv_header_strings_h=yes
ac_cv_header_sys_stat_h=yes
ac_cv_header_sys_types_h=yes
ac_cv_header_unistd_h=yes
ac_cv_host=i386-apple-darwin9.6.0
ac_cv_objext=o
ac_cv_path_EGREP='/usr/bin/grep -E'
ac_cv_path_FGREP='/usr/bin/grep -F'
ac_cv_path_GREP=/usr/bin/grep
ac_cv_path_SED=/usr/bin/sed
ac_cv_path_install='/usr/bin/install -c'
ac_cv_path_mkdir=/usr/local/bin/mkdir
ac_cv_prog_AWK=awk
ac_cv_prog_CPP='gcc -E'
ac_cv_prog_ac_ct_AR=ar
ac_cv_prog_ac_ct_CC=gcc
ac_cv_prog_ac_ct_DSYMUTIL=dsymutil
ac_cv_prog_ac_ct_LIPO=lipo
ac_cv_prog_ac_ct_NMEDIT=nmedit
ac_cv_prog_ac_ct_OTOOL=otool
ac_cv_prog_ac_ct_RANLIB=ranlib
ac_cv_prog_ac_ct_STRIP=strip
ac_cv_prog_cc_c89=
ac_cv_prog_cc_g=yes
ac_cv_prog_cc_gcc_c_o=yes
ac_cv_prog_make_make_set=yes
ac_cv_sizeof_int=4
ac_cv_sizeof_long=4
ac_cv_sizeof_long_long=8
ac_cv_sizeof_short=2
am_cv_CC_dependencies_compiler_type=gcc3
lt_cv_apple_cc_single_mod=yes
lt_cv_deplibs_check_method=pass_all
lt_cv_file_magic_cmd='$MAGIC_CMD'
lt_cv_file_magic_test_file=
lt_cv_ld_exported_symbols_list=yes
lt_cv_ld_reload_flag=-r
lt_cv_nm_interface='BSD nm'
lt_cv_objdir=.libs
lt_cv_path_LD=/usr/libexec/gcc/i686-apple-darwin9/4.0.1/ld
lt_cv_path_NM='/usr/bin/nm -p'
lt_cv_prog_compiler_c_o=yes
lt_cv_prog_compiler_pic_works=yes
lt_cv_prog_compiler_rtti_exceptions=no
lt_cv_prog_compiler_static_works=no
lt_cv_prog_gnu_ld=no
lt_cv_sys_global_symbol_pipe='sed -n -e '\''s/^.*[	 ]\([BCDEGRST][BCDEGRST]*\)[	 ][	 ]*_\([_A-Za-z][_A-Za-z0-9]*\)$/\1 _\2 \2/p'\'''
lt_cv_sys_global_symbol_to_c_name_address='sed -n -e '\''s/^: \([^ ]*\) $/  {\"\1\", (void *) 0},/p'\'' -e '\''s/^[BCDEGRST]* \([^ ]*\) \([^ ]*\)$/  {"\2", (void *) \&\2},/p'\'''
lt_cv_sys_global_symbol_to_c_name_address_lib_prefix='sed -n -e '\''s/^: \([^ ]*\) $/  {\"\1\", (void *) 0},/p'\'' -e '\''s/^[BCDEGRST]* \([^ ]*\) \(lib[^ ]*\)$/  {"\2", (void *) \&\2},/p'\'' -e '\''s/^[BCDEGRST]* \([^ ]*\) \([^ ]*\)$/  {"lib\2", (void *) \&\2},/p'\'''
lt_cv_sys_global_symbol_to_cdecl='sed -n -e '\''s/^T .* \(.*\)$/extern int \1();/p'\'' -e '\''s/^[BCDEGRST]* .* \(.*\)$/extern char \1;/p'\'''
lt_cv_sys_max_cmd_len=196608

## ----------------- ##
## Output variables. ##
## ----------------- ##

ACLOCAL='${SHELL} /Users/maarten/Downloads/dvda-author-09.03/libFLAC/include/libogg/missing --run aclocal-1.10'
AMDEPBACKSLASH='\'
AMDEP_FALSE='#'
AMDEP_TRUE=''
AMTAR='${SHELL} /Users/maarten/Downloads/dvda-author-09.03/libFLAC/include/libogg/missing --run tar'
AR='ar'
AUTOCONF='${SHELL} /Users/maarten/Downloads/dvda-author-09.03/libFLAC/include/libogg/missing --run autoconf'
AUTOHEADER='${SHELL} /Users/maarten/Downloads/dvda-author-09.03/libFLAC/include/libogg/missing --run autoheader'
AUTOMAKE='${SHELL} /Users/maarten/Downloads/dvda-author-09.03/libFLAC/include/libogg/missing --run automake-1.10'
AWK='awk'
CC='gcc'
CCDEPMODE='depmode=gcc3'
CFLAGS='-fno-common -O4 -Wall -fsigned-char -ffast-math -g -O2'
CPP='gcc -E'
CPPFLAGS=''
CYGPATH_W='echo'
DEBUG='-fno-common -g -Wall -fsigned-char -g -O2'
DEFS='-DHAVE_CONFIG_H'
DEPDIR='.deps'
DSYMUTIL='dsymutil'
DUMPBIN=''
ECHO_C='\c'
ECHO_N=''
ECHO_T=''
EGREP='/usr/bin/grep -E'
EXEEXT=''
FGREP='/usr/bin/grep -F'
GREP='/usr/bin/grep'
INSTALL_DATA='${INSTALL} -m 644'
INSTALL_PROGRAM='${INSTALL}'
INSTALL_SCRIPT='${INSTALL}'
INSTALL_STRIP_PROGRAM='$(install_sh) -c -s'
LD='/usr/libexec/gcc/i686-apple-darwin9/4.0.1/ld'
LDFLAGS=''
LIBOBJS=''
LIBS=''
LIBTOOL='$(SHELL) $(top_builddir)/libtool'
LIBTOOL_DEPS='./ltmain.sh'
LIPO='lipo'
LN_S='ln -s'
LTLIBOBJS=''
MAKEINFO='${SHELL} /Users/maarten/Downloads/dvda-author-09.03/libFLAC/include/libogg/missing --run makeinfo'
MKDIR_P='/usr/local/bin/mkdir -p'
NM='/usr/bin/nm -p'
NMEDIT='nmedit'
OBJDUMP='false'
OBJEXT='o'
OPT=''
OTOOL64=':'
OTOOL='otool'
PACKAGE='libogg'
PACKAGE_BUGREPORT=''
PACKAGE_NAME=''
PACKAGE_STRING=''
PACKAGE_TARNAME=''
PACKAGE_VERSION=''
PATH_SEPARATOR=':'
PROFILE='-fno-common -O4 -Wall -pg -g -fsigned-char -ffast-math -g -O2'
RANLIB='ranlib'
SED='/usr/bin/sed'
SET_MAKE=''
SHELL='/bin/sh'
SIZE16='int16_t'
SIZE32='int32_t'
SIZE64='int64_t'
STRIP='strip'
USIZE16='u_int16_t'
USIZE32='u_int32_t'
VERSION='1.1.3'
ac_ct_CC='gcc'
ac_ct_DUMPBIN=''
am__fastdepCC_FALSE='#'
am__fastdepCC_TRUE=''
am__include='include'
am__isrc=''
am__leading_dot='.'
am__quote=''
am__tar='${AMTAR} chof - "$$tardir"'
am__untar='${AMTAR} xf -'
bindir='${exec_prefix}/bin'
build='i386-apple-darwin9.6.0'
build_alias=''
build_cpu='i386'
build_os='darwin9.6.0'
build_vendor='apple'
datadir='${datarootdir}'
datarootdir='${prefix}/share'
docdir='${datarootdir}/doc/${PACKAGE}'
dvidir='${docdir}'
exec_prefix='${prefix}'
host='i386-apple-darwin9.6.0'
host_alias=''
host_cpu='i386'
host_os='darwin9.6.0'
host_vendor='apple'
htmldir='${docdir}'
includedir='${prefix}/include'
infodir='${datarootdir}/info'
install_sh='$(SHELL) /Users/maarten/Downloads/dvda-author-09.03/libFLAC/include/libogg/install-sh'
libdir='${exec_prefix}/lib'
libexecdir='${exec_prefix}/libexec'
localedir='${datarootdir}/locale'
localstatedir='${prefix}/var'
lt_ECHO='/bin/echo'
mandir='${datarootdir}/man'
mkdir_p='/usr/local/bin/mkdir -p'
oldincludedir='/usr/include'
pdfdir='${docdir}'
prefix='/usr'
program_transform_name='s,x,x,'
psdir='${docdir}'
sbindir='${exec_prefix}/sbin'
sharedstatedir='${prefix}/com'
sysconfdir='${prefix}/etc'
target_alias=''

## ----------- ##
## confdefs.h. ##
## ----------- ##

#define PACKAGE_NAME ""
#define PACKAGE_TARNAME ""
#define PACKAGE_VERSION ""
#define PACKAGE_STRING ""
#define PACKAGE_BUGREPORT ""
#define STDC_HEADERS 1
#define HAVE_SYS_TYPES_H 1
#define HAVE_SYS_STAT_H 1
#define HAVE_STDLIB_H 1
#define HAVE_STRING_H 1
#define HAVE_MEMORY_H 1
#define HAVE_STRINGS_H 1
#define HAVE_INTTYPES_H 1
#define HAVE_STDINT_H 1
#define HAVE_UNISTD_H 1
#define HAVE_DLFCN_H 1
#define LT_OBJDIR ".libs/"
#define PACKAGE "libogg"
#define VERSION "1.1.3"
#define STDC_HEADERS 1
#define SIZEOF_SHORT 2
#define SIZEOF_INT 4
#define SIZEOF_LONG 4
#define SIZEOF_LONG_LONG 8

configure: exit 0
