This file contains any messages produced by compilers while
running configure, to aid debugging if configure makes a mistake.

It was created by dvda-author configure 09.03, which was
generated by GNU Autoconf 2.63.  Invocation command line was

  $ ./configure --disable-shared --without-sox --without-fixwav --disable-alsa

## --------- ##
## Platform. ##
## --------- ##

hostname = Mac-Mini.local
uname -m = i386
uname -r = 9.6.0
uname -s = Darwin
uname -v = Darwin Kernel Version 9.6.0: Mon Nov 24 17:37:00 PST 2008; root:xnu-1228.9.59~1/RELEASE_I386

/usr/bin/uname -p = i386
/bin/uname -X     = unknown

/bin/arch              = unknown
/usr/bin/arch -k       = unknown
/usr/convex/getsysinfo = unknown
/usr/bin/hostinfo      = Mach kernel version:
	 Darwin Kernel Version 9.6.0: Mon Nov 24 17:37:00 PST 2008; root:xnu-1228.9.59~1/RELEASE_I386
Kernel configured for up to 2 processors.
2 processors are physically available.
2 processors are logically available.
Processor type: i486 (Intel 80486)
Processors active: 0 1
Primary memory available: 1.00 gigabytes
Default processor set: 71 tasks, 275 threads, 2 processors
Load average: 1.15, Mach factor: 1.08
/bin/machine           = unknown
/usr/bin/oslevel       = unknown
/bin/universe          = unknown

PATH: /usr/bin
PATH: /bin
PATH: /usr/sbin
PATH: /sbin
PATH: /usr/local/bin
PATH: /usr/X11/bin


## ----------- ##
## Core tests. ##
## ----------- ##

configure:2132: checking for gcc
configure:2148: found /usr/bin/gcc
configure:2159: result: gcc
configure:2391: checking for C compiler version
configure:2399: gcc --version >&5
i686-apple-darwin9-gcc-4.0.1 (GCC) 4.0.1 (Apple Inc. build 5484)
Copyright (C) 2005 Free Software Foundation, Inc.
This is free software; see the source for copying conditions.  There is NO
warranty; not even for MERCHANTABILITY or FITNESS FOR A PARTICULAR PURPOSE.

configure:2403: $? = 0
configure:2410: gcc -v >&5
Using built-in specs.
Target: i686-apple-darwin9
Configured with: /var/tmp/gcc/gcc-5484~1/src/configure --disable-checking -enable-werror --prefix=/usr --mandir=/share/man --enable-languages=c,objc,c++,obj-c++ --program-transform-name=/^[cg][^.-]*$/s/$/-4.0/ --with-gxx-include-dir=/include/c++/4.0.0 --with-slibdir=/usr/lib --build=i686-apple-darwin9 --with-arch=apple --with-tune=generic --host=i686-apple-darwin9 --target=i686-apple-darwin9
Thread model: posix
gcc version 4.0.1 (Apple Inc. build 5484)
configure:2414: $? = 0
configure:2421: gcc -V >&5
gcc-4.0: argument to `-V' is missing
configure:2425: $? = 1
configure:2448: checking for C compiler default output file name
configure:2470: gcc    conftest.c  >&5
configure:2474: $? = 0
configure:2512: result: a.out
configure:2531: checking whether the C compiler works
configure:2541: ./a.out
configure:2545: $? = 0
configure:2564: result: yes
configure:2571: checking whether we are cross compiling
configure:2573: result: no
configure:2576: checking for suffix of executables
configure:2583: gcc -o conftest    conftest.c  >&5
configure:2587: $? = 0
configure:2613: result: 
configure:2619: checking for suffix of object files
configure:2645: gcc -c   conftest.c >&5
configure:2649: $? = 0
configure:2674: result: o
configure:2678: checking whether we are using the GNU C compiler
configure:2707: gcc -c   conftest.c >&5
configure:2714: $? = 0
configure:2731: result: yes
configure:2740: checking whether gcc accepts -g
configure:2770: gcc -c -g  conftest.c >&5
configure:2777: $? = 0
configure:2878: result: yes
configure:2895: checking for gcc option to accept ISO C89
configure:2969: gcc  -c -g -O2  conftest.c >&5
configure:2976: $? = 0
configure:2999: result: none needed
configure:3023: checking how to run the C preprocessor
configure:3063: gcc -E  conftest.c
configure:3070: $? = 0
configure:3101: gcc -E  conftest.c
conftest.c:8:28: error: ac_nonexistent.h: No such file or directory
configure:3108: $? = 1
configure: failed program was:
| /* confdefs.h.  */
| #define PACKAGE_NAME "dvda-author"
| #define PACKAGE_TARNAME "dvda-author"
| #define PACKAGE_VERSION "09.03"
| #define PACKAGE_STRING "dvda-author 09.03"
| #define PACKAGE_BUGREPORT "fabnicol@users.sourceforge.net"
| /* end confdefs.h.  */
| #include <ac_nonexistent.h>
configure:3141: result: gcc -E
configure:3170: gcc -E  conftest.c
configure:3177: $? = 0
configure:3208: gcc -E  conftest.c
conftest.c:8:28: error: ac_nonexistent.h: No such file or directory
configure:3215: $? = 1
configure: failed program was:
| /* confdefs.h.  */
| #define PACKAGE_NAME "dvda-author"
| #define PACKAGE_TARNAME "dvda-author"
| #define PACKAGE_VERSION "09.03"
| #define PACKAGE_STRING "dvda-author 09.03"
| #define PACKAGE_BUGREPORT "fabnicol@users.sourceforge.net"
| /* end confdefs.h.  */
| #include <ac_nonexistent.h>
configure:3255: checking for grep that handles long lines and -e
configure:3315: result: /usr/bin/grep
configure:3320: checking for egrep
configure:3384: result: /usr/bin/grep -E
configure:3389: checking for ANSI C header files
configure:3419: gcc -c -g -O2  conftest.c >&5
configure:3426: $? = 0
configure:3525: gcc -o conftest -g -O2   conftest.c  >&5
configure:3529: $? = 0
configure:3535: ./conftest
configure:3539: $? = 0
configure:3557: result: yes
configure:3581: checking for sys/types.h
configure:3602: gcc -c -g -O2  conftest.c >&5
configure:3609: $? = 0
configure:3626: result: yes
configure:3581: checking for sys/stat.h
configure:3602: gcc -c -g -O2  conftest.c >&5
configure:3609: $? = 0
configure:3626: result: yes
configure:3581: checking for stdlib.h
configure:3602: gcc -c -g -O2  conftest.c >&5
configure:3609: $? = 0
configure:3626: result: yes
configure:3581: checking for string.h
configure:3602: gcc -c -g -O2  conftest.c >&5
configure:3609: $? = 0
configure:3626: result: yes
configure:3581: checking for memory.h
configure:3602: gcc -c -g -O2  conftest.c >&5
configure:3609: $? = 0
configure:3626: result: yes
configure:3581: checking for strings.h
configure:3602: gcc -c -g -O2  conftest.c >&5
configure:3609: $? = 0
configure:3626: result: yes
configure:3581: checking for inttypes.h
configure:3602: gcc -c -g -O2  conftest.c >&5
configure:3609: $? = 0
configure:3626: result: yes
configure:3581: checking for stdint.h
configure:3602: gcc -c -g -O2  conftest.c >&5
configure:3609: $? = 0
configure:3626: result: yes
configure:3581: checking for unistd.h
configure:3602: gcc -c -g -O2  conftest.c >&5
configure:3609: $? = 0
configure:3626: result: yes
configure:3651: checking minix/config.h usability
configure:3668: gcc -c -g -O2  conftest.c >&5
conftest.c:51:26: error: minix/config.h: No such file or directory
configure:3675: $? = 1
configure: failed program was:
| /* confdefs.h.  */
| #define PACKAGE_NAME "dvda-author"
| #define PACKAGE_TARNAME "dvda-author"
| #define PACKAGE_VERSION "09.03"
| #define PACKAGE_STRING "dvda-author 09.03"
| #define PACKAGE_BUGREPORT "fabnicol@users.sourceforge.net"
| #define STDC_HEADERS 1
| #define HAVE_SYS_TYPES_H 1
| #define HAVE_SYS_STAT_H 1
| #define HAVE_STDLIB_H 1
| #define HAVE_STRING_H 1
| #define HAVE_MEMORY_H 1
| #define HAVE_STRINGS_H 1
| #define HAVE_INTTYPES_H 1
| #define HAVE_STDINT_H 1
| #define HAVE_UNISTD_H 1
| /* end confdefs.h.  */
| #include <stdio.h>
| #ifdef HAVE_SYS_TYPES_H
| # include <sys/types.h>
| #endif
| #ifdef HAVE_SYS_STAT_H
| # include <sys/stat.h>
| #endif
| #ifdef STDC_HEADERS
| # include <stdlib.h>
| # include <stddef.h>
| #else
| # ifdef HAVE_STDLIB_H
| #  include <stdlib.h>
| # endif
| #endif
| #ifdef HAVE_STRING_H
| # if !defined STDC_HEADERS && defined HAVE_MEMORY_H
| #  include <memory.h>
| # endif
| # include <string.h>
| #endif
| #ifdef HAVE_STRINGS_H
| # include <strings.h>
| #endif
| #ifdef HAVE_INTTYPES_H
| # include <inttypes.h>
| #endif
| #ifdef HAVE_STDINT_H
| # include <stdint.h>
| #endif
| #ifdef HAVE_UNISTD_H
| # include <unistd.h>
| #endif
| #include <minix/config.h>
configure:3689: result: no
configure:3693: checking minix/config.h presence
configure:3708: gcc -E  conftest.c
conftest.c:18:26: error: minix/config.h: No such file or directory
configure:3715: $? = 1
configure: failed program was:
| /* confdefs.h.  */
| #define PACKAGE_NAME "dvda-author"
| #define PACKAGE_TARNAME "dvda-author"
| #define PACKAGE_VERSION "09.03"
| #define PACKAGE_STRING "dvda-author 09.03"
| #define PACKAGE_BUGREPORT "fabnicol@users.sourceforge.net"
| #define STDC_HEADERS 1
| #define HAVE_SYS_TYPES_H 1
| #define HAVE_SYS_STAT_H 1
| #define HAVE_STDLIB_H 1
| #define HAVE_STRING_H 1
| #define HAVE_MEMORY_H 1
| #define HAVE_STRINGS_H 1
| #define HAVE_INTTYPES_H 1
| #define HAVE_STDINT_H 1
| #define HAVE_UNISTD_H 1
| /* end confdefs.h.  */
| #include <minix/config.h>
configure:3729: result: no
configure:3762: checking for minix/config.h
configure:3769: result: no
configure:3800: checking whether it is safe to define __EXTENSIONS__
configure:3828: gcc -c -g -O2  conftest.c >&5
configure:3835: $? = 0
configure:3850: result: yes
configure:3931: checking for a BSD-compatible install
configure:3999: result: /usr/bin/install -c
configure:4010: checking whether build environment is sane
configure:4053: result: yes
configure:4078: checking for a thread-safe mkdir -p
configure:4117: result: /usr/local/bin/mkdir -p
configure:4130: checking for gawk
configure:4160: result: no
configure:4130: checking for mawk
configure:4160: result: no
configure:4130: checking for nawk
configure:4160: result: no
configure:4130: checking for awk
configure:4146: found /usr/bin/awk
configure:4157: result: awk
configure:4168: checking whether make sets $(MAKE)
configure:4190: result: yes
configure:4220: checking for style of include used by make
configure:4248: result: GNU
configure:4437: checking dependency style of gcc
configure:4528: result: gcc3
configure:4557: checking build system type
configure:4575: result: i386-apple-darwin9.6.0
configure:4598: Build OS is...darwin9.6.0
configure:4627: checking host system type
configure:4642: result: i386-apple-darwin9.6.0
configure:4664: checking for a sed that does not truncate output
configure:4730: result: /usr/bin/sed
configure:4748: checking for fgrep
configure:4812: result: /usr/bin/grep -F
configure:4847: checking for ld used by gcc
configure:4914: result: /usr/libexec/gcc/i686-apple-darwin9/4.0.1/ld
configure:4923: checking if the linker (/usr/libexec/gcc/i686-apple-darwin9/4.0.1/ld) is GNU ld
configure:4938: result: no
configure:4950: checking for BSD- or MS-compatible name lister (nm)
configure:4999: result: /usr/bin/nm -p
configure:5117: checking the name lister (/usr/bin/nm -p) interface
configure:5124: gcc -c -g -O2  conftest.c >&5
configure:5127: /usr/bin/nm -p "conftest.o"
configure:5130: output
00000170 D _some_variable
configure:5137: result: BSD nm
configure:5140: checking whether ln -s works
configure:5144: result: yes
configure:5152: checking the maximum length of command line arguments
configure:5272: result: 196608
configure:5289: checking whether the shell understands some XSI constructs
configure:5299: result: yes
configure:5303: checking whether the shell understands "+="
configure:5309: result: yes
configure:5344: checking for /usr/libexec/gcc/i686-apple-darwin9/4.0.1/ld option to reload object files
configure:5351: result: -r
configure:5420: checking for objdump
configure:5450: result: no
configure:5479: checking how to recognize dependent libraries
configure:5675: result: pass_all
configure:5735: checking for ar
configure:5751: found /usr/bin/ar
configure:5762: result: ar
configure:5840: checking for strip
configure:5856: found /usr/bin/strip
configure:5867: result: strip
configure:5939: checking for ranlib
configure:5955: found /usr/bin/ranlib
configure:5966: result: ranlib
configure:6056: checking command to parse /usr/bin/nm -p output from gcc object
configure:6174: gcc -c -g -O2  conftest.c >&5
configure:6177: $? = 0
configure:6181: /usr/bin/nm -p conftest.o \| sed -n -e 's/^.*[	 ]\([BCDEGRST][BCDEGRST]*\)[	 ][	 ]*\([_A-Za-z][_A-Za-z0-9]*\)$/\1 \2 \2/p' \> conftest.nm
configure:6184: $? = 0
cannot find nm_test_var in conftest.nm
configure:6174: gcc -c -g -O2  conftest.c >&5
configure:6177: $? = 0
configure:6181: /usr/bin/nm -p conftest.o \| sed -n -e 's/^.*[	 ]\([BCDEGRST][BCDEGRST]*\)[	 ][	 ]*_\([_A-Za-z][_A-Za-z0-9]*\)$/\1 _\2 \2/p' \> conftest.nm
configure:6184: $? = 0
configure:6238: gcc -o conftest -g -O2   conftest.c conftstm.o >&5
configure:6241: $? = 0
configure:6279: result: ok
configure:6572: checking for dsymutil
configure:6588: found /usr/bin/dsymutil
configure:6599: result: dsymutil
configure:6664: checking for nmedit
configure:6680: found /usr/bin/nmedit
configure:6691: result: nmedit
configure:6756: checking for lipo
configure:6772: found /usr/bin/lipo
configure:6783: result: lipo
configure:6848: checking for otool
configure:6864: found /usr/bin/otool
configure:6875: result: otool
configure:6940: checking for otool64
configure:6970: result: no
configure:7015: checking for -single_module linker flag
gcc -g -O2  -o libconftest.dylib -dynamiclib -Wl,-single_module conftest.c
configure:7042: result: yes
configure:7044: checking for -exported_symbols_list linker flag
configure:7074: gcc -o conftest -g -O2   -Wl,-exported_symbols_list,conftest.sym conftest.c  >&5
configure:7081: $? = 0
configure:7103: result: yes
configure:7144: checking for dlfcn.h
configure:7165: gcc -c -g -O2  conftest.c >&5
configure:7172: $? = 0
configure:7189: result: yes
configure:7374: checking for objdir
configure:7389: result: .libs
configure:7685: checking if gcc supports -fno-rtti -fno-exceptions
configure:7703: gcc -c -g -O2  -fno-rtti -fno-exceptions conftest.c >&5
cc1: warning: command line option "-fno-rtti" is valid for C++/ObjC++ but not for C
configure:7707: $? = 0
configure:7720: result: no
configure:7740: checking for gcc option to produce PIC
configure:8012: result: -fno-common -DPIC
configure:8024: checking if gcc PIC flag -fno-common -DPIC works
configure:8042: gcc -c -g -O2  -fno-common -DPIC -DPIC conftest.c >&5
configure:8046: $? = 0
configure:8059: result: yes
configure:8083: checking if gcc static flag -static works
configure:8111: result: no
configure:8126: checking if gcc supports -c -o file.o
configure:8147: gcc -c -g -O2  -o out/conftest2.o conftest.c >&5
configure:8151: $? = 0
configure:8173: result: yes
configure:8181: checking if gcc supports -c -o file.o
configure:8228: result: yes
configure:8261: checking whether the gcc linker (/usr/libexec/gcc/i686-apple-darwin9/4.0.1/ld) supports shared libraries
configure:9335: result: yes
configure:9574: checking dynamic linker characteristics
configure:10257: result: darwin9.6.0 dyld
configure:10359: checking how to hardcode library paths into programs
configure:10384: result: immediate
configure:11217: checking whether stripping libraries is possible
configure:11231: result: yes
configure:11257: checking if libtool supports shared libraries
configure:11259: result: yes
configure:11262: checking whether to build shared libraries
configure:11283: result: no
configure:11286: checking whether to build static libraries
configure:11290: result: yes
configure:11502: checking for library containing FLAC__stream_decoder_init_file
configure:11543: gcc -o conftest -g -O2   -L/usr/lib -L/usr/local/lib conftest.c  >&5
Undefined symbols:
  "_FLAC__stream_decoder_init_file", referenced from:
      _main in cckWQbWF.o
ld: symbol(s) not found
collect2: ld returned 1 exit status
configure:11550: $? = 1
configure: failed program was:
| /* confdefs.h.  */
| #define PACKAGE_NAME "dvda-author"
| #define PACKAGE_TARNAME "dvda-author"
| #define PACKAGE_VERSION "09.03"
| #define PACKAGE_STRING "dvda-author 09.03"
| #define PACKAGE_BUGREPORT "fabnicol@users.sourceforge.net"
| #define STDC_HEADERS 1
| #define HAVE_SYS_TYPES_H 1
| #define HAVE_SYS_STAT_H 1
| #define HAVE_STDLIB_H 1
| #define HAVE_STRING_H 1
| #define HAVE_MEMORY_H 1
| #define HAVE_STRINGS_H 1
| #define HAVE_INTTYPES_H 1
| #define HAVE_STDINT_H 1
| #define HAVE_UNISTD_H 1
| #define __EXTENSIONS__ 1
| #define _ALL_SOURCE 1
| #define _GNU_SOURCE 1
| #define _POSIX_PTHREAD_SEMANTICS 1
| #define _TANDEM_SOURCE 1
| #define PACKAGE "dvda-author"
| #define VERSION "09.03"
| #define HAVE_DLFCN_H 1
| #define LT_OBJDIR ".libs/"
| /* end confdefs.h.  */
| 
| /* Override any GCC internal prototype to avoid an error.
|    Use char because int might match the return type of a GCC
|    builtin and then its argument prototype would still apply.  */
| #ifdef __cplusplus
| extern "C"
| #endif
| char FLAC__stream_decoder_init_file ();
| int
| main ()
| {
| return FLAC__stream_decoder_init_file ();
|   ;
|   return 0;
| }
configure:11543: gcc -o conftest -g -O2   -L/usr/lib -L/usr/local/lib conftest.c -lFLAC   >&5
Undefined symbols:
  "_ogg_sync_wrote", referenced from:
      _FLAC__ogg_decoder_aspect_read_callback_wrapper in libFLAC.a(ogg_decoder_aspect.o)
  "_ogg_page_serialno", referenced from:
      _FLAC__ogg_decoder_aspect_read_callback_wrapper in libFLAC.a(ogg_decoder_aspect.o)
  "_ogg_sync_buffer", referenced from:
      _FLAC__ogg_decoder_aspect_read_callback_wrapper in libFLAC.a(ogg_decoder_aspect.o)
  "_ogg_sync_clear", referenced from:
      _FLAC__ogg_decoder_aspect_finish in libFLAC.a(ogg_decoder_aspect.o)
  "_ogg_stream_packetout", referenced from:
      _FLAC__ogg_decoder_aspect_read_callback_wrapper in libFLAC.a(ogg_decoder_aspect.o)
  "_ogg_stream_reset", referenced from:
      _FLAC__ogg_decoder_aspect_flush in libFLAC.a(ogg_decoder_aspect.o)
      _FLAC__ogg_decoder_aspect_reset in libFLAC.a(ogg_decoder_aspect.o)
  "_ogg_stream_init", referenced from:
      _FLAC__ogg_decoder_aspect_init in libFLAC.a(ogg_decoder_aspect.o)
  "_ogg_sync_init", referenced from:
      _FLAC__ogg_decoder_aspect_init in libFLAC.a(ogg_decoder_aspect.o)
  "_ogg_sync_pageout", referenced from:
      _FLAC__ogg_decoder_aspect_read_callback_wrapper in libFLAC.a(ogg_decoder_aspect.o)
  "_ogg_sync_reset", referenced from:
      _FLAC__ogg_decoder_aspect_flush in libFLAC.a(ogg_decoder_aspect.o)
      _FLAC__ogg_decoder_aspect_reset in libFLAC.a(ogg_decoder_aspect.o)
  "_ogg_stream_pagein", referenced from:
      _FLAC__ogg_decoder_aspect_read_callback_wrapper in libFLAC.a(ogg_decoder_aspect.o)
  "_ogg_stream_clear", referenced from:
      _FLAC__ogg_decoder_aspect_finish in libFLAC.a(ogg_decoder_aspect.o)
ld: symbol(s) not found
collect2: ld returned 1 exit status
configure:11550: $? = 1
configure: failed program was:
| /* confdefs.h.  */
| #define PACKAGE_NAME "dvda-author"
| #define PACKAGE_TARNAME "dvda-author"
| #define PACKAGE_VERSION "09.03"
| #define PACKAGE_STRING "dvda-author 09.03"
| #define PACKAGE_BUGREPORT "fabnicol@users.sourceforge.net"
| #define STDC_HEADERS 1
| #define HAVE_SYS_TYPES_H 1
| #define HAVE_SYS_STAT_H 1
| #define HAVE_STDLIB_H 1
| #define HAVE_STRING_H 1
| #define HAVE_MEMORY_H 1
| #define HAVE_STRINGS_H 1
| #define HAVE_INTTYPES_H 1
| #define HAVE_STDINT_H 1
| #define HAVE_UNISTD_H 1
| #define __EXTENSIONS__ 1
| #define _ALL_SOURCE 1
| #define _GNU_SOURCE 1
| #define _POSIX_PTHREAD_SEMANTICS 1
| #define _TANDEM_SOURCE 1
| #define PACKAGE "dvda-author"
| #define VERSION "09.03"
| #define HAVE_DLFCN_H 1
| #define LT_OBJDIR ".libs/"
| /* end confdefs.h.  */
| 
| /* Override any GCC internal prototype to avoid an error.
|    Use char because int might match the return type of a GCC
|    builtin and then its argument prototype would still apply.  */
| #ifdef __cplusplus
| extern "C"
| #endif
| char FLAC__stream_decoder_init_file ();
| int
| main ()
| {
| return FLAC__stream_decoder_init_file ();
|   ;
|   return 0;
| }
configure:11543: gcc -o conftest -g -O2   -L/usr/lib -L/usr/local/lib conftest.c -lflac   >&5
ld: library not found for -lflac
collect2: ld returned 1 exit status
configure:11550: $? = 1
configure: failed program was:
| /* confdefs.h.  */
| #define PACKAGE_NAME "dvda-author"
| #define PACKAGE_TARNAME "dvda-author"
| #define PACKAGE_VERSION "09.03"
| #define PACKAGE_STRING "dvda-author 09.03"
| #define PACKAGE_BUGREPORT "fabnicol@users.sourceforge.net"
| #define STDC_HEADERS 1
| #define HAVE_SYS_TYPES_H 1
| #define HAVE_SYS_STAT_H 1
| #define HAVE_STDLIB_H 1
| #define HAVE_STRING_H 1
| #define HAVE_MEMORY_H 1
| #define HAVE_STRINGS_H 1
| #define HAVE_INTTYPES_H 1
| #define HAVE_STDINT_H 1
| #define HAVE_UNISTD_H 1
| #define __EXTENSIONS__ 1
| #define _ALL_SOURCE 1
| #define _GNU_SOURCE 1
| #define _POSIX_PTHREAD_SEMANTICS 1
| #define _TANDEM_SOURCE 1
| #define PACKAGE "dvda-author"
| #define VERSION "09.03"
| #define HAVE_DLFCN_H 1
| #define LT_OBJDIR ".libs/"
| /* end confdefs.h.  */
| 
| /* Override any GCC internal prototype to avoid an error.
|    Use char because int might match the return type of a GCC
|    builtin and then its argument prototype would still apply.  */
| #ifdef __cplusplus
| extern "C"
| #endif
| char FLAC__stream_decoder_init_file ();
| int
| main ()
| {
| return FLAC__stream_decoder_init_file ();
|   ;
|   return 0;
| }
configure:11543: gcc -o conftest -g -O2   -L/usr/lib -L/usr/local/lib conftest.c -logg   >&5
Undefined symbols:
  "_FLAC__stream_decoder_init_file", referenced from:
      _main in ccBRNb7x.o
ld: symbol(s) not found
collect2: ld returned 1 exit status
configure:11550: $? = 1
configure: failed program was:
| /* confdefs.h.  */
| #define PACKAGE_NAME "dvda-author"
| #define PACKAGE_TARNAME "dvda-author"
| #define PACKAGE_VERSION "09.03"
| #define PACKAGE_STRING "dvda-author 09.03"
| #define PACKAGE_BUGREPORT "fabnicol@users.sourceforge.net"
| #define STDC_HEADERS 1
| #define HAVE_SYS_TYPES_H 1
| #define HAVE_SYS_STAT_H 1
| #define HAVE_STDLIB_H 1
| #define HAVE_STRING_H 1
| #define HAVE_MEMORY_H 1
| #define HAVE_STRINGS_H 1
| #define HAVE_INTTYPES_H 1
| #define HAVE_STDINT_H 1
| #define HAVE_UNISTD_H 1
| #define __EXTENSIONS__ 1
| #define _ALL_SOURCE 1
| #define _GNU_SOURCE 1
| #define _POSIX_PTHREAD_SEMANTICS 1
| #define _TANDEM_SOURCE 1
| #define PACKAGE "dvda-author"
| #define VERSION "09.03"
| #define HAVE_DLFCN_H 1
| #define LT_OBJDIR ".libs/"
| /* end confdefs.h.  */
| 
| /* Override any GCC internal prototype to avoid an error.
|    Use char because int might match the return type of a GCC
|    builtin and then its argument prototype would still apply.  */
| #ifdef __cplusplus
| extern "C"
| #endif
| char FLAC__stream_decoder_init_file ();
| int
| main ()
| {
| return FLAC__stream_decoder_init_file ();
|   ;
|   return 0;
| }
configure:11581: result: no
configure:11601:

Building FLAC library from sources (not installed)...
Triggering --enable-flac-build...


configure:11646: result: Looking for ogg...
configure:11652: checking for library containing ogg_stream_init 
configure:11693: gcc -o conftest -g -O2   -L/usr/lib -L/usr/local/lib conftest.c  >&5
Undefined symbols:
  "_ogg_stream_init", referenced from:
      _main in ccyTzsdP.o
ld: symbol(s) not found
collect2: ld returned 1 exit status
configure:11700: $? = 1
configure: failed program was:
| /* confdefs.h.  */
| #define PACKAGE_NAME "dvda-author"
| #define PACKAGE_TARNAME "dvda-author"
| #define PACKAGE_VERSION "09.03"
| #define PACKAGE_STRING "dvda-author 09.03"
| #define PACKAGE_BUGREPORT "fabnicol@users.sourceforge.net"
| #define STDC_HEADERS 1
| #define HAVE_SYS_TYPES_H 1
| #define HAVE_SYS_STAT_H 1
| #define HAVE_STDLIB_H 1
| #define HAVE_STRING_H 1
| #define HAVE_MEMORY_H 1
| #define HAVE_STRINGS_H 1
| #define HAVE_INTTYPES_H 1
| #define HAVE_STDINT_H 1
| #define HAVE_UNISTD_H 1
| #define __EXTENSIONS__ 1
| #define _ALL_SOURCE 1
| #define _GNU_SOURCE 1
| #define _POSIX_PTHREAD_SEMANTICS 1
| #define _TANDEM_SOURCE 1
| #define PACKAGE "dvda-author"
| #define VERSION "09.03"
| #define HAVE_DLFCN_H 1
| #define LT_OBJDIR ".libs/"
| /* end confdefs.h.  */
| 
| /* Override any GCC internal prototype to avoid an error.
|    Use char because int might match the return type of a GCC
|    builtin and then its argument prototype would still apply.  */
| #ifdef __cplusplus
| extern "C"
| #endif
| char ogg_stream_init  ();
| int
| main ()
| {
| return ogg_stream_init  ();
|   ;
|   return 0;
| }
configure:11693: gcc -o conftest -g -O2   -L/usr/lib -L/usr/local/lib conftest.c -logg   >&5
configure:11700: $? = 0
configure:11731: result: -logg
configure:11750:

Building ogg library from sources to satisfy libFLAC dependencies...
Triggering --enable-ogg-build...

   
configure:11926: checking for stdlib.h
configure:11933: result: yes
configure:12072: checking for GNU libc compatible malloc
configure:12106: gcc -o conftest -g -O2   -L/usr/lib -L/usr/local/lib conftest.c -logg  >&5
configure:12110: $? = 0
configure:12116: ./conftest
configure:12120: $? = 0
configure:12137: result: yes
configure:12165: checking for working strnlen
configure:12209: gcc -o conftest -g -O2   -L/usr/lib -L/usr/local/lib conftest.c -logg  >&5
Undefined symbols:
  "_strnlen", referenced from:
      _main in ccx7eOmL.o
ld: symbol(s) not found
collect2: ld returned 1 exit status
configure:12213: $? = 1
configure: program exited with status 1
configure: failed program was:
| /* confdefs.h.  */
| #define PACKAGE_NAME "dvda-author"
| #define PACKAGE_TARNAME "dvda-author"
| #define PACKAGE_VERSION "09.03"
| #define PACKAGE_STRING "dvda-author 09.03"
| #define PACKAGE_BUGREPORT "fabnicol@users.sourceforge.net"
| #define STDC_HEADERS 1
| #define HAVE_SYS_TYPES_H 1
| #define HAVE_SYS_STAT_H 1
| #define HAVE_STDLIB_H 1
| #define HAVE_STRING_H 1
| #define HAVE_MEMORY_H 1
| #define HAVE_STRINGS_H 1
| #define HAVE_INTTYPES_H 1
| #define HAVE_STDINT_H 1
| #define HAVE_UNISTD_H 1
| #define __EXTENSIONS__ 1
| #define _ALL_SOURCE 1
| #define _GNU_SOURCE 1
| #define _POSIX_PTHREAD_SEMANTICS 1
| #define _TANDEM_SOURCE 1
| #define PACKAGE "dvda-author"
| #define VERSION "09.03"
| #define HAVE_DLFCN_H 1
| #define LT_OBJDIR ".libs/"
| #define WITHOUT_SOX 1
| #define WITHOUT_FIXWAV 1
| #define HAVE_STDLIB_H 1
| #define HAVE_MALLOC 1
| /* end confdefs.h.  */
| #include <stdio.h>
| #ifdef HAVE_SYS_TYPES_H
| # include <sys/types.h>
| #endif
| #ifdef HAVE_SYS_STAT_H
| # include <sys/stat.h>
| #endif
| #ifdef STDC_HEADERS
| # include <stdlib.h>
| # include <stddef.h>
| #else
| # ifdef HAVE_STDLIB_H
| #  include <stdlib.h>
| # endif
| #endif
| #ifdef HAVE_STRING_H
| # if !defined STDC_HEADERS && defined HAVE_MEMORY_H
| #  include <memory.h>
| # endif
| # include <string.h>
| #endif
| #ifdef HAVE_STRINGS_H
| # include <strings.h>
| #endif
| #ifdef HAVE_INTTYPES_H
| # include <inttypes.h>
| #endif
| #ifdef HAVE_STDINT_H
| # include <stdint.h>
| #endif
| #ifdef HAVE_UNISTD_H
| # include <unistd.h>
| #endif
| int
| main ()
| {
| 
| #define S "foobar"
| #define S_LEN (sizeof S - 1)
| 
|   /* At least one implementation is buggy: that of AIX 4.3 would
|      give strnlen (S, 1) == 3.  */
| 
|   int i;
|   for (i = 0; i < S_LEN + 1; ++i)
|     {
|       int expected = i <= S_LEN ? i : S_LEN;
|       if (strnlen (S, i) != expected)
| 	return 1;
|     }
|   return 0;
| 
|   ;
|   return 0;
| }
configure:12240: result: no
configure:12249: checking for _LARGEFILE_SOURCE value needed for large files
configure:12278: gcc -o conftest -g -O2   -L/usr/lib -L/usr/local/lib conftest.c -logg  >&5
configure:12285: $? = 0
configure:12358: result: no
configure:12404: checking for floor
configure:12460: gcc -o conftest -g -O2   -L/usr/lib -L/usr/local/lib conftest.c -logg  >&5
conftest.c:55: warning: conflicting types for built-in function 'floor'
configure:12467: $? = 0
configure:12489: result: yes
configure:12404: checking for memmove
configure:12460: gcc -o conftest -g -O2   -L/usr/lib -L/usr/local/lib conftest.c -logg  >&5
conftest.c:56: warning: conflicting types for built-in function 'memmove'
configure:12467: $? = 0
configure:12489: result: yes
configure:12404: checking for memset
configure:12460: gcc -o conftest -g -O2   -L/usr/lib -L/usr/local/lib conftest.c -logg  >&5
conftest.c:57: warning: conflicting types for built-in function 'memset'
configure:12467: $? = 0
configure:12489: result: yes
configure:12404: checking for mkdir
configure:12460: gcc -o conftest -g -O2   -L/usr/lib -L/usr/local/lib conftest.c -logg  >&5
configure:12467: $? = 0
configure:12489: result: yes
configure:12404: checking for rmdir
configure:12460: gcc -o conftest -g -O2   -L/usr/lib -L/usr/local/lib conftest.c -logg  >&5
configure:12467: $? = 0
configure:12489: result: yes
configure:12404: checking for setlocale
configure:12460: gcc -o conftest -g -O2   -L/usr/lib -L/usr/local/lib conftest.c -logg  >&5
configure:12467: $? = 0
configure:12489: result: yes
configure:12404: checking for strerror
configure:12460: gcc -o conftest -g -O2   -L/usr/lib -L/usr/local/lib conftest.c -logg  >&5
configure:12467: $? = 0
configure:12489: result: yes
configure:12404: checking for strtol
configure:12460: gcc -o conftest -g -O2   -L/usr/lib -L/usr/local/lib conftest.c -logg  >&5
configure:12467: $? = 0
configure:12489: result: yes
configure:12404: checking for snprintf
configure:12460: gcc -o conftest -g -O2   -L/usr/lib -L/usr/local/lib conftest.c -logg  >&5
conftest.c:63: warning: conflicting types for built-in function 'snprintf'
configure:12467: $? = 0
configure:12489: result: yes
configure:12404: checking for fseek
configure:12460: gcc -o conftest -g -O2   -L/usr/lib -L/usr/local/lib conftest.c -logg  >&5
configure:12467: $? = 0
configure:12489: result: yes
configure:12404: checking for setlocale
configure:12489: result: yes
configure:12404: checking for strchr
configure:12460: gcc -o conftest -g -O2   -L/usr/lib -L/usr/local/lib conftest.c -logg  >&5
conftest.c:66: warning: conflicting types for built-in function 'strchr'
configure:12467: $? = 0
configure:12489: result: yes
configure:12404: checking for strdup
configure:12460: gcc -o conftest -g -O2   -L/usr/lib -L/usr/local/lib conftest.c -logg  >&5
conftest.c:67: warning: conflicting types for built-in function 'strdup'
configure:12467: $? = 0
configure:12489: result: yes
configure:12404: checking for strndup
configure:12460: gcc -o conftest -g -O2   -L/usr/lib -L/usr/local/lib conftest.c -logg  >&5
Undefined symbols:
  "_strndup", referenced from:
      _main in ccCpQbG6.o
ld: symbol(s) not found
collect2: ld returned 1 exit status
configure:12467: $? = 1
configure: failed program was:
| /* confdefs.h.  */
| #define PACKAGE_NAME "dvda-author"
| #define PACKAGE_TARNAME "dvda-author"
| #define PACKAGE_VERSION "09.03"
| #define PACKAGE_STRING "dvda-author 09.03"
| #define PACKAGE_BUGREPORT "fabnicol@users.sourceforge.net"
| #define STDC_HEADERS 1
| #define HAVE_SYS_TYPES_H 1
| #define HAVE_SYS_STAT_H 1
| #define HAVE_STDLIB_H 1
| #define HAVE_STRING_H 1
| #define HAVE_MEMORY_H 1
| #define HAVE_STRINGS_H 1
| #define HAVE_INTTYPES_H 1
| #define HAVE_STDINT_H 1
| #define HAVE_UNISTD_H 1
| #define __EXTENSIONS__ 1
| #define _ALL_SOURCE 1
| #define _GNU_SOURCE 1
| #define _POSIX_PTHREAD_SEMANTICS 1
| #define _TANDEM_SOURCE 1
| #define PACKAGE "dvda-author"
| #define VERSION "09.03"
| #define HAVE_DLFCN_H 1
| #define LT_OBJDIR ".libs/"
| #define WITHOUT_SOX 1
| #define WITHOUT_FIXWAV 1
| #define HAVE_STDLIB_H 1
| #define HAVE_MALLOC 1
| #define HAVE_FSEEKO 1
| #define HAVE_FLOOR 1
| #define HAVE_MEMMOVE 1
| #define HAVE_MEMSET 1
| #define HAVE_MKDIR 1
| #define HAVE_RMDIR 1
| #define HAVE_SETLOCALE 1
| #define HAVE_STRERROR 1
| #define HAVE_STRTOL 1
| #define HAVE_SNPRINTF 1
| #define HAVE_FSEEK 1
| #define HAVE_SETLOCALE 1
| #define HAVE_STRCHR 1
| #define HAVE_STRDUP 1
| /* end confdefs.h.  */
| /* Define strndup to an innocuous variant, in case <limits.h> declares strndup.
|    For example, HP-UX 11i <limits.h> declares gettimeofday.  */
| #define strndup innocuous_strndup
| 
| /* System header to define __stub macros and hopefully few prototypes,
|     which can conflict with char strndup (); below.
|     Prefer <limits.h> to <assert.h> if __STDC__ is defined, since
|     <limits.h> exists even on freestanding compilers.  */
| 
| #ifdef __STDC__
| # include <limits.h>
| #else
| # include <assert.h>
| #endif
| 
| #undef strndup
| 
| /* Override any GCC internal prototype to avoid an error.
|    Use char because int might match the return type of a GCC
|    builtin and then its argument prototype would still apply.  */
| #ifdef __cplusplus
| extern "C"
| #endif
| char strndup ();
| /* The GNU C library defines this for functions which it implements
|     to always fail with ENOSYS.  Some functions are actually named
|     something starting with __ and the normal name is an alias.  */
| #if defined __stub_strndup || defined __stub___strndup
| choke me
| #endif
| 
| int
| main ()
| {
| return strndup ();
|   ;
|   return 0;
| }
configure:12489: result: no
configure:12404: checking for strstr
configure:12460: gcc -o conftest -g -O2   -L/usr/lib -L/usr/local/lib conftest.c -logg  >&5
conftest.c:68: warning: conflicting types for built-in function 'strstr'
configure:12467: $? = 0
configure:12489: result: yes
configure:12404: checking for strnlen
configure:12460: gcc -o conftest -g -O2   -L/usr/lib -L/usr/local/lib conftest.c -logg  >&5
Undefined symbols:
  "_strnlen", referenced from:
      _main in ccklMPv1.o
ld: symbol(s) not found
collect2: ld returned 1 exit status
configure:12467: $? = 1
configure: failed program was:
| /* confdefs.h.  */
| #define PACKAGE_NAME "dvda-author"
| #define PACKAGE_TARNAME "dvda-author"
| #define PACKAGE_VERSION "09.03"
| #define PACKAGE_STRING "dvda-author 09.03"
| #define PACKAGE_BUGREPORT "fabnicol@users.sourceforge.net"
| #define STDC_HEADERS 1
| #define HAVE_SYS_TYPES_H 1
| #define HAVE_SYS_STAT_H 1
| #define HAVE_STDLIB_H 1
| #define HAVE_STRING_H 1
| #define HAVE_MEMORY_H 1
| #define HAVE_STRINGS_H 1
| #define HAVE_INTTYPES_H 1
| #define HAVE_STDINT_H 1
| #define HAVE_UNISTD_H 1
| #define __EXTENSIONS__ 1
| #define _ALL_SOURCE 1
| #define _GNU_SOURCE 1
| #define _POSIX_PTHREAD_SEMANTICS 1
| #define _TANDEM_SOURCE 1
| #define PACKAGE "dvda-author"
| #define VERSION "09.03"
| #define HAVE_DLFCN_H 1
| #define LT_OBJDIR ".libs/"
| #define WITHOUT_SOX 1
| #define WITHOUT_FIXWAV 1
| #define HAVE_STDLIB_H 1
| #define HAVE_MALLOC 1
| #define HAVE_FSEEKO 1
| #define HAVE_FLOOR 1
| #define HAVE_MEMMOVE 1
| #define HAVE_MEMSET 1
| #define HAVE_MKDIR 1
| #define HAVE_RMDIR 1
| #define HAVE_SETLOCALE 1
| #define HAVE_STRERROR 1
| #define HAVE_STRTOL 1
| #define HAVE_SNPRINTF 1
| #define HAVE_FSEEK 1
| #define HAVE_SETLOCALE 1
| #define HAVE_STRCHR 1
| #define HAVE_STRDUP 1
| #define HAVE_STRSTR 1
| /* end confdefs.h.  */
| /* Define strnlen to an innocuous variant, in case <limits.h> declares strnlen.
|    For example, HP-UX 11i <limits.h> declares gettimeofday.  */
| #define strnlen innocuous_strnlen
| 
| /* System header to define __stub macros and hopefully few prototypes,
|     which can conflict with char strnlen (); below.
|     Prefer <limits.h> to <assert.h> if __STDC__ is defined, since
|     <limits.h> exists even on freestanding compilers.  */
| 
| #ifdef __STDC__
| # include <limits.h>
| #else
| # include <assert.h>
| #endif
| 
| #undef strnlen
| 
| /* Override any GCC internal prototype to avoid an error.
|    Use char because int might match the return type of a GCC
|    builtin and then its argument prototype would still apply.  */
| #ifdef __cplusplus
| extern "C"
| #endif
| char strnlen ();
| /* The GNU C library defines this for functions which it implements
|     to always fail with ENOSYS.  Some functions are actually named
|     something starting with __ and the normal name is an alias.  */
| #if defined __stub_strnlen || defined __stub___strnlen
| choke me
| #endif
| 
| int
| main ()
| {
| return strnlen ();
|   ;
|   return 0;
| }
configure:12489: result: no
configure:12404: checking for getsubopt
configure:12460: gcc -o conftest -g -O2   -L/usr/lib -L/usr/local/lib conftest.c -logg  >&5
configure:12467: $? = 0
configure:12489: result: yes
configure:12404: checking for memchr
configure:12460: gcc -o conftest -g -O2   -L/usr/lib -L/usr/local/lib conftest.c -logg  >&5
configure:12467: $? = 0
configure:12489: result: yes
configure:12666: checking for library containing strndup
configure:12707: gcc -o conftest -g -O2   -L/usr/lib -L/usr/local/lib conftest.c -logg  >&5
Undefined symbols:
  "_strndup", referenced from:
      _main in cceBbxC6.o
ld: symbol(s) not found
collect2: ld returned 1 exit status
configure:12714: $? = 1
configure: failed program was:
| /* confdefs.h.  */
| #define PACKAGE_NAME "dvda-author"
| #define PACKAGE_TARNAME "dvda-author"
| #define PACKAGE_VERSION "09.03"
| #define PACKAGE_STRING "dvda-author 09.03"
| #define PACKAGE_BUGREPORT "fabnicol@users.sourceforge.net"
| #define STDC_HEADERS 1
| #define HAVE_SYS_TYPES_H 1
| #define HAVE_SYS_STAT_H 1
| #define HAVE_STDLIB_H 1
| #define HAVE_STRING_H 1
| #define HAVE_MEMORY_H 1
| #define HAVE_STRINGS_H 1
| #define HAVE_INTTYPES_H 1
| #define HAVE_STDINT_H 1
| #define HAVE_UNISTD_H 1
| #define __EXTENSIONS__ 1
| #define _ALL_SOURCE 1
| #define _GNU_SOURCE 1
| #define _POSIX_PTHREAD_SEMANTICS 1
| #define _TANDEM_SOURCE 1
| #define PACKAGE "dvda-author"
| #define VERSION "09.03"
| #define HAVE_DLFCN_H 1
| #define LT_OBJDIR ".libs/"
| #define WITHOUT_SOX 1
| #define WITHOUT_FIXWAV 1
| #define HAVE_STDLIB_H 1
| #define HAVE_MALLOC 1
| #define HAVE_FSEEKO 1
| #define HAVE_FLOOR 1
| #define HAVE_MEMMOVE 1
| #define HAVE_MEMSET 1
| #define HAVE_MKDIR 1
| #define HAVE_RMDIR 1
| #define HAVE_SETLOCALE 1
| #define HAVE_STRERROR 1
| #define HAVE_STRTOL 1
| #define HAVE_SNPRINTF 1
| #define HAVE_FSEEK 1
| #define HAVE_SETLOCALE 1
| #define HAVE_STRCHR 1
| #define HAVE_STRDUP 1
| #define HAVE_STRSTR 1
| #define HAVE_GETSUBOPT 1
| #define HAVE_MEMCHR 1
| /* end confdefs.h.  */
| 
| /* Override any GCC internal prototype to avoid an error.
|    Use char because int might match the return type of a GCC
|    builtin and then its argument prototype would still apply.  */
| #ifdef __cplusplus
| extern "C"
| #endif
| char strndup ();
| int
| main ()
| {
| return strndup ();
|   ;
|   return 0;
| }
configure:12707: gcc -o conftest -g -O2   -L/usr/lib -L/usr/local/lib conftest.c -liberty  -logg  >&5
ld: library not found for -liberty
collect2: ld returned 1 exit status
configure:12714: $? = 1
configure: failed program was:
| /* confdefs.h.  */
| #define PACKAGE_NAME "dvda-author"
| #define PACKAGE_TARNAME "dvda-author"
| #define PACKAGE_VERSION "09.03"
| #define PACKAGE_STRING "dvda-author 09.03"
| #define PACKAGE_BUGREPORT "fabnicol@users.sourceforge.net"
| #define STDC_HEADERS 1
| #define HAVE_SYS_TYPES_H 1
| #define HAVE_SYS_STAT_H 1
| #define HAVE_STDLIB_H 1
| #define HAVE_STRING_H 1
| #define HAVE_MEMORY_H 1
| #define HAVE_STRINGS_H 1
| #define HAVE_INTTYPES_H 1
| #define HAVE_STDINT_H 1
| #define HAVE_UNISTD_H 1
| #define __EXTENSIONS__ 1
| #define _ALL_SOURCE 1
| #define _GNU_SOURCE 1
| #define _POSIX_PTHREAD_SEMANTICS 1
| #define _TANDEM_SOURCE 1
| #define PACKAGE "dvda-author"
| #define VERSION "09.03"
| #define HAVE_DLFCN_H 1
| #define LT_OBJDIR ".libs/"
| #define WITHOUT_SOX 1
| #define WITHOUT_FIXWAV 1
| #define HAVE_STDLIB_H 1
| #define HAVE_MALLOC 1
| #define HAVE_FSEEKO 1
| #define HAVE_FLOOR 1
| #define HAVE_MEMMOVE 1
| #define HAVE_MEMSET 1
| #define HAVE_MKDIR 1
| #define HAVE_RMDIR 1
| #define HAVE_SETLOCALE 1
| #define HAVE_STRERROR 1
| #define HAVE_STRTOL 1
| #define HAVE_SNPRINTF 1
| #define HAVE_FSEEK 1
| #define HAVE_SETLOCALE 1
| #define HAVE_STRCHR 1
| #define HAVE_STRDUP 1
| #define HAVE_STRSTR 1
| #define HAVE_GETSUBOPT 1
| #define HAVE_MEMCHR 1
| /* end confdefs.h.  */
| 
| /* Override any GCC internal prototype to avoid an error.
|    Use char because int might match the return type of a GCC
|    builtin and then its argument prototype would still apply.  */
| #ifdef __cplusplus
| extern "C"
| #endif
| char strndup ();
| int
| main ()
| {
| return strndup ();
|   ;
|   return 0;
| }
configure:12745: result: no
configure:12762: result: Other platforms: Compiling without libiberty, using LIBOBJ
configure:12840: checking whether to try building ALSA sound driver
configure:12849: result: no
configure:13144: checking for a BSD-compatible install
configure:13212: result: /usr/bin/install -c
configure:13223: checking whether ln -s works
configure:13227: result: yes
configure:13234: checking whether make sets $(MAKE)
configure:13256: result: yes
configure:13266: checking whether gcc and cc understand -c and -o together
configure:13301: gcc -c conftest.c -o conftest2.o >&5
configure:13305: $? = 0
configure:13311: gcc -c conftest.c -o conftest2.o >&5
configure:13315: $? = 0
configure:13326: cc -c conftest.c >&5
configure:13330: $? = 0
configure:13338: cc -c conftest.c -o conftest2.o >&5
configure:13342: $? = 0
configure:13348: cc -c conftest.c -o conftest2.o >&5
configure:13352: $? = 0
configure:13370: result: yes
configure:13399: checking for gcc option to accept ISO C99
configure:13558: gcc  -c -g -O2  conftest.c >&5
conftest.c:99: error: syntax error before 'text'
conftest.c: In function 'test_restrict':
conftest.c:104: error: 'for' loop initial declaration used outside C99 mode
conftest.c:104: error: 'text' undeclared (first use in this function)
conftest.c:104: error: (Each undeclared identifier is reported only once
conftest.c:104: error: for each function it appears in.)
conftest.c: In function 'main':
conftest.c:153: error: nested functions are disabled, use -fnested-functions to re-enable
conftest.c:153: error: syntax error before 'newvar'
conftest.c:163: error: 'for' loop initial declaration used outside C99 mode
conftest.c:179: error: 'newvar' undeclared (first use in this function)
configure:13565: $? = 1
configure: failed program was:
| /* confdefs.h.  */
| #define PACKAGE_NAME "dvda-author"
| #define PACKAGE_TARNAME "dvda-author"
| #define PACKAGE_VERSION "09.03"
| #define PACKAGE_STRING "dvda-author 09.03"
| #define PACKAGE_BUGREPORT "fabnicol@users.sourceforge.net"
| #define STDC_HEADERS 1
| #define HAVE_SYS_TYPES_H 1
| #define HAVE_SYS_STAT_H 1
| #define HAVE_STDLIB_H 1
| #define HAVE_STRING_H 1
| #define HAVE_MEMORY_H 1
| #define HAVE_STRINGS_H 1
| #define HAVE_INTTYPES_H 1
| #define HAVE_STDINT_H 1
| #define HAVE_UNISTD_H 1
| #define __EXTENSIONS__ 1
| #define _ALL_SOURCE 1
| #define _GNU_SOURCE 1
| #define _POSIX_PTHREAD_SEMANTICS 1
| #define _TANDEM_SOURCE 1
| #define PACKAGE "dvda-author"
| #define VERSION "09.03"
| #define HAVE_DLFCN_H 1
| #define LT_OBJDIR ".libs/"
| #define WITHOUT_SOX 1
| #define WITHOUT_FIXWAV 1
| #define HAVE_STDLIB_H 1
| #define HAVE_MALLOC 1
| #define HAVE_FSEEKO 1
| #define HAVE_FLOOR 1
| #define HAVE_MEMMOVE 1
| #define HAVE_MEMSET 1
| #define HAVE_MKDIR 1
| #define HAVE_RMDIR 1
| #define HAVE_SETLOCALE 1
| #define HAVE_STRERROR 1
| #define HAVE_STRTOL 1
| #define HAVE_SNPRINTF 1
| #define HAVE_FSEEK 1
| #define HAVE_SETLOCALE 1
| #define HAVE_STRCHR 1
| #define HAVE_STRDUP 1
| #define HAVE_STRSTR 1
| #define HAVE_GETSUBOPT 1
| #define HAVE_MEMCHR 1
| #define HAVE_NO_LIBERTY 1
| /* end confdefs.h.  */
| #include <stdarg.h>
| #include <stdbool.h>
| #include <stdlib.h>
| #include <wchar.h>
| #include <stdio.h>
| 
| // Check varargs macros.  These examples are taken from C99 6.10.3.5.
| #define debug(...) fprintf (stderr, __VA_ARGS__)
| #define showlist(...) puts (#__VA_ARGS__)
| #define report(test,...) ((test) ? puts (#test) : printf (__VA_ARGS__))
| static void
| test_varargs_macros (void)
| {
|   int x = 1234;
|   int y = 5678;
|   debug ("Flag");
|   debug ("X = %d\n", x);
|   showlist (The first, second, and third items.);
|   report (x>y, "x is %d but y is %d", x, y);
| }
| 
| // Check long long types.
| #define BIG64 18446744073709551615ull
| #define BIG32 4294967295ul
| #define BIG_OK (BIG64 / BIG32 == 4294967297ull && BIG64 % BIG32 == 0)
| #if !BIG_OK
|   your preprocessor is broken;
| #endif
| #if BIG_OK
| #else
|   your preprocessor is broken;
| #endif
| static long long int bignum = -9223372036854775807LL;
| static unsigned long long int ubignum = BIG64;
| 
| struct incomplete_array
| {
|   int datasize;
|   double data[];
| };
| 
| struct named_init {
|   int number;
|   const wchar_t *name;
|   double average;
| };
| 
| typedef const char *ccp;
| 
| static inline int
| test_restrict (ccp restrict text)
| {
|   // See if C++-style comments work.
|   // Iterate through items via the restricted pointer.
|   // Also check for declarations in for loops.
|   for (unsigned int i = 0; *(text+i) != '\0'; ++i)
|     continue;
|   return 0;
| }
| 
| // Check varargs and va_copy.
| static void
| test_varargs (const char *format, ...)
| {
|   va_list args;
|   va_start (args, format);
|   va_list args_copy;
|   va_copy (args_copy, args);
| 
|   const char *str;
|   int number;
|   float fnumber;
| 
|   while (*format)
|     {
|       switch (*format++)
| 	{
| 	case 's': // string
| 	  str = va_arg (args_copy, const char *);
| 	  break;
| 	case 'd': // int
| 	  number = va_arg (args_copy, int);
| 	  break;
| 	case 'f': // float
| 	  fnumber = va_arg (args_copy, double);
| 	  break;
| 	default:
| 	  break;
| 	}
|     }
|   va_end (args_copy);
|   va_end (args);
| }
| 
| int
| main ()
| {
| 
|   // Check bool.
|   _Bool success = false;
| 
|   // Check restrict.
|   if (test_restrict ("String literal") == 0)
|     success = true;
|   char *restrict newvar = "Another string";
| 
|   // Check varargs.
|   test_varargs ("s, d' f .", "string", 65, 34.234);
|   test_varargs_macros ();
| 
|   // Check flexible array members.
|   struct incomplete_array *ia =
|     malloc (sizeof (struct incomplete_array) + (sizeof (double) * 10));
|   ia->datasize = 10;
|   for (int i = 0; i < ia->datasize; ++i)
|     ia->data[i] = i * 1.234;
| 
|   // Check named initializers.
|   struct named_init ni = {
|     .number = 34,
|     .name = L"Test wide string",
|     .average = 543.34343,
|   };
| 
|   ni.number = 58;
| 
|   int dynamic_array[ni.number];
|   dynamic_array[ni.number - 1] = 543;
| 
|   // work around unused variable warnings
|   return (!success || bignum == 0LL || ubignum == 0uLL || newvar[0] == 'x'
| 	  || dynamic_array[ni.number - 1] != 543);
| 
|   ;
|   return 0;
| }
configure:13558: gcc -std=gnu99 -c -g -O2  conftest.c >&5
configure:13565: $? = 0
configure:13595: result: -std=gnu99
configure:13726: checking for gcc -std=gnu99 option to accept ISO Standard C
configure:13737: result: -std=gnu99
configure:13823: checking C99 struct flexible array support
configure:13858: gcc -std=gnu99 -o conftest  -g -O2   -L/usr/lib -L/usr/local/lib conftest.c  >&5
configure:13865: $? = 0
configure:13886: result: yes
configure:13889: checking C99 has size-variable array support
configure:13924: gcc -std=gnu99 -o conftest  -g -O2   -L/usr/lib -L/usr/local/lib conftest.c  >&5
configure:13931: $? = 0
configure:13952: result: yes
configure:13967: checking for variable-length arrays
configure:13993: gcc -std=gnu99 -c  -g -O2  conftest.c >&5
configure:14000: $? = 0
configure:14015: result: yes
configure:14025: checking for an ANSI C-conforming const
configure:14100: gcc -std=gnu99 -c  -g -O2  conftest.c >&5
configure:14107: $? = 0
configure:14122: result: yes
configure:14132: checking for inline
configure:14158: gcc -std=gnu99 -c  -g -O2  conftest.c >&5
configure:14165: $? = 0
configure:14183: result: inline
configure:14209: checking processor byte ordering
configure:14360: gcc -std=gnu99 -o conftest  -g -O2   -L/usr/lib -L/usr/local/lib conftest.c  >&5
configure:14367: $? = 0
configure:14402: gcc -std=gnu99 -o conftest  -g -O2   -L/usr/lib -L/usr/local/lib conftest.c  >&5
configure:14409: $? = 0
configure:14457: gcc -std=gnu99 -o conftest  -g -O2   -L/usr/lib -L/usr/local/lib conftest.c  >&5
configure:14464: $? = 0
configure:14638: result: little
configure:14699: checking for dirent.h that defines DIR
configure:14728: gcc -std=gnu99 -c  -g -O2  -DCPU_IS_LITTLE_ENDIAN  conftest.c >&5
configure:14735: $? = 0
configure:14752: result: yes
configure:14767: checking for library containing opendir
configure:14808: gcc -std=gnu99 -o conftest  -g -O2  -DCPU_IS_LITTLE_ENDIAN   -L/usr/lib -L/usr/local/lib conftest.c  >&5
configure:14815: $? = 0
configure:14846: result: none required
configure:14944: checking for stdbool.h that conforms to C99
configure:15039: gcc -std=gnu99 -c  -g -O2  -DCPU_IS_LITTLE_ENDIAN  conftest.c >&5
configure:15046: $? = 0
configure:15061: result: yes
configure:15063: checking for _Bool
configure:15091: gcc -std=gnu99 -c  -g -O2  -DCPU_IS_LITTLE_ENDIAN  conftest.c >&5
configure:15098: $? = 0
configure:15125: gcc -std=gnu99 -c  -g -O2  -DCPU_IS_LITTLE_ENDIAN  conftest.c >&5
conftest.c: In function 'main':
conftest.c:90: error: syntax error before ')' token
configure:15132: $? = 1
configure: failed program was:
| /* confdefs.h.  */
| #define PACKAGE_NAME "dvda-author"
| #define PACKAGE_TARNAME "dvda-author"
| #define PACKAGE_VERSION "09.03"
| #define PACKAGE_STRING "dvda-author 09.03"
| #define PACKAGE_BUGREPORT "fabnicol@users.sourceforge.net"
| #define STDC_HEADERS 1
| #define HAVE_SYS_TYPES_H 1
| #define HAVE_SYS_STAT_H 1
| #define HAVE_STDLIB_H 1
| #define HAVE_STRING_H 1
| #define HAVE_MEMORY_H 1
| #define HAVE_STRINGS_H 1
| #define HAVE_INTTYPES_H 1
| #define HAVE_STDINT_H 1
| #define HAVE_UNISTD_H 1
| #define __EXTENSIONS__ 1
| #define _ALL_SOURCE 1
| #define _GNU_SOURCE 1
| #define _POSIX_PTHREAD_SEMANTICS 1
| #define _TANDEM_SOURCE 1
| #define PACKAGE "dvda-author"
| #define VERSION "09.03"
| #define HAVE_DLFCN_H 1
| #define LT_OBJDIR ".libs/"
| #define WITHOUT_SOX 1
| #define WITHOUT_FIXWAV 1
| #define HAVE_STDLIB_H 1
| #define HAVE_MALLOC 1
| #define HAVE_FSEEKO 1
| #define HAVE_FLOOR 1
| #define HAVE_MEMMOVE 1
| #define HAVE_MEMSET 1
| #define HAVE_MKDIR 1
| #define HAVE_RMDIR 1
| #define HAVE_SETLOCALE 1
| #define HAVE_STRERROR 1
| #define HAVE_STRTOL 1
| #define HAVE_SNPRINTF 1
| #define HAVE_FSEEK 1
| #define HAVE_SETLOCALE 1
| #define HAVE_STRCHR 1
| #define HAVE_STRDUP 1
| #define HAVE_STRSTR 1
| #define HAVE_GETSUBOPT 1
| #define HAVE_MEMCHR 1
| #define HAVE_NO_LIBERTY 1
| #define ALWAYS_INLINE 1
| #define HAVE_C_VARARRAYS 1
| #define CPU_IS_BIG_ENDIAN 0
| #define CPU_IS_LITTLE_ENDIAN 1
| #define HAVE_DIRENT_H 1
| /* end confdefs.h.  */
| #include <stdio.h>
| #ifdef HAVE_SYS_TYPES_H
| # include <sys/types.h>
| #endif
| #ifdef HAVE_SYS_STAT_H
| # include <sys/stat.h>
| #endif
| #ifdef STDC_HEADERS
| # include <stdlib.h>
| # include <stddef.h>
| #else
| # ifdef HAVE_STDLIB_H
| #  include <stdlib.h>
| # endif
| #endif
| #ifdef HAVE_STRING_H
| # if !defined STDC_HEADERS && defined HAVE_MEMORY_H
| #  include <memory.h>
| # endif
| # include <string.h>
| #endif
| #ifdef HAVE_STRINGS_H
| # include <strings.h>
| #endif
| #ifdef HAVE_INTTYPES_H
| # include <inttypes.h>
| #endif
| #ifdef HAVE_STDINT_H
| # include <stdint.h>
| #endif
| #ifdef HAVE_UNISTD_H
| # include <unistd.h>
| #endif
| int
| main ()
| {
| if (sizeof ((_Bool)))
| 	  return 0;
|   ;
|   return 0;
| }
configure:15155: result: yes
configure:15200: checking errno.h usability
configure:15217: gcc -std=gnu99 -c  -g -O2  -DCPU_IS_LITTLE_ENDIAN  conftest.c >&5
configure:15224: $? = 0
configure:15238: result: yes
configure:15242: checking errno.h presence
configure:15257: gcc -E  conftest.c
configure:15264: $? = 0
configure:15278: result: yes
configure:15311: checking for errno.h
configure:15320: result: yes
configure:15189: checking for sys/stat.h
configure:15196: result: yes
configure:15200: checking time.h usability
configure:15217: gcc -std=gnu99 -c  -g -O2  -DCPU_IS_LITTLE_ENDIAN  conftest.c >&5
configure:15224: $? = 0
configure:15238: result: yes
configure:15242: checking time.h presence
configure:15257: gcc -E  conftest.c
configure:15264: $? = 0
configure:15278: result: yes
configure:15311: checking for time.h
configure:15320: result: yes
configure:15189: checking for inttypes.h
configure:15196: result: yes
configure:15200: checking locale.h usability
configure:15217: gcc -std=gnu99 -c  -g -O2  -DCPU_IS_LITTLE_ENDIAN  conftest.c >&5
configure:15224: $? = 0
configure:15238: result: yes
configure:15242: checking locale.h presence
configure:15257: gcc -E  conftest.c
configure:15264: $? = 0
configure:15278: result: yes
configure:15311: checking for locale.h
configure:15320: result: yes
configure:15189: checking for stdint.h
configure:15196: result: yes
configure:15189: checking for stdlib.h
configure:15196: result: yes
configure:15189: checking for string.h
configure:15196: result: yes
configure:15200: checking sys/time.h usability
configure:15217: gcc -std=gnu99 -c  -g -O2  -DCPU_IS_LITTLE_ENDIAN  conftest.c >&5
configure:15224: $? = 0
configure:15238: result: yes
configure:15242: checking sys/time.h presence
configure:15257: gcc -E  conftest.c
configure:15264: $? = 0
configure:15278: result: yes
configure:15311: checking for sys/time.h
configure:15320: result: yes
configure:15189: checking for unistd.h
configure:15196: result: yes
configure:15200: checking fnctl.h usability
configure:15217: gcc -std=gnu99 -c  -g -O2  -DCPU_IS_LITTLE_ENDIAN  conftest.c >&5
conftest.c:99:19: error: fnctl.h: No such file or directory
configure:15224: $? = 1
configure: failed program was:
| /* confdefs.h.  */
| #define PACKAGE_NAME "dvda-author"
| #define PACKAGE_TARNAME "dvda-author"
| #define PACKAGE_VERSION "09.03"
| #define PACKAGE_STRING "dvda-author 09.03"
| #define PACKAGE_BUGREPORT "fabnicol@users.sourceforge.net"
| #define STDC_HEADERS 1
| #define HAVE_SYS_TYPES_H 1
| #define HAVE_SYS_STAT_H 1
| #define HAVE_STDLIB_H 1
| #define HAVE_STRING_H 1
| #define HAVE_MEMORY_H 1
| #define HAVE_STRINGS_H 1
| #define HAVE_INTTYPES_H 1
| #define HAVE_STDINT_H 1
| #define HAVE_UNISTD_H 1
| #define __EXTENSIONS__ 1
| #define _ALL_SOURCE 1
| #define _GNU_SOURCE 1
| #define _POSIX_PTHREAD_SEMANTICS 1
| #define _TANDEM_SOURCE 1
| #define PACKAGE "dvda-author"
| #define VERSION "09.03"
| #define HAVE_DLFCN_H 1
| #define LT_OBJDIR ".libs/"
| #define WITHOUT_SOX 1
| #define WITHOUT_FIXWAV 1
| #define HAVE_STDLIB_H 1
| #define HAVE_MALLOC 1
| #define HAVE_FSEEKO 1
| #define HAVE_FLOOR 1
| #define HAVE_MEMMOVE 1
| #define HAVE_MEMSET 1
| #define HAVE_MKDIR 1
| #define HAVE_RMDIR 1
| #define HAVE_SETLOCALE 1
| #define HAVE_STRERROR 1
| #define HAVE_STRTOL 1
| #define HAVE_SNPRINTF 1
| #define HAVE_FSEEK 1
| #define HAVE_SETLOCALE 1
| #define HAVE_STRCHR 1
| #define HAVE_STRDUP 1
| #define HAVE_STRSTR 1
| #define HAVE_GETSUBOPT 1
| #define HAVE_MEMCHR 1
| #define HAVE_NO_LIBERTY 1
| #define ALWAYS_INLINE 1
| #define HAVE_C_VARARRAYS 1
| #define CPU_IS_BIG_ENDIAN 0
| #define CPU_IS_LITTLE_ENDIAN 1
| #define HAVE_DIRENT_H 1
| #define HAVE__BOOL 1
| #define HAVE_STDBOOL_H 1
| #define HAVE_ERRNO_H 1
| #define HAVE_SYS_STAT_H 1
| #define HAVE_TIME_H 1
| #define HAVE_INTTYPES_H 1
| #define HAVE_LOCALE_H 1
| #define HAVE_STDINT_H 1
| #define HAVE_STDLIB_H 1
| #define HAVE_STRING_H 1
| #define HAVE_SYS_TIME_H 1
| #define HAVE_UNISTD_H 1
| /* end confdefs.h.  */
| #include <stdio.h>
| #ifdef HAVE_SYS_TYPES_H
| # include <sys/types.h>
| #endif
| #ifdef HAVE_SYS_STAT_H
| # include <sys/stat.h>
| #endif
| #ifdef STDC_HEADERS
| # include <stdlib.h>
| # include <stddef.h>
| #else
| # ifdef HAVE_STDLIB_H
| #  include <stdlib.h>
| # endif
| #endif
| #ifdef HAVE_STRING_H
| # if !defined STDC_HEADERS && defined HAVE_MEMORY_H
| #  include <memory.h>
| # endif
| # include <string.h>
| #endif
| #ifdef HAVE_STRINGS_H
| # include <strings.h>
| #endif
| #ifdef HAVE_INTTYPES_H
| # include <inttypes.h>
| #endif
| #ifdef HAVE_STDINT_H
| # include <stdint.h>
| #endif
| #ifdef HAVE_UNISTD_H
| # include <unistd.h>
| #endif
| #include <fnctl.h>
configure:15238: result: no
configure:15242: checking fnctl.h presence
configure:15257: gcc -E  conftest.c
conftest.c:66:19: error: fnctl.h: No such file or directory
configure:15264: $? = 1
configure: failed program was:
| /* confdefs.h.  */
| #define PACKAGE_NAME "dvda-author"
| #define PACKAGE_TARNAME "dvda-author"
| #define PACKAGE_VERSION "09.03"
| #define PACKAGE_STRING "dvda-author 09.03"
| #define PACKAGE_BUGREPORT "fabnicol@users.sourceforge.net"
| #define STDC_HEADERS 1
| #define HAVE_SYS_TYPES_H 1
| #define HAVE_SYS_STAT_H 1
| #define HAVE_STDLIB_H 1
| #define HAVE_STRING_H 1
| #define HAVE_MEMORY_H 1
| #define HAVE_STRINGS_H 1
| #define HAVE_INTTYPES_H 1
| #define HAVE_STDINT_H 1
| #define HAVE_UNISTD_H 1
| #define __EXTENSIONS__ 1
| #define _ALL_SOURCE 1
| #define _GNU_SOURCE 1
| #define _POSIX_PTHREAD_SEMANTICS 1
| #define _TANDEM_SOURCE 1
| #define PACKAGE "dvda-author"
| #define VERSION "09.03"
| #define HAVE_DLFCN_H 1
| #define LT_OBJDIR ".libs/"
| #define WITHOUT_SOX 1
| #define WITHOUT_FIXWAV 1
| #define HAVE_STDLIB_H 1
| #define HAVE_MALLOC 1
| #define HAVE_FSEEKO 1
| #define HAVE_FLOOR 1
| #define HAVE_MEMMOVE 1
| #define HAVE_MEMSET 1
| #define HAVE_MKDIR 1
| #define HAVE_RMDIR 1
| #define HAVE_SETLOCALE 1
| #define HAVE_STRERROR 1
| #define HAVE_STRTOL 1
| #define HAVE_SNPRINTF 1
| #define HAVE_FSEEK 1
| #define HAVE_SETLOCALE 1
| #define HAVE_STRCHR 1
| #define HAVE_STRDUP 1
| #define HAVE_STRSTR 1
| #define HAVE_GETSUBOPT 1
| #define HAVE_MEMCHR 1
| #define HAVE_NO_LIBERTY 1
| #define ALWAYS_INLINE 1
| #define HAVE_C_VARARRAYS 1
| #define CPU_IS_BIG_ENDIAN 0
| #define CPU_IS_LITTLE_ENDIAN 1
| #define HAVE_DIRENT_H 1
| #define HAVE__BOOL 1
| #define HAVE_STDBOOL_H 1
| #define HAVE_ERRNO_H 1
| #define HAVE_SYS_STAT_H 1
| #define HAVE_TIME_H 1
| #define HAVE_INTTYPES_H 1
| #define HAVE_LOCALE_H 1
| #define HAVE_STDINT_H 1
| #define HAVE_STDLIB_H 1
| #define HAVE_STRING_H 1
| #define HAVE_SYS_TIME_H 1
| #define HAVE_UNISTD_H 1
| /* end confdefs.h.  */
| #include <fnctl.h>
configure:15278: result: no
configure:15311: checking for fnctl.h
configure:15320: result: no
configure:15340: checking for an ANSI C-conforming const
configure:15437: result: yes
configure:15448: checking for int16_t
configure:15479: gcc -std=gnu99 -c  -g -O2  -DCPU_IS_LITTLE_ENDIAN  conftest.c >&5
configure:15486: $? = 0
configure:15515: gcc -std=gnu99 -c  -g -O2  -DCPU_IS_LITTLE_ENDIAN  conftest.c >&5
conftest.c: In function 'main':
conftest.c:103: error: size of array 'test_array' is negative
configure:15522: $? = 1
configure: failed program was:
| /* confdefs.h.  */
| #define PACKAGE_NAME "dvda-author"
| #define PACKAGE_TARNAME "dvda-author"
| #define PACKAGE_VERSION "09.03"
| #define PACKAGE_STRING "dvda-author 09.03"
| #define PACKAGE_BUGREPORT "fabnicol@users.sourceforge.net"
| #define STDC_HEADERS 1
| #define HAVE_SYS_TYPES_H 1
| #define HAVE_SYS_STAT_H 1
| #define HAVE_STDLIB_H 1
| #define HAVE_STRING_H 1
| #define HAVE_MEMORY_H 1
| #define HAVE_STRINGS_H 1
| #define HAVE_INTTYPES_H 1
| #define HAVE_STDINT_H 1
| #define HAVE_UNISTD_H 1
| #define __EXTENSIONS__ 1
| #define _ALL_SOURCE 1
| #define _GNU_SOURCE 1
| #define _POSIX_PTHREAD_SEMANTICS 1
| #define _TANDEM_SOURCE 1
| #define PACKAGE "dvda-author"
| #define VERSION "09.03"
| #define HAVE_DLFCN_H 1
| #define LT_OBJDIR ".libs/"
| #define WITHOUT_SOX 1
| #define WITHOUT_FIXWAV 1
| #define HAVE_STDLIB_H 1
| #define HAVE_MALLOC 1
| #define HAVE_FSEEKO 1
| #define HAVE_FLOOR 1
| #define HAVE_MEMMOVE 1
| #define HAVE_MEMSET 1
| #define HAVE_MKDIR 1
| #define HAVE_RMDIR 1
| #define HAVE_SETLOCALE 1
| #define HAVE_STRERROR 1
| #define HAVE_STRTOL 1
| #define HAVE_SNPRINTF 1
| #define HAVE_FSEEK 1
| #define HAVE_SETLOCALE 1
| #define HAVE_STRCHR 1
| #define HAVE_STRDUP 1
| #define HAVE_STRSTR 1
| #define HAVE_GETSUBOPT 1
| #define HAVE_MEMCHR 1
| #define HAVE_NO_LIBERTY 1
| #define ALWAYS_INLINE 1
| #define HAVE_C_VARARRAYS 1
| #define CPU_IS_BIG_ENDIAN 0
| #define CPU_IS_LITTLE_ENDIAN 1
| #define HAVE_DIRENT_H 1
| #define HAVE__BOOL 1
| #define HAVE_STDBOOL_H 1
| #define HAVE_ERRNO_H 1
| #define HAVE_SYS_STAT_H 1
| #define HAVE_TIME_H 1
| #define HAVE_INTTYPES_H 1
| #define HAVE_LOCALE_H 1
| #define HAVE_STDINT_H 1
| #define HAVE_STDLIB_H 1
| #define HAVE_STRING_H 1
| #define HAVE_SYS_TIME_H 1
| #define HAVE_UNISTD_H 1
| /* end confdefs.h.  */
| #include <stdio.h>
| #ifdef HAVE_SYS_TYPES_H
| # include <sys/types.h>
| #endif
| #ifdef HAVE_SYS_STAT_H
| # include <sys/stat.h>
| #endif
| #ifdef STDC_HEADERS
| # include <stdlib.h>
| # include <stddef.h>
| #else
| # ifdef HAVE_STDLIB_H
| #  include <stdlib.h>
| # endif
| #endif
| #ifdef HAVE_STRING_H
| # if !defined STDC_HEADERS && defined HAVE_MEMORY_H
| #  include <memory.h>
| # endif
| # include <string.h>
| #endif
| #ifdef HAVE_STRINGS_H
| # include <strings.h>
| #endif
| #ifdef HAVE_INTTYPES_H
| # include <inttypes.h>
| #endif
| #ifdef HAVE_STDINT_H
| # include <stdint.h>
| #endif
| #ifdef HAVE_UNISTD_H
| # include <unistd.h>
| #endif
| int
| main ()
| {
| static int test_array [1 - 2 * !((int16_t) ((((int16_t) 1 << (16 - 2)) - 1) * 2 + 1)
| 		 < (int16_t) ((((int16_t) 1 << (16 - 2)) - 1) * 2 + 2))];
| test_array [0] = 0
| 
|   ;
|   return 0;
| }
configure:15551: result: yes
configure:15564: checking for int32_t
configure:15595: gcc -std=gnu99 -c  -g -O2  -DCPU_IS_LITTLE_ENDIAN  conftest.c >&5
configure:15602: $? = 0
configure:15631: gcc -std=gnu99 -c  -g -O2  -DCPU_IS_LITTLE_ENDIAN  conftest.c >&5
conftest.c: In function 'main':
conftest.c:103: warning: integer overflow in expression
conftest.c:103: error: size of array 'test_array' is negative
configure:15638: $? = 1
configure: failed program was:
| /* confdefs.h.  */
| #define PACKAGE_NAME "dvda-author"
| #define PACKAGE_TARNAME "dvda-author"
| #define PACKAGE_VERSION "09.03"
| #define PACKAGE_STRING "dvda-author 09.03"
| #define PACKAGE_BUGREPORT "fabnicol@users.sourceforge.net"
| #define STDC_HEADERS 1
| #define HAVE_SYS_TYPES_H 1
| #define HAVE_SYS_STAT_H 1
| #define HAVE_STDLIB_H 1
| #define HAVE_STRING_H 1
| #define HAVE_MEMORY_H 1
| #define HAVE_STRINGS_H 1
| #define HAVE_INTTYPES_H 1
| #define HAVE_STDINT_H 1
| #define HAVE_UNISTD_H 1
| #define __EXTENSIONS__ 1
| #define _ALL_SOURCE 1
| #define _GNU_SOURCE 1
| #define _POSIX_PTHREAD_SEMANTICS 1
| #define _TANDEM_SOURCE 1
| #define PACKAGE "dvda-author"
| #define VERSION "09.03"
| #define HAVE_DLFCN_H 1
| #define LT_OBJDIR ".libs/"
| #define WITHOUT_SOX 1
| #define WITHOUT_FIXWAV 1
| #define HAVE_STDLIB_H 1
| #define HAVE_MALLOC 1
| #define HAVE_FSEEKO 1
| #define HAVE_FLOOR 1
| #define HAVE_MEMMOVE 1
| #define HAVE_MEMSET 1
| #define HAVE_MKDIR 1
| #define HAVE_RMDIR 1
| #define HAVE_SETLOCALE 1
| #define HAVE_STRERROR 1
| #define HAVE_STRTOL 1
| #define HAVE_SNPRINTF 1
| #define HAVE_FSEEK 1
| #define HAVE_SETLOCALE 1
| #define HAVE_STRCHR 1
| #define HAVE_STRDUP 1
| #define HAVE_STRSTR 1
| #define HAVE_GETSUBOPT 1
| #define HAVE_MEMCHR 1
| #define HAVE_NO_LIBERTY 1
| #define ALWAYS_INLINE 1
| #define HAVE_C_VARARRAYS 1
| #define CPU_IS_BIG_ENDIAN 0
| #define CPU_IS_LITTLE_ENDIAN 1
| #define HAVE_DIRENT_H 1
| #define HAVE__BOOL 1
| #define HAVE_STDBOOL_H 1
| #define HAVE_ERRNO_H 1
| #define HAVE_SYS_STAT_H 1
| #define HAVE_TIME_H 1
| #define HAVE_INTTYPES_H 1
| #define HAVE_LOCALE_H 1
| #define HAVE_STDINT_H 1
| #define HAVE_STDLIB_H 1
| #define HAVE_STRING_H 1
| #define HAVE_SYS_TIME_H 1
| #define HAVE_UNISTD_H 1
| /* end confdefs.h.  */
| #include <stdio.h>
| #ifdef HAVE_SYS_TYPES_H
| # include <sys/types.h>
| #endif
| #ifdef HAVE_SYS_STAT_H
| # include <sys/stat.h>
| #endif
| #ifdef STDC_HEADERS
| # include <stdlib.h>
| # include <stddef.h>
| #else
| # ifdef HAVE_STDLIB_H
| #  include <stdlib.h>
| # endif
| #endif
| #ifdef HAVE_STRING_H
| # if !defined STDC_HEADERS && defined HAVE_MEMORY_H
| #  include <memory.h>
| # endif
| # include <string.h>
| #endif
| #ifdef HAVE_STRINGS_H
| # include <strings.h>
| #endif
| #ifdef HAVE_INTTYPES_H
| # include <inttypes.h>
| #endif
| #ifdef HAVE_STDINT_H
| # include <stdint.h>
| #endif
| #ifdef HAVE_UNISTD_H
| # include <unistd.h>
| #endif
| int
| main ()
| {
| static int test_array [1 - 2 * !((int32_t) ((((int32_t) 1 << (32 - 2)) - 1) * 2 + 1)
| 		 < (int32_t) ((((int32_t) 1 << (32 - 2)) - 1) * 2 + 2))];
| test_array [0] = 0
| 
|   ;
|   return 0;
| }
configure:15667: result: yes
configure:15680: checking for int64_t
configure:15711: gcc -std=gnu99 -c  -g -O2  -DCPU_IS_LITTLE_ENDIAN  conftest.c >&5
configure:15718: $? = 0
configure:15747: gcc -std=gnu99 -c  -g -O2  -DCPU_IS_LITTLE_ENDIAN  conftest.c >&5
conftest.c: In function 'main':
conftest.c:103: warning: integer overflow in expression
conftest.c:103: error: size of array 'test_array' is negative
configure:15754: $? = 1
configure: failed program was:
| /* confdefs.h.  */
| #define PACKAGE_NAME "dvda-author"
| #define PACKAGE_TARNAME "dvda-author"
| #define PACKAGE_VERSION "09.03"
| #define PACKAGE_STRING "dvda-author 09.03"
| #define PACKAGE_BUGREPORT "fabnicol@users.sourceforge.net"
| #define STDC_HEADERS 1
| #define HAVE_SYS_TYPES_H 1
| #define HAVE_SYS_STAT_H 1
| #define HAVE_STDLIB_H 1
| #define HAVE_STRING_H 1
| #define HAVE_MEMORY_H 1
| #define HAVE_STRINGS_H 1
| #define HAVE_INTTYPES_H 1
| #define HAVE_STDINT_H 1
| #define HAVE_UNISTD_H 1
| #define __EXTENSIONS__ 1
| #define _ALL_SOURCE 1
| #define _GNU_SOURCE 1
| #define _POSIX_PTHREAD_SEMANTICS 1
| #define _TANDEM_SOURCE 1
| #define PACKAGE "dvda-author"
| #define VERSION "09.03"
| #define HAVE_DLFCN_H 1
| #define LT_OBJDIR ".libs/"
| #define WITHOUT_SOX 1
| #define WITHOUT_FIXWAV 1
| #define HAVE_STDLIB_H 1
| #define HAVE_MALLOC 1
| #define HAVE_FSEEKO 1
| #define HAVE_FLOOR 1
| #define HAVE_MEMMOVE 1
| #define HAVE_MEMSET 1
| #define HAVE_MKDIR 1
| #define HAVE_RMDIR 1
| #define HAVE_SETLOCALE 1
| #define HAVE_STRERROR 1
| #define HAVE_STRTOL 1
| #define HAVE_SNPRINTF 1
| #define HAVE_FSEEK 1
| #define HAVE_SETLOCALE 1
| #define HAVE_STRCHR 1
| #define HAVE_STRDUP 1
| #define HAVE_STRSTR 1
| #define HAVE_GETSUBOPT 1
| #define HAVE_MEMCHR 1
| #define HAVE_NO_LIBERTY 1
| #define ALWAYS_INLINE 1
| #define HAVE_C_VARARRAYS 1
| #define CPU_IS_BIG_ENDIAN 0
| #define CPU_IS_LITTLE_ENDIAN 1
| #define HAVE_DIRENT_H 1
| #define HAVE__BOOL 1
| #define HAVE_STDBOOL_H 1
| #define HAVE_ERRNO_H 1
| #define HAVE_SYS_STAT_H 1
| #define HAVE_TIME_H 1
| #define HAVE_INTTYPES_H 1
| #define HAVE_LOCALE_H 1
| #define HAVE_STDINT_H 1
| #define HAVE_STDLIB_H 1
| #define HAVE_STRING_H 1
| #define HAVE_SYS_TIME_H 1
| #define HAVE_UNISTD_H 1
| /* end confdefs.h.  */
| #include <stdio.h>
| #ifdef HAVE_SYS_TYPES_H
| # include <sys/types.h>
| #endif
| #ifdef HAVE_SYS_STAT_H
| # include <sys/stat.h>
| #endif
| #ifdef STDC_HEADERS
| # include <stdlib.h>
| # include <stddef.h>
| #else
| # ifdef HAVE_STDLIB_H
| #  include <stdlib.h>
| # endif
| #endif
| #ifdef HAVE_STRING_H
| # if !defined STDC_HEADERS && defined HAVE_MEMORY_H
| #  include <memory.h>
| # endif
| # include <string.h>
| #endif
| #ifdef HAVE_STRINGS_H
| # include <strings.h>
| #endif
| #ifdef HAVE_INTTYPES_H
| # include <inttypes.h>
| #endif
| #ifdef HAVE_STDINT_H
| # include <stdint.h>
| #endif
| #ifdef HAVE_UNISTD_H
| # include <unistd.h>
| #endif
| int
| main ()
| {
| static int test_array [1 - 2 * !((int64_t) ((((int64_t) 1 << (64 - 2)) - 1) * 2 + 1)
| 		 < (int64_t) ((((int64_t) 1 << (64 - 2)) - 1) * 2 + 2))];
| test_array [0] = 0
| 
|   ;
|   return 0;
| }
configure:15783: result: yes
configure:15795: checking for mode_t
configure:15823: gcc -std=gnu99 -c  -g -O2  -DCPU_IS_LITTLE_ENDIAN  conftest.c >&5
configure:15830: $? = 0
configure:15857: gcc -std=gnu99 -c  -g -O2  -DCPU_IS_LITTLE_ENDIAN  conftest.c >&5
conftest.c: In function 'main':
conftest.c:102: error: syntax error before ')' token
configure:15864: $? = 1
configure: failed program was:
| /* confdefs.h.  */
| #define PACKAGE_NAME "dvda-author"
| #define PACKAGE_TARNAME "dvda-author"
| #define PACKAGE_VERSION "09.03"
| #define PACKAGE_STRING "dvda-author 09.03"
| #define PACKAGE_BUGREPORT "fabnicol@users.sourceforge.net"
| #define STDC_HEADERS 1
| #define HAVE_SYS_TYPES_H 1
| #define HAVE_SYS_STAT_H 1
| #define HAVE_STDLIB_H 1
| #define HAVE_STRING_H 1
| #define HAVE_MEMORY_H 1
| #define HAVE_STRINGS_H 1
| #define HAVE_INTTYPES_H 1
| #define HAVE_STDINT_H 1
| #define HAVE_UNISTD_H 1
| #define __EXTENSIONS__ 1
| #define _ALL_SOURCE 1
| #define _GNU_SOURCE 1
| #define _POSIX_PTHREAD_SEMANTICS 1
| #define _TANDEM_SOURCE 1
| #define PACKAGE "dvda-author"
| #define VERSION "09.03"
| #define HAVE_DLFCN_H 1
| #define LT_OBJDIR ".libs/"
| #define WITHOUT_SOX 1
| #define WITHOUT_FIXWAV 1
| #define HAVE_STDLIB_H 1
| #define HAVE_MALLOC 1
| #define HAVE_FSEEKO 1
| #define HAVE_FLOOR 1
| #define HAVE_MEMMOVE 1
| #define HAVE_MEMSET 1
| #define HAVE_MKDIR 1
| #define HAVE_RMDIR 1
| #define HAVE_SETLOCALE 1
| #define HAVE_STRERROR 1
| #define HAVE_STRTOL 1
| #define HAVE_SNPRINTF 1
| #define HAVE_FSEEK 1
| #define HAVE_SETLOCALE 1
| #define HAVE_STRCHR 1
| #define HAVE_STRDUP 1
| #define HAVE_STRSTR 1
| #define HAVE_GETSUBOPT 1
| #define HAVE_MEMCHR 1
| #define HAVE_NO_LIBERTY 1
| #define ALWAYS_INLINE 1
| #define HAVE_C_VARARRAYS 1
| #define CPU_IS_BIG_ENDIAN 0
| #define CPU_IS_LITTLE_ENDIAN 1
| #define HAVE_DIRENT_H 1
| #define HAVE__BOOL 1
| #define HAVE_STDBOOL_H 1
| #define HAVE_ERRNO_H 1
| #define HAVE_SYS_STAT_H 1
| #define HAVE_TIME_H 1
| #define HAVE_INTTYPES_H 1
| #define HAVE_LOCALE_H 1
| #define HAVE_STDINT_H 1
| #define HAVE_STDLIB_H 1
| #define HAVE_STRING_H 1
| #define HAVE_SYS_TIME_H 1
| #define HAVE_UNISTD_H 1
| /* end confdefs.h.  */
| #include <stdio.h>
| #ifdef HAVE_SYS_TYPES_H
| # include <sys/types.h>
| #endif
| #ifdef HAVE_SYS_STAT_H
| # include <sys/stat.h>
| #endif
| #ifdef STDC_HEADERS
| # include <stdlib.h>
| # include <stddef.h>
| #else
| # ifdef HAVE_STDLIB_H
| #  include <stdlib.h>
| # endif
| #endif
| #ifdef HAVE_STRING_H
| # if !defined STDC_HEADERS && defined HAVE_MEMORY_H
| #  include <memory.h>
| # endif
| # include <string.h>
| #endif
| #ifdef HAVE_STRINGS_H
| # include <strings.h>
| #endif
| #ifdef HAVE_INTTYPES_H
| # include <inttypes.h>
| #endif
| #ifdef HAVE_STDINT_H
| # include <stdint.h>
| #endif
| #ifdef HAVE_UNISTD_H
| # include <unistd.h>
| #endif
| int
| main ()
| {
| if (sizeof ((mode_t)))
| 	  return 0;
|   ;
|   return 0;
| }
configure:15887: result: yes
configure:15899: checking for off_t
configure:15927: gcc -std=gnu99 -c  -g -O2  -DCPU_IS_LITTLE_ENDIAN  conftest.c >&5
configure:15934: $? = 0
configure:15961: gcc -std=gnu99 -c  -g -O2  -DCPU_IS_LITTLE_ENDIAN  conftest.c >&5
conftest.c: In function 'main':
conftest.c:102: error: syntax error before ')' token
configure:15968: $? = 1
configure: failed program was:
| /* confdefs.h.  */
| #define PACKAGE_NAME "dvda-author"
| #define PACKAGE_TARNAME "dvda-author"
| #define PACKAGE_VERSION "09.03"
| #define PACKAGE_STRING "dvda-author 09.03"
| #define PACKAGE_BUGREPORT "fabnicol@users.sourceforge.net"
| #define STDC_HEADERS 1
| #define HAVE_SYS_TYPES_H 1
| #define HAVE_SYS_STAT_H 1
| #define HAVE_STDLIB_H 1
| #define HAVE_STRING_H 1
| #define HAVE_MEMORY_H 1
| #define HAVE_STRINGS_H 1
| #define HAVE_INTTYPES_H 1
| #define HAVE_STDINT_H 1
| #define HAVE_UNISTD_H 1
| #define __EXTENSIONS__ 1
| #define _ALL_SOURCE 1
| #define _GNU_SOURCE 1
| #define _POSIX_PTHREAD_SEMANTICS 1
| #define _TANDEM_SOURCE 1
| #define PACKAGE "dvda-author"
| #define VERSION "09.03"
| #define HAVE_DLFCN_H 1
| #define LT_OBJDIR ".libs/"
| #define WITHOUT_SOX 1
| #define WITHOUT_FIXWAV 1
| #define HAVE_STDLIB_H 1
| #define HAVE_MALLOC 1
| #define HAVE_FSEEKO 1
| #define HAVE_FLOOR 1
| #define HAVE_MEMMOVE 1
| #define HAVE_MEMSET 1
| #define HAVE_MKDIR 1
| #define HAVE_RMDIR 1
| #define HAVE_SETLOCALE 1
| #define HAVE_STRERROR 1
| #define HAVE_STRTOL 1
| #define HAVE_SNPRINTF 1
| #define HAVE_FSEEK 1
| #define HAVE_SETLOCALE 1
| #define HAVE_STRCHR 1
| #define HAVE_STRDUP 1
| #define HAVE_STRSTR 1
| #define HAVE_GETSUBOPT 1
| #define HAVE_MEMCHR 1
| #define HAVE_NO_LIBERTY 1
| #define ALWAYS_INLINE 1
| #define HAVE_C_VARARRAYS 1
| #define CPU_IS_BIG_ENDIAN 0
| #define CPU_IS_LITTLE_ENDIAN 1
| #define HAVE_DIRENT_H 1
| #define HAVE__BOOL 1
| #define HAVE_STDBOOL_H 1
| #define HAVE_ERRNO_H 1
| #define HAVE_SYS_STAT_H 1
| #define HAVE_TIME_H 1
| #define HAVE_INTTYPES_H 1
| #define HAVE_LOCALE_H 1
| #define HAVE_STDINT_H 1
| #define HAVE_STDLIB_H 1
| #define HAVE_STRING_H 1
| #define HAVE_SYS_TIME_H 1
| #define HAVE_UNISTD_H 1
| /* end confdefs.h.  */
| #include <stdio.h>
| #ifdef HAVE_SYS_TYPES_H
| # include <sys/types.h>
| #endif
| #ifdef HAVE_SYS_STAT_H
| # include <sys/stat.h>
| #endif
| #ifdef STDC_HEADERS
| # include <stdlib.h>
| # include <stddef.h>
| #else
| # ifdef HAVE_STDLIB_H
| #  include <stdlib.h>
| # endif
| #endif
| #ifdef HAVE_STRING_H
| # if !defined STDC_HEADERS && defined HAVE_MEMORY_H
| #  include <memory.h>
| # endif
| # include <string.h>
| #endif
| #ifdef HAVE_STRINGS_H
| # include <strings.h>
| #endif
| #ifdef HAVE_INTTYPES_H
| # include <inttypes.h>
| #endif
| #ifdef HAVE_STDINT_H
| # include <stdint.h>
| #endif
| #ifdef HAVE_UNISTD_H
| # include <unistd.h>
| #endif
| int
| main ()
| {
| if (sizeof ((off_t)))
| 	  return 0;
|   ;
|   return 0;
| }
configure:15991: result: yes
configure:16003: checking for size_t
configure:16031: gcc -std=gnu99 -c  -g -O2  -DCPU_IS_LITTLE_ENDIAN  conftest.c >&5
configure:16038: $? = 0
configure:16065: gcc -std=gnu99 -c  -g -O2  -DCPU_IS_LITTLE_ENDIAN  conftest.c >&5
conftest.c: In function 'main':
conftest.c:102: error: syntax error before ')' token
configure:16072: $? = 1
configure: failed program was:
| /* confdefs.h.  */
| #define PACKAGE_NAME "dvda-author"
| #define PACKAGE_TARNAME "dvda-author"
| #define PACKAGE_VERSION "09.03"
| #define PACKAGE_STRING "dvda-author 09.03"
| #define PACKAGE_BUGREPORT "fabnicol@users.sourceforge.net"
| #define STDC_HEADERS 1
| #define HAVE_SYS_TYPES_H 1
| #define HAVE_SYS_STAT_H 1
| #define HAVE_STDLIB_H 1
| #define HAVE_STRING_H 1
| #define HAVE_MEMORY_H 1
| #define HAVE_STRINGS_H 1
| #define HAVE_INTTYPES_H 1
| #define HAVE_STDINT_H 1
| #define HAVE_UNISTD_H 1
| #define __EXTENSIONS__ 1
| #define _ALL_SOURCE 1
| #define _GNU_SOURCE 1
| #define _POSIX_PTHREAD_SEMANTICS 1
| #define _TANDEM_SOURCE 1
| #define PACKAGE "dvda-author"
| #define VERSION "09.03"
| #define HAVE_DLFCN_H 1
| #define LT_OBJDIR ".libs/"
| #define WITHOUT_SOX 1
| #define WITHOUT_FIXWAV 1
| #define HAVE_STDLIB_H 1
| #define HAVE_MALLOC 1
| #define HAVE_FSEEKO 1
| #define HAVE_FLOOR 1
| #define HAVE_MEMMOVE 1
| #define HAVE_MEMSET 1
| #define HAVE_MKDIR 1
| #define HAVE_RMDIR 1
| #define HAVE_SETLOCALE 1
| #define HAVE_STRERROR 1
| #define HAVE_STRTOL 1
| #define HAVE_SNPRINTF 1
| #define HAVE_FSEEK 1
| #define HAVE_SETLOCALE 1
| #define HAVE_STRCHR 1
| #define HAVE_STRDUP 1
| #define HAVE_STRSTR 1
| #define HAVE_GETSUBOPT 1
| #define HAVE_MEMCHR 1
| #define HAVE_NO_LIBERTY 1
| #define ALWAYS_INLINE 1
| #define HAVE_C_VARARRAYS 1
| #define CPU_IS_BIG_ENDIAN 0
| #define CPU_IS_LITTLE_ENDIAN 1
| #define HAVE_DIRENT_H 1
| #define HAVE__BOOL 1
| #define HAVE_STDBOOL_H 1
| #define HAVE_ERRNO_H 1
| #define HAVE_SYS_STAT_H 1
| #define HAVE_TIME_H 1
| #define HAVE_INTTYPES_H 1
| #define HAVE_LOCALE_H 1
| #define HAVE_STDINT_H 1
| #define HAVE_STDLIB_H 1
| #define HAVE_STRING_H 1
| #define HAVE_SYS_TIME_H 1
| #define HAVE_UNISTD_H 1
| /* end confdefs.h.  */
| #include <stdio.h>
| #ifdef HAVE_SYS_TYPES_H
| # include <sys/types.h>
| #endif
| #ifdef HAVE_SYS_STAT_H
| # include <sys/stat.h>
| #endif
| #ifdef STDC_HEADERS
| # include <stdlib.h>
| # include <stddef.h>
| #else
| # ifdef HAVE_STDLIB_H
| #  include <stdlib.h>
| # endif
| #endif
| #ifdef HAVE_STRING_H
| # if !defined STDC_HEADERS && defined HAVE_MEMORY_H
| #  include <memory.h>
| # endif
| # include <string.h>
| #endif
| #ifdef HAVE_STRINGS_H
| # include <strings.h>
| #endif
| #ifdef HAVE_INTTYPES_H
| # include <inttypes.h>
| #endif
| #ifdef HAVE_STDINT_H
| # include <stdint.h>
| #endif
| #ifdef HAVE_UNISTD_H
| # include <unistd.h>
| #endif
| int
| main ()
| {
| if (sizeof ((size_t)))
| 	  return 0;
|   ;
|   return 0;
| }
configure:16095: result: yes
configure:16107: checking whether struct tm is in sys/time.h or time.h
configure:16137: gcc -std=gnu99 -c  -g -O2  -DCPU_IS_LITTLE_ENDIAN  conftest.c >&5
configure:16144: $? = 0
configure:16159: result: time.h
configure:16170: checking for uint16_t
configure:16201: gcc -std=gnu99 -c  -g -O2  -DCPU_IS_LITTLE_ENDIAN  conftest.c >&5
configure:16208: $? = 0
configure:16229: result: yes
configure:16243: checking for uint32_t
configure:16274: gcc -std=gnu99 -c  -g -O2  -DCPU_IS_LITTLE_ENDIAN  conftest.c >&5
configure:16281: $? = 0
configure:16302: result: yes
configure:16320: checking for uint64_t
configure:16351: gcc -std=gnu99 -c  -g -O2  -DCPU_IS_LITTLE_ENDIAN  conftest.c >&5
configure:16358: $? = 0
configure:16379: result: yes
configure:16397: checking for uint8_t
configure:16428: gcc -std=gnu99 -c  -g -O2  -DCPU_IS_LITTLE_ENDIAN  conftest.c >&5
configure:16435: $? = 0
configure:16456: result: yes
configure:16473: checking for fpos_t
configure:16501: gcc -std=gnu99 -c  -g -O2  -DCPU_IS_LITTLE_ENDIAN  conftest.c >&5
configure:16508: $? = 0
configure:16535: gcc -std=gnu99 -c  -g -O2  -DCPU_IS_LITTLE_ENDIAN  conftest.c >&5
conftest.c: In function 'main':
conftest.c:102: error: syntax error before ')' token
configure:16542: $? = 1
configure: failed program was:
| /* confdefs.h.  */
| #define PACKAGE_NAME "dvda-author"
| #define PACKAGE_TARNAME "dvda-author"
| #define PACKAGE_VERSION "09.03"
| #define PACKAGE_STRING "dvda-author 09.03"
| #define PACKAGE_BUGREPORT "fabnicol@users.sourceforge.net"
| #define STDC_HEADERS 1
| #define HAVE_SYS_TYPES_H 1
| #define HAVE_SYS_STAT_H 1
| #define HAVE_STDLIB_H 1
| #define HAVE_STRING_H 1
| #define HAVE_MEMORY_H 1
| #define HAVE_STRINGS_H 1
| #define HAVE_INTTYPES_H 1
| #define HAVE_STDINT_H 1
| #define HAVE_UNISTD_H 1
| #define __EXTENSIONS__ 1
| #define _ALL_SOURCE 1
| #define _GNU_SOURCE 1
| #define _POSIX_PTHREAD_SEMANTICS 1
| #define _TANDEM_SOURCE 1
| #define PACKAGE "dvda-author"
| #define VERSION "09.03"
| #define HAVE_DLFCN_H 1
| #define LT_OBJDIR ".libs/"
| #define WITHOUT_SOX 1
| #define WITHOUT_FIXWAV 1
| #define HAVE_STDLIB_H 1
| #define HAVE_MALLOC 1
| #define HAVE_FSEEKO 1
| #define HAVE_FLOOR 1
| #define HAVE_MEMMOVE 1
| #define HAVE_MEMSET 1
| #define HAVE_MKDIR 1
| #define HAVE_RMDIR 1
| #define HAVE_SETLOCALE 1
| #define HAVE_STRERROR 1
| #define HAVE_STRTOL 1
| #define HAVE_SNPRINTF 1
| #define HAVE_FSEEK 1
| #define HAVE_SETLOCALE 1
| #define HAVE_STRCHR 1
| #define HAVE_STRDUP 1
| #define HAVE_STRSTR 1
| #define HAVE_GETSUBOPT 1
| #define HAVE_MEMCHR 1
| #define HAVE_NO_LIBERTY 1
| #define ALWAYS_INLINE 1
| #define HAVE_C_VARARRAYS 1
| #define CPU_IS_BIG_ENDIAN 0
| #define CPU_IS_LITTLE_ENDIAN 1
| #define HAVE_DIRENT_H 1
| #define HAVE__BOOL 1
| #define HAVE_STDBOOL_H 1
| #define HAVE_ERRNO_H 1
| #define HAVE_SYS_STAT_H 1
| #define HAVE_TIME_H 1
| #define HAVE_INTTYPES_H 1
| #define HAVE_LOCALE_H 1
| #define HAVE_STDINT_H 1
| #define HAVE_STDLIB_H 1
| #define HAVE_STRING_H 1
| #define HAVE_SYS_TIME_H 1
| #define HAVE_UNISTD_H 1
| /* end confdefs.h.  */
| #include <stdio.h>
| #ifdef HAVE_SYS_TYPES_H
| # include <sys/types.h>
| #endif
| #ifdef HAVE_SYS_STAT_H
| # include <sys/stat.h>
| #endif
| #ifdef STDC_HEADERS
| # include <stdlib.h>
| # include <stddef.h>
| #else
| # ifdef HAVE_STDLIB_H
| #  include <stdlib.h>
| # endif
| #endif
| #ifdef HAVE_STRING_H
| # if !defined STDC_HEADERS && defined HAVE_MEMORY_H
| #  include <memory.h>
| # endif
| # include <string.h>
| #endif
| #ifdef HAVE_STRINGS_H
| # include <strings.h>
| #endif
| #ifdef HAVE_INTTYPES_H
| # include <inttypes.h>
| #endif
| #ifdef HAVE_STDINT_H
| # include <stdint.h>
| #endif
| #ifdef HAVE_UNISTD_H
| # include <unistd.h>
| #endif
| int
| main ()
| {
| if (sizeof ((fpos_t)))
| 	  return 0;
|   ;
|   return 0;
| }
configure:16565: result: yes
configure:16573: result: fpos_t exists on platform
configure:16594: checking for special C compiler options needed for large files
configure:16689: result: no
configure:16695: checking for _FILE_OFFSET_BITS value needed for large files
configure:16730: gcc -std=gnu99 -c  -g -O2  -DCPU_IS_LITTLE_ENDIAN  conftest.c >&5
configure:16737: $? = 0
configure:16806: result: no
configure:17013: Configuring dvda-author...
configure:17141: creating ./config.status

## ---------------------- ##
## Running config.status. ##
## ---------------------- ##

This file was extended by dvda-author config.status 09.03, which was
generated by GNU Autoconf 2.63.  Invocation command line was

  CONFIG_FILES    = 
  CONFIG_HEADERS  = 
  CONFIG_LINKS    = 
  CONFIG_COMMANDS = 
  $ ./config.status 

on Mac-Mini.local

config.status:1093: creating Makefile
config.status:1093: creating dvda-author.desktop
config.status:1093: creating dvda-author.nsi
config.status:1093: creating src/Makefile
config.status:1093: creating src/include/Makefile
config.status:1093: creating libutils/Makefile
config.status:1093: creating libutils/include/Makefile
config.status:1093: creating libutils/private/Makefile
config.status:1093: creating fixwav/Makefile
config.status:1093: creating fixwav/src/Makefile
config.status:1093: creating fixwav/src/include/Makefile
config.status:1093: creating fixwav/CB_project/Makefile
config.status:1093: creating fixwav/CB_project/fixwav/Makefile
config.status:1093: creating fixwav/CB_project/libfixwav/Makefile
config.status:1093: creating fixwav/images/Makefile
config.status:1093: creating libFLAC/Makefile
config.status:1093: creating libFLAC/config/Makefile
config.status:1093: creating libFLAC/FLAC/Makefile
config.status:1093: creating libFLAC/private/Makefile
config.status:1093: creating libFLAC/share/Makefile
config.status:1093: creating libFLAC/share/grabbag/Makefile
config.status:1093: creating libFLAC/protected/Makefile
config.status:1093: creating libFLAC/include/libogg/Makefile
config.status:1093: creating libFLAC/include/libogg/src/Makefile
config.status:1093: creating libFLAC/include/libogg/include/Makefile
config.status:1093: creating libFLAC/include/libogg/include/ogg/Makefile
config.status:1093: creating libFLAC/include/libogg/include/ogg/config_types.h
config.status:1093: creating libFLAC/include/libogg/win32/Makefile
config.status:1093: creating libFLAC/include/libogg/ogg.pc
config.status:1093: creating libFLAC/include/libogg/ogg-uninstalled.pc
config.status:1093: creating CB_project/Makefile
config.status:1093: creating CB_project/dvda-author/Makefile
config.status:1093: creating CB_project/libc_utils/Makefile
config.status:1093: creating CB_project/libfixwav/Makefile
config.status:1093: creating CB_project/libFLAC/Makefile
config.status:1093: creating CB_project/libogg/Makefile
config.status:1093: creating CB_project/libats2wav/Makefile
config.status:1093: creating CB_project/libsoxconvert/Makefile
config.status:1093: creating CB_project/libsox/Makefile
config.status:1093: creating glibc/Makefile
config.status:1093: creating libats2wav/Makefile
config.status:1093: creating images/Makefile
config.status:1093: creating libsoxconvert/Makefile
config.status:1093: creating libsoxconvert/src/Makefile
config.status:1093: creating libsoxconvert/libgsm/Makefile
config.status:1093: creating libsoxconvert/lpc10/Makefile
config.status:1093: creating libsoxconvert/sox.pc
config.status:1093: creating config.h
config.status:1367: executing depfiles commands
config.status:1367: executing libtool commands
configure:19478: === configuring in libFLAC (/Users/maarten/Downloads/dvda-author-09.03/libFLAC)
configure:19581: running /bin/sh ./configure --disable-option-checking '--prefix=/usr'  '--disable-shared' '--without-sox' '--without-fixwav' '--disable-alsa' --cache-file=/dev/null --srcdir=.
configure:19636: result:

*************************************************
* dvda-author was configured
*************************************************

You can now build dvda-author by issuing 'make'.
When the build is complete, become root and install
it by issuing 'make install'.
A dvda-author man page will be installed on Unix system

  Configuration summary :

    Version : ..................... 09.03

    Dependencies:
                 ...................fixwav/libfixwav13.a
                 ...................${top_builddir}/libFLAC/libFLAC121.a
                 ...................${top_builddir}/libFLAC/include/libogg/src/libogg.a
                 ...................

    Build libraries:
                    libFLAC ........yes
                    libogg  ........yes
                    libsox  ........no
                    gnu libc .......no
                    libats2wav .....yes
                    libutils .......yes

    Ogg FLAC support:
                     ...............yes


configure:19675: result:
  Tools :
         Compiler is GCC : ............. yes

configure:19710: result:     Machine is little-endian
configure:19726: result:
  Installation directories :
    prefix is: ..................../usr
    exec_prefix is: ...............${prefix}
    Library directory: ........... /usr/lib
    Program directory: ........... /usr/bin
    Man pages: ................... /usr/share/man/man1
    Documentation directory: ..... /usr/share/doc/dvda-author
    Images directory: ............ /usr/share/pixmaps
    Configuration files: ......... /usr/share/applications



## ---------------- ##
## Cache variables. ##
## ---------------- ##

ac_cv_build=i386-apple-darwin9.6.0
ac_cv_c99_flexible_array=yes
ac_cv_c99_size_variable_static_array=yes
ac_cv_c_big_endian=0
ac_cv_c_byte_order=little
ac_cv_c_compiler_gnu=yes
ac_cv_c_const=yes
ac_cv_c_inline=inline
ac_cv_c_int16_t=yes
ac_cv_c_int32_t=yes
ac_cv_c_int64_t=yes
ac_cv_c_little_endian=1
ac_cv_c_uint16_t=yes
ac_cv_c_uint32_t=yes
ac_cv_c_uint64_t=yes
ac_cv_c_uint8_t=yes
ac_cv_c_vararrays=yes
ac_cv_env_CC_set=
ac_cv_env_CC_value=
ac_cv_env_CFLAGS_set=
ac_cv_env_CFLAGS_value=
ac_cv_env_CPPFLAGS_set=
ac_cv_env_CPPFLAGS_value=
ac_cv_env_CPP_set=
ac_cv_env_CPP_value=
ac_cv_env_LDFLAGS_set=
ac_cv_env_LDFLAGS_value=
ac_cv_env_LIBS_set=
ac_cv_env_LIBS_value=
ac_cv_env_build_alias_set=
ac_cv_env_build_alias_value=
ac_cv_env_host_alias_set=
ac_cv_env_host_alias_value=
ac_cv_env_target_alias_set=
ac_cv_env_target_alias_value=
ac_cv_func_floor=yes
ac_cv_func_fseek=yes
ac_cv_func_getsubopt=yes
ac_cv_func_malloc_0_nonnull=yes
ac_cv_func_memchr=yes
ac_cv_func_memmove=yes
ac_cv_func_memset=yes
ac_cv_func_mkdir=yes
ac_cv_func_rmdir=yes
ac_cv_func_setlocale=yes
ac_cv_func_snprintf=yes
ac_cv_func_strchr=yes
ac_cv_func_strdup=yes
ac_cv_func_strerror=yes
ac_cv_func_strndup=no
ac_cv_func_strnlen=no
ac_cv_func_strnlen_working=no
ac_cv_func_strstr=yes
ac_cv_func_strtol=yes
ac_cv_header_dirent_dirent_h=yes
ac_cv_header_dlfcn_h=yes
ac_cv_header_errno_h=yes
ac_cv_header_fnctl_h=no
ac_cv_header_inttypes_h=yes
ac_cv_header_locale_h=yes
ac_cv_header_memory_h=yes
ac_cv_header_minix_config_h=no
ac_cv_header_stdbool_h=yes
ac_cv_header_stdc=yes
ac_cv_header_stdint_h=yes
ac_cv_header_stdlib_h=yes
ac_cv_header_string_h=yes
ac_cv_header_strings_h=yes
ac_cv_header_sys_stat_h=yes
ac_cv_header_sys_time_h=yes
ac_cv_header_sys_types_h=yes
ac_cv_header_time_h=yes
ac_cv_header_unistd_h=yes
ac_cv_host=i386-apple-darwin9.6.0
ac_cv_objext=o
ac_cv_path_EGREP='/usr/bin/grep -E'
ac_cv_path_FGREP='/usr/bin/grep -F'
ac_cv_path_GREP=/usr/bin/grep
ac_cv_path_SED=/usr/bin/sed
ac_cv_path_install='/usr/bin/install -c'
ac_cv_path_mkdir=/usr/local/bin/mkdir
ac_cv_prog_AWK=awk
ac_cv_prog_CPP='gcc -E'
ac_cv_prog_ac_ct_AR=ar
ac_cv_prog_ac_ct_CC=gcc
ac_cv_prog_ac_ct_DSYMUTIL=dsymutil
ac_cv_prog_ac_ct_LIPO=lipo
ac_cv_prog_ac_ct_NMEDIT=nmedit
ac_cv_prog_ac_ct_OTOOL=otool
ac_cv_prog_ac_ct_RANLIB=ranlib
ac_cv_prog_ac_ct_STRIP=strip
ac_cv_prog_cc_c89=
ac_cv_prog_cc_c99=-std=gnu99
ac_cv_prog_cc_g=yes
ac_cv_prog_cc_gcc_c_o=yes
ac_cv_prog_cc_stdc=-std=gnu99
ac_cv_prog_make_make_set=yes
ac_cv_safe_to_define___extensions__=yes
ac_cv_search_FLAC__stream_decoder_init_file=no
ac_cv_search_ogg_stream_init_=-logg
ac_cv_search_opendir='none required'
ac_cv_search_strndup=no
ac_cv_struct_tm=time.h
ac_cv_sys_file_offset_bits=no
ac_cv_sys_largefile_CC=no
ac_cv_sys_largefile_source=no
ac_cv_type__Bool=yes
ac_cv_type_fpos_t=yes
ac_cv_type_mode_t=yes
ac_cv_type_off_t=yes
ac_cv_type_size_t=yes
am_cv_CC_dependencies_compiler_type=gcc3
lt_cv_apple_cc_single_mod=yes
lt_cv_deplibs_check_method=pass_all
lt_cv_file_magic_cmd='$MAGIC_CMD'
lt_cv_file_magic_test_file=
lt_cv_ld_exported_symbols_list=yes
lt_cv_ld_reload_flag=-r
lt_cv_nm_interface='BSD nm'
lt_cv_objdir=.libs
lt_cv_path_LD=/usr/libexec/gcc/i686-apple-darwin9/4.0.1/ld
lt_cv_path_NM='/usr/bin/nm -p'
lt_cv_prog_compiler_c_o=yes
lt_cv_prog_compiler_pic_works=yes
lt_cv_prog_compiler_rtti_exceptions=no
lt_cv_prog_compiler_static_works=no
lt_cv_prog_gnu_ld=no
lt_cv_sys_global_symbol_pipe='sed -n -e '\''s/^.*[	 ]\([BCDEGRST][BCDEGRST]*\)[	 ][	 ]*_\([_A-Za-z][_A-Za-z0-9]*\)$/\1 _\2 \2/p'\'''
lt_cv_sys_global_symbol_to_c_name_address='sed -n -e '\''s/^: \([^ ]*\) $/  {\"\1\", (void *) 0},/p'\'' -e '\''s/^[BCDEGRST]* \([^ ]*\) \([^ ]*\)$/  {"\2", (void *) \&\2},/p'\'''
lt_cv_sys_global_symbol_to_c_name_address_lib_prefix='sed -n -e '\''s/^: \([^ ]*\) $/  {\"\1\", (void *) 0},/p'\'' -e '\''s/^[BCDEGRST]* \([^ ]*\) \(lib[^ ]*\)$/  {"\2", (void *) \&\2},/p'\'' -e '\''s/^[BCDEGRST]* \([^ ]*\) \([^ ]*\)$/  {"lib\2", (void *) \&\2},/p'\'''
lt_cv_sys_global_symbol_to_cdecl='sed -n -e '\''s/^T .* \(.*\)$/extern int \1();/p'\'' -e '\''s/^[BCDEGRST]* .* \(.*\)$/extern char \1;/p'\'''
lt_cv_sys_max_cmd_len=196608

## ----------------- ##
## Output variables. ##
## ----------------- ##

ACLOCAL='${SHELL} /Users/maarten/Downloads/dvda-author-09.03/config/missing --run aclocal-1.10'
ALSA_LIBS=''
AMDEPBACKSLASH='\'
AMDEP_FALSE='#'
AMDEP_TRUE=''
AMTAR='${SHELL} /Users/maarten/Downloads/dvda-author-09.03/config/missing --run tar'
AR='ar'
AUTOCONF='${SHELL} /Users/maarten/Downloads/dvda-author-09.03/config/missing --run autoconf'
AUTOHEADER='${SHELL} /Users/maarten/Downloads/dvda-author-09.03/config/missing --run autoheader'
AUTOMAKE='${SHELL} /Users/maarten/Downloads/dvda-author-09.03/config/missing --run automake-1.10'
AWK='awk'
CC='gcc -std=gnu99'
CCDEPMODE='depmode=gcc3'
CFLAGS=' -g -O2  -DCPU_IS_LITTLE_ENDIAN'
CPP='gcc -E'
CPPFLAGS=''
CYGPATH_W='echo'
DEBUG_FLAGS=''
DEFS='-DHAVE_CONFIG_H'
DEPDIR='.deps'
DSYMUTIL='dsymutil'
DUMPBIN=''
ECHO_C='\c'
ECHO_N=''
ECHO_T=''
EGREP='/usr/bin/grep -E'
EXEEXT=''
FGREP='/usr/bin/grep -F'
FIXWAV_LIB=''
FLAC_CONFIGURE='yes'
FLAC_LIB='${top_builddir}/libFLAC/libFLAC121.a'
FLAC_LINK=''
GLIBC=''
GREP='/usr/bin/grep'
HAVE_ALSA_FALSE=''
HAVE_ALSA_TRUE='#'
INSTALL_DATA='${INSTALL} -m 644'
INSTALL_PROGRAM='${INSTALL}'
INSTALL_SCRIPT='${INSTALL}'
INSTALL_STRIP_PROGRAM='$(install_sh) -c -s'
LD='/usr/libexec/gcc/i686-apple-darwin9/4.0.1/ld'
LDFLAGS=' -L/usr/lib -L/usr/local/lib'
LIBIBERTY=''
LIBOBJS=' ${LIBOBJDIR}strnlen$U.o ${LIBOBJDIR}strdup$U.o ${LIBOBJDIR}strndup$U.o ${LIBOBJDIR}strchrnul$U.o ${LIBOBJDIR}getsubopt$U.o'
LIBS=''
LIBTOOL='$(SHELL) $(top_builddir)/libtool'
LIPO='lipo'
LN_S='ln -s'
LTLIBOBJS=' ${LIBOBJDIR}strnlen$U.lo ${LIBOBJDIR}strdup$U.lo ${LIBOBJDIR}strndup$U.lo ${LIBOBJDIR}strchrnul$U.lo ${LIBOBJDIR}getsubopt$U.lo'
MAKEINFO='${SHELL} /Users/maarten/Downloads/dvda-author-09.03/config/missing --run makeinfo'
MAYBE_FIXWAV=''
MAYBE_FLAC='libFLAC'
MAYBE_GLIBC='glibc'
MAYBE_SOX=''
MKDIR_P='/usr/local/bin/mkdir -p'
NM='/usr/bin/nm -p'
NMEDIT='nmedit'
OBJDUMP='false'
OBJEXT='o'
OGG_LIB='${top_builddir}/libFLAC/include/libogg/src/libogg.a'
OGG_LINK=''
OTOOL64=':'
OTOOL='otool'
PACKAGE='dvda-author'
PACKAGE_BUGREPORT='fabnicol@users.sourceforge.net'
PACKAGE_NAME='dvda-author'
PACKAGE_STRING='dvda-author 09.03'
PACKAGE_TARNAME='dvda-author'
PACKAGE_VERSION='09.03'
PATH_SEPARATOR=':'
PIXDIR='/usr/share/pixmaps'
RANLIB='ranlib'
SED='/usr/bin/sed'
SET_MAKE=''
SHELL='/bin/sh'
SHORTLINKDIR='/usr/share/applications'
SOX_CONFIGURE='no'
SOX_LIB=''
SOX_LINK=''
STRIP='strip'
VERSION='09.03'
ac_ct_CC='gcc'
ac_ct_DUMPBIN=''
am__fastdepCC_FALSE='#'
am__fastdepCC_TRUE=''
am__include='include'
am__isrc=''
am__leading_dot='.'
am__quote=''
am__tar='${AMTAR} chof - "$$tardir"'
am__untar='${AMTAR} xf -'
bindir='/usr/bin'
build='i386-apple-darwin9.6.0'
build_alias=''
build_cpu='i386'
build_os='darwin9.6.0'
build_vendor='apple'
datadir='${datarootdir}'
datarootdir='/usr/share'
docdir='${datarootdir}/doc/${PACKAGE_TARNAME}'
dvidir='${docdir}'
exec_prefix='${prefix}'
host='i386-apple-darwin9.6.0'
host_alias=''
host_cpu='i386'
host_os='darwin9.6.0'
host_vendor='apple'
htmldir='${docdir}'
includedir='${prefix}/include'
infodir='${datarootdir}/info'
install_sh='$(SHELL) /Users/maarten/Downloads/dvda-author-09.03/config/install-sh'
libdir='/usr/lib'
libexecdir='${exec_prefix}/libexec'
localedir='${datarootdir}/locale'
localstatedir='${prefix}/var'
lt_ECHO='/bin/echo'
mandir='${datarootdir}/man'
mkdir_p='/usr/local/bin/mkdir -p'
oldincludedir='/usr/include'
pdfdir='${docdir}'
prefix='/usr'
program_transform_name='s,x,x,'
psdir='${docdir}'
sbindir='${exec_prefix}/sbin'
sharedstatedir='${prefix}/com'
subdirs=' libFLAC'
sysconfdir='${prefix}/etc'
target_alias=''

## ----------- ##
## confdefs.h. ##
## ----------- ##

#define PACKAGE_NAME "dvda-author"
#define PACKAGE_TARNAME "dvda-author"
#define PACKAGE_VERSION "09.03"
#define PACKAGE_STRING "dvda-author 09.03"
#define PACKAGE_BUGREPORT "fabnicol@users.sourceforge.net"
#define STDC_HEADERS 1
#define HAVE_SYS_TYPES_H 1
#define HAVE_SYS_STAT_H 1
#define HAVE_STDLIB_H 1
#define HAVE_STRING_H 1
#define HAVE_MEMORY_H 1
#define HAVE_STRINGS_H 1
#define HAVE_INTTYPES_H 1
#define HAVE_STDINT_H 1
#define HAVE_UNISTD_H 1
#define __EXTENSIONS__ 1
#define _ALL_SOURCE 1
#define _GNU_SOURCE 1
#define _POSIX_PTHREAD_SEMANTICS 1
#define _TANDEM_SOURCE 1
#define PACKAGE "dvda-author"
#define VERSION "09.03"
#define HAVE_DLFCN_H 1
#define LT_OBJDIR ".libs/"
#define WITHOUT_SOX 1
#define WITHOUT_FIXWAV 1
#define HAVE_STDLIB_H 1
#define HAVE_MALLOC 1
#define HAVE_FSEEKO 1
#define HAVE_FLOOR 1
#define HAVE_MEMMOVE 1
#define HAVE_MEMSET 1
#define HAVE_MKDIR 1
#define HAVE_RMDIR 1
#define HAVE_SETLOCALE 1
#define HAVE_STRERROR 1
#define HAVE_STRTOL 1
#define HAVE_SNPRINTF 1
#define HAVE_FSEEK 1
#define HAVE_SETLOCALE 1
#define HAVE_STRCHR 1
#define HAVE_STRDUP 1
#define HAVE_STRSTR 1
#define HAVE_GETSUBOPT 1
#define HAVE_MEMCHR 1
#define HAVE_NO_LIBERTY 1
#define ALWAYS_INLINE 1
#define HAVE_C_VARARRAYS 1
#define CPU_IS_BIG_ENDIAN 0
#define CPU_IS_LITTLE_ENDIAN 1
#define HAVE_DIRENT_H 1
#define HAVE__BOOL 1
#define HAVE_STDBOOL_H 1
#define HAVE_ERRNO_H 1
#define HAVE_SYS_STAT_H 1
#define HAVE_TIME_H 1
#define HAVE_INTTYPES_H 1
#define HAVE_LOCALE_H 1
#define HAVE_STDINT_H 1
#define HAVE_STDLIB_H 1
#define HAVE_STRING_H 1
#define HAVE_SYS_TIME_H 1
#define HAVE_UNISTD_H 1
#define HAVE_FPOS_T 1
#define _FILE_OFFSET_BITS 64
#define INSTALL_CONF_DIR "/usr/share/applications"

configure: exit 0
