This file contains any messages produced by compilers while
running configure, to aid debugging if configure makes a mistake.

It was created by libflac configure 1.2.1, which was
generated by GNU Autoconf 2.63.  Invocation command line was

  $ ./configure --disable-option-checking --prefix=/usr --disable-shared --without-sox --without-fixwav --disable-alsa --cache-file=/dev/null --srcdir=.

## --------- ##
## Platform. ##
## --------- ##

hostname = Mac-Mini.local
uname -m = i386
uname -r = 9.6.0
uname -s = Darwin
uname -v = Darwin Kernel Version 9.6.0: Mon Nov 24 17:37:00 PST 2008; root:xnu-1228.9.59~1/RELEASE_I386

/usr/bin/uname -p = i386
/bin/uname -X     = unknown

/bin/arch              = unknown
/usr/bin/arch -k       = unknown
/usr/convex/getsysinfo = unknown
/usr/bin/hostinfo      = Mach kernel version:
	 Darwin Kernel Version 9.6.0: Mon Nov 24 17:37:00 PST 2008; root:xnu-1228.9.59~1/RELEASE_I386
Kernel configured for up to 2 processors.
2 processors are physically available.
2 processors are logically available.
Processor type: i486 (Intel 80486)
Processors active: 0 1
Primary memory available: 1.00 gigabytes
Default processor set: 73 tasks, 284 threads, 2 processors
Load average: 1.98, Mach factor: 0.42
/bin/machine           = unknown
/usr/bin/oslevel       = unknown
/bin/universe          = unknown

PATH: /usr/bin
PATH: /bin
PATH: /usr/sbin
PATH: /sbin
PATH: /usr/local/bin
PATH: /usr/X11/bin


## ----------- ##
## Core tests. ##
## ----------- ##

configure:2088: checking build system type
configure:2106: result: i386-apple-darwin9.6.0
configure:2144: checking for a BSD-compatible install
configure:2212: result: /usr/bin/install -c
configure:2223: checking whether build environment is sane
configure:2266: result: yes
configure:2291: checking for a thread-safe mkdir -p
configure:2330: result: /usr/local/bin/mkdir -p
configure:2343: checking for gawk
configure:2373: result: no
configure:2343: checking for mawk
configure:2373: result: no
configure:2343: checking for nawk
configure:2373: result: no
configure:2343: checking for awk
configure:2359: found /usr/bin/awk
configure:2370: result: awk
configure:2381: checking whether make sets $(MAKE)
configure:2403: result: yes
configure:2614: checking host system type
configure:2629: result: i386-apple-darwin9.6.0
configure:2663: checking for style of include used by make
configure:2691: result: GNU
configure:2761: checking for gcc
configure:2777: found /usr/bin/gcc
configure:2788: result: gcc
configure:3020: checking for C compiler version
configure:3028: gcc --version >&5
i686-apple-darwin9-gcc-4.0.1 (GCC) 4.0.1 (Apple Inc. build 5484)
Copyright (C) 2005 Free Software Foundation, Inc.
This is free software; see the source for copying conditions.  There is NO
warranty; not even for MERCHANTABILITY or FITNESS FOR A PARTICULAR PURPOSE.

configure:3032: $? = 0
configure:3039: gcc -v >&5
Using built-in specs.
Target: i686-apple-darwin9
Configured with: /var/tmp/gcc/gcc-5484~1/src/configure --disable-checking -enable-werror --prefix=/usr --mandir=/share/man --enable-languages=c,objc,c++,obj-c++ --program-transform-name=/^[cg][^.-]*$/s/$/-4.0/ --with-gxx-include-dir=/include/c++/4.0.0 --with-slibdir=/usr/lib --build=i686-apple-darwin9 --with-arch=apple --with-tune=generic --host=i686-apple-darwin9 --target=i686-apple-darwin9
Thread model: posix
gcc version 4.0.1 (Apple Inc. build 5484)
configure:3043: $? = 0
configure:3050: gcc -V >&5
gcc-4.0: argument to `-V' is missing
configure:3054: $? = 1
configure:3077: checking for C compiler default output file name
configure:3099: gcc    conftest.c  >&5
configure:3103: $? = 0
configure:3141: result: a.out
configure:3160: checking whether the C compiler works
configure:3170: ./a.out
configure:3174: $? = 0
configure:3193: result: yes
configure:3200: checking whether we are cross compiling
configure:3202: result: no
configure:3205: checking for suffix of executables
configure:3212: gcc -o conftest    conftest.c  >&5
configure:3216: $? = 0
configure:3242: result: 
configure:3248: checking for suffix of object files
configure:3274: gcc -c   conftest.c >&5
configure:3278: $? = 0
configure:3303: result: o
configure:3307: checking whether we are using the GNU C compiler
configure:3336: gcc -c   conftest.c >&5
configure:3343: $? = 0
configure:3360: result: yes
configure:3369: checking whether gcc accepts -g
configure:3399: gcc -c -g  conftest.c >&5
configure:3406: $? = 0
configure:3507: result: yes
configure:3524: checking for gcc option to accept ISO C89
configure:3598: gcc  -c -g -O2  conftest.c >&5
configure:3605: $? = 0
configure:3628: result: none needed
configure:3648: checking dependency style of gcc
configure:3739: result: gcc3
configure:3754: checking for a sed that does not truncate output
configure:3820: result: /usr/bin/sed
configure:3838: checking for grep that handles long lines and -e
configure:3898: result: /usr/bin/grep
configure:3903: checking for egrep
configure:3967: result: /usr/bin/grep -E
configure:3972: checking for fgrep
configure:4036: result: /usr/bin/grep -F
configure:4071: checking for ld used by gcc
configure:4138: result: /usr/libexec/gcc/i686-apple-darwin9/4.0.1/ld
configure:4147: checking if the linker (/usr/libexec/gcc/i686-apple-darwin9/4.0.1/ld) is GNU ld
configure:4162: result: no
configure:4174: checking for BSD- or MS-compatible name lister (nm)
configure:4223: result: /usr/bin/nm -p
configure:4341: checking the name lister (/usr/bin/nm -p) interface
configure:4348: gcc -c -g -O2  conftest.c >&5
configure:4351: /usr/bin/nm -p "conftest.o"
configure:4354: output
00000178 D _some_variable
configure:4361: result: BSD nm
configure:4364: checking whether ln -s works
configure:4368: result: yes
configure:4376: checking the maximum length of command line arguments
configure:4496: result: 196608
configure:4513: checking whether the shell understands some XSI constructs
configure:4523: result: yes
configure:4527: checking whether the shell understands "+="
configure:4533: result: yes
configure:4568: checking for /usr/libexec/gcc/i686-apple-darwin9/4.0.1/ld option to reload object files
configure:4575: result: -r
configure:4644: checking for objdump
configure:4674: result: no
configure:4703: checking how to recognize dependent libraries
configure:4899: result: pass_all
configure:4959: checking for ar
configure:4975: found /usr/bin/ar
configure:4986: result: ar
configure:5064: checking for strip
configure:5080: found /usr/bin/strip
configure:5091: result: strip
configure:5163: checking for ranlib
configure:5179: found /usr/bin/ranlib
configure:5190: result: ranlib
configure:5280: checking command to parse /usr/bin/nm -p output from gcc object
configure:5398: gcc -c -g -O2  conftest.c >&5
configure:5401: $? = 0
configure:5405: /usr/bin/nm -p conftest.o \| sed -n -e 's/^.*[	 ]\([BCDEGRST][BCDEGRST]*\)[	 ][	 ]*\([_A-Za-z][_A-Za-z0-9]*\)$/\1 \2 \2/p' \> conftest.nm
configure:5408: $? = 0
cannot find nm_test_var in conftest.nm
configure:5398: gcc -c -g -O2  conftest.c >&5
configure:5401: $? = 0
configure:5405: /usr/bin/nm -p conftest.o \| sed -n -e 's/^.*[	 ]\([BCDEGRST][BCDEGRST]*\)[	 ][	 ]*_\([_A-Za-z][_A-Za-z0-9]*\)$/\1 _\2 \2/p' \> conftest.nm
configure:5408: $? = 0
configure:5462: gcc -o conftest -g -O2   conftest.c conftstm.o >&5
configure:5465: $? = 0
configure:5503: result: ok
configure:5797: checking for dsymutil
configure:5813: found /usr/bin/dsymutil
configure:5824: result: dsymutil
configure:5889: checking for nmedit
configure:5905: found /usr/bin/nmedit
configure:5916: result: nmedit
configure:5981: checking for lipo
configure:5997: found /usr/bin/lipo
configure:6008: result: lipo
configure:6073: checking for otool
configure:6089: found /usr/bin/otool
configure:6100: result: otool
configure:6165: checking for otool64
configure:6195: result: no
configure:6240: checking for -single_module linker flag
gcc -g -O2  -o libconftest.dylib -dynamiclib -Wl,-single_module conftest.c
configure:6267: result: yes
configure:6269: checking for -exported_symbols_list linker flag
configure:6299: gcc -o conftest -g -O2   -Wl,-exported_symbols_list,conftest.sym conftest.c  >&5
configure:6306: $? = 0
configure:6328: result: yes
configure:6370: checking how to run the C preprocessor
configure:6410: gcc -E  conftest.c
configure:6417: $? = 0
configure:6448: gcc -E  conftest.c
conftest.c:10:28: error: ac_nonexistent.h: No such file or directory
configure:6455: $? = 1
configure: failed program was:
| /* confdefs.h.  */
| #define PACKAGE_NAME "libflac"
| #define PACKAGE_TARNAME "libflac"
| #define PACKAGE_VERSION "1.2.1"
| #define PACKAGE_STRING "libflac 1.2.1"
| #define PACKAGE_BUGREPORT "fab"
| #define PACKAGE "libflac"
| #define VERSION "1.2.1"
| /* end confdefs.h.  */
| #include <ac_nonexistent.h>
configure:6488: result: gcc -E
configure:6517: gcc -E  conftest.c
configure:6524: $? = 0
configure:6555: gcc -E  conftest.c
conftest.c:10:28: error: ac_nonexistent.h: No such file or directory
configure:6562: $? = 1
configure: failed program was:
| /* confdefs.h.  */
| #define PACKAGE_NAME "libflac"
| #define PACKAGE_TARNAME "libflac"
| #define PACKAGE_VERSION "1.2.1"
| #define PACKAGE_STRING "libflac 1.2.1"
| #define PACKAGE_BUGREPORT "fab"
| #define PACKAGE "libflac"
| #define VERSION "1.2.1"
| /* end confdefs.h.  */
| #include <ac_nonexistent.h>
configure:6602: checking for ANSI C header files
configure:6632: gcc -c -g -O2  conftest.c >&5
configure:6639: $? = 0
configure:6738: gcc -o conftest -g -O2   conftest.c  >&5
configure:6742: $? = 0
configure:6748: ./conftest
configure:6752: $? = 0
configure:6770: result: yes
configure:6794: checking for sys/types.h
configure:6815: gcc -c -g -O2  conftest.c >&5
configure:6822: $? = 0
configure:6839: result: yes
configure:6794: checking for sys/stat.h
configure:6815: gcc -c -g -O2  conftest.c >&5
configure:6822: $? = 0
configure:6839: result: yes
configure:6794: checking for stdlib.h
configure:6815: gcc -c -g -O2  conftest.c >&5
configure:6822: $? = 0
configure:6839: result: yes
configure:6794: checking for string.h
configure:6815: gcc -c -g -O2  conftest.c >&5
configure:6822: $? = 0
configure:6839: result: yes
configure:6794: checking for memory.h
configure:6815: gcc -c -g -O2  conftest.c >&5
configure:6822: $? = 0
configure:6839: result: yes
configure:6794: checking for strings.h
configure:6815: gcc -c -g -O2  conftest.c >&5
configure:6822: $? = 0
configure:6839: result: yes
configure:6794: checking for inttypes.h
configure:6815: gcc -c -g -O2  conftest.c >&5
configure:6822: $? = 0
configure:6839: result: yes
configure:6794: checking for stdint.h
configure:6815: gcc -c -g -O2  conftest.c >&5
configure:6822: $? = 0
configure:6839: result: yes
configure:6794: checking for unistd.h
configure:6815: gcc -c -g -O2  conftest.c >&5
configure:6822: $? = 0
configure:6839: result: yes
configure:6857: checking for dlfcn.h
configure:6878: gcc -c -g -O2  conftest.c >&5
configure:6885: $? = 0
configure:6902: result: yes
configure:7086: checking for objdir
configure:7101: result: .libs
configure:7397: checking if gcc supports -fno-rtti -fno-exceptions
configure:7415: gcc -c -g -O2  -fno-rtti -fno-exceptions conftest.c >&5
cc1: warning: command line option "-fno-rtti" is valid for C++/ObjC++ but not for C
configure:7419: $? = 0
configure:7432: result: no
configure:7452: checking for gcc option to produce PIC
configure:7724: result: -fno-common -DPIC
configure:7736: checking if gcc PIC flag -fno-common -DPIC works
configure:7754: gcc -c -g -O2  -fno-common -DPIC -DPIC conftest.c >&5
configure:7758: $? = 0
configure:7771: result: yes
configure:7795: checking if gcc static flag -static works
configure:7823: result: no
configure:7838: checking if gcc supports -c -o file.o
configure:7859: gcc -c -g -O2  -o out/conftest2.o conftest.c >&5
configure:7863: $? = 0
configure:7885: result: yes
configure:7893: checking if gcc supports -c -o file.o
configure:7940: result: yes
configure:7973: checking whether the gcc linker (/usr/libexec/gcc/i686-apple-darwin9/4.0.1/ld) supports shared libraries
configure:9047: result: yes
configure:9286: checking dynamic linker characteristics
configure:9969: result: darwin9.6.0 dyld
configure:10071: checking how to hardcode library paths into programs
configure:10096: result: immediate
configure:10929: checking whether stripping libraries is possible
configure:10943: result: yes
configure:10969: checking if libtool supports shared libraries
configure:10971: result: yes
configure:10974: checking whether to build shared libraries
configure:10995: result: no
configure:10998: checking whether to build static libraries
configure:11002: result: yes
configure:11132: checking for size_t
configure:11160: gcc -c   conftest.c >&5
configure:11167: $? = 0
configure:11194: gcc -c   conftest.c >&5
conftest.c: In function 'main':
conftest.c:58: error: syntax error before ')' token
configure:11201: $? = 1
configure: failed program was:
| /* confdefs.h.  */
| #define PACKAGE_NAME "libflac"
| #define PACKAGE_TARNAME "libflac"
| #define PACKAGE_VERSION "1.2.1"
| #define PACKAGE_STRING "libflac 1.2.1"
| #define PACKAGE_BUGREPORT "fab"
| #define PACKAGE "libflac"
| #define VERSION "1.2.1"
| #define STDC_HEADERS 1
| #define HAVE_SYS_TYPES_H 1
| #define HAVE_SYS_STAT_H 1
| #define HAVE_STDLIB_H 1
| #define HAVE_STRING_H 1
| #define HAVE_MEMORY_H 1
| #define HAVE_STRINGS_H 1
| #define HAVE_INTTYPES_H 1
| #define HAVE_STDINT_H 1
| #define HAVE_UNISTD_H 1
| #define HAVE_DLFCN_H 1
| #define LT_OBJDIR ".libs/"
| /* end confdefs.h.  */
| #include <stdio.h>
| #ifdef HAVE_SYS_TYPES_H
| # include <sys/types.h>
| #endif
| #ifdef HAVE_SYS_STAT_H
| # include <sys/stat.h>
| #endif
| #ifdef STDC_HEADERS
| # include <stdlib.h>
| # include <stddef.h>
| #else
| # ifdef HAVE_STDLIB_H
| #  include <stdlib.h>
| # endif
| #endif
| #ifdef HAVE_STRING_H
| # if !defined STDC_HEADERS && defined HAVE_MEMORY_H
| #  include <memory.h>
| # endif
| # include <string.h>
| #endif
| #ifdef HAVE_STRINGS_H
| # include <strings.h>
| #endif
| #ifdef HAVE_INTTYPES_H
| # include <inttypes.h>
| #endif
| #ifdef HAVE_STDINT_H
| # include <stdint.h>
| #endif
| #ifdef HAVE_UNISTD_H
| # include <unistd.h>
| #endif
| int
| main ()
| {
| if (sizeof ((size_t)))
| 	  return 0;
|   ;
|   return 0;
| }
configure:11224: result: yes
configure:11248:

Compiling with Ogg FLAC support...


configure:11310: checking for gcc
configure:11337: result: gcc
configure:11569: checking for C compiler version
configure:11577: gcc --version >&5
i686-apple-darwin9-gcc-4.0.1 (GCC) 4.0.1 (Apple Inc. build 5484)
Copyright (C) 2005 Free Software Foundation, Inc.
This is free software; see the source for copying conditions.  There is NO
warranty; not even for MERCHANTABILITY or FITNESS FOR A PARTICULAR PURPOSE.

configure:11581: $? = 0
configure:11588: gcc -v >&5
Using built-in specs.
Target: i686-apple-darwin9
Configured with: /var/tmp/gcc/gcc-5484~1/src/configure --disable-checking -enable-werror --prefix=/usr --mandir=/share/man --enable-languages=c,objc,c++,obj-c++ --program-transform-name=/^[cg][^.-]*$/s/$/-4.0/ --with-gxx-include-dir=/include/c++/4.0.0 --with-slibdir=/usr/lib --build=i686-apple-darwin9 --with-arch=apple --with-tune=generic --host=i686-apple-darwin9 --target=i686-apple-darwin9
Thread model: posix
gcc version 4.0.1 (Apple Inc. build 5484)
configure:11592: $? = 0
configure:11599: gcc -V >&5
gcc-4.0: argument to `-V' is missing
configure:11603: $? = 1
configure:11606: checking whether we are using the GNU C compiler
configure:11659: result: yes
configure:11668: checking whether gcc accepts -g
configure:11806: result: yes
configure:11823: checking for gcc option to accept ISO C89
configure:11927: result: none needed
configure:11947: checking dependency style of gcc
configure:12038: result: gcc3
configure:12054: checking whether gcc and cc understand -c and -o together
configure:12089: gcc -c conftest.c -o conftest2.o >&5
configure:12093: $? = 0
configure:12099: gcc -c conftest.c -o conftest2.o >&5
configure:12103: $? = 0
configure:12114: cc -c conftest.c >&5
configure:12118: $? = 0
configure:12126: cc -c conftest.c -o conftest2.o >&5
configure:12130: $? = 0
configure:12136: cc -c conftest.c -o conftest2.o >&5
configure:12140: $? = 0
configure:12158: result: yes
configure:12187: checking for gcc option to accept ISO C99
configure:12346: gcc  -c   conftest.c >&5
conftest.c:73: error: syntax error before 'text'
conftest.c: In function 'test_restrict':
conftest.c:78: error: 'for' loop initial declaration used outside C99 mode
conftest.c:78: error: 'text' undeclared (first use in this function)
conftest.c:78: error: (Each undeclared identifier is reported only once
conftest.c:78: error: for each function it appears in.)
conftest.c: In function 'main':
conftest.c:127: error: nested functions are disabled, use -fnested-functions to re-enable
conftest.c:127: error: syntax error before 'newvar'
conftest.c:137: error: 'for' loop initial declaration used outside C99 mode
conftest.c:153: error: 'newvar' undeclared (first use in this function)
configure:12353: $? = 1
configure: failed program was:
| /* confdefs.h.  */
| #define PACKAGE_NAME "libflac"
| #define PACKAGE_TARNAME "libflac"
| #define PACKAGE_VERSION "1.2.1"
| #define PACKAGE_STRING "libflac 1.2.1"
| #define PACKAGE_BUGREPORT "fab"
| #define PACKAGE "libflac"
| #define VERSION "1.2.1"
| #define STDC_HEADERS 1
| #define HAVE_SYS_TYPES_H 1
| #define HAVE_SYS_STAT_H 1
| #define HAVE_STDLIB_H 1
| #define HAVE_STRING_H 1
| #define HAVE_MEMORY_H 1
| #define HAVE_STRINGS_H 1
| #define HAVE_INTTYPES_H 1
| #define HAVE_STDINT_H 1
| #define HAVE_UNISTD_H 1
| #define HAVE_DLFCN_H 1
| #define LT_OBJDIR ".libs/"
| #define FLAC__HAS_OGG 1
| /* end confdefs.h.  */
| #include <stdarg.h>
| #include <stdbool.h>
| #include <stdlib.h>
| #include <wchar.h>
| #include <stdio.h>
| 
| // Check varargs macros.  These examples are taken from C99 6.10.3.5.
| #define debug(...) fprintf (stderr, __VA_ARGS__)
| #define showlist(...) puts (#__VA_ARGS__)
| #define report(test,...) ((test) ? puts (#test) : printf (__VA_ARGS__))
| static void
| test_varargs_macros (void)
| {
|   int x = 1234;
|   int y = 5678;
|   debug ("Flag");
|   debug ("X = %d\n", x);
|   showlist (The first, second, and third items.);
|   report (x>y, "x is %d but y is %d", x, y);
| }
| 
| // Check long long types.
| #define BIG64 18446744073709551615ull
| #define BIG32 4294967295ul
| #define BIG_OK (BIG64 / BIG32 == 4294967297ull && BIG64 % BIG32 == 0)
| #if !BIG_OK
|   your preprocessor is broken;
| #endif
| #if BIG_OK
| #else
|   your preprocessor is broken;
| #endif
| static long long int bignum = -9223372036854775807LL;
| static unsigned long long int ubignum = BIG64;
| 
| struct incomplete_array
| {
|   int datasize;
|   double data[];
| };
| 
| struct named_init {
|   int number;
|   const wchar_t *name;
|   double average;
| };
| 
| typedef const char *ccp;
| 
| static inline int
| test_restrict (ccp restrict text)
| {
|   // See if C++-style comments work.
|   // Iterate through items via the restricted pointer.
|   // Also check for declarations in for loops.
|   for (unsigned int i = 0; *(text+i) != '\0'; ++i)
|     continue;
|   return 0;
| }
| 
| // Check varargs and va_copy.
| static void
| test_varargs (const char *format, ...)
| {
|   va_list args;
|   va_start (args, format);
|   va_list args_copy;
|   va_copy (args_copy, args);
| 
|   const char *str;
|   int number;
|   float fnumber;
| 
|   while (*format)
|     {
|       switch (*format++)
| 	{
| 	case 's': // string
| 	  str = va_arg (args_copy, const char *);
| 	  break;
| 	case 'd': // int
| 	  number = va_arg (args_copy, int);
| 	  break;
| 	case 'f': // float
| 	  fnumber = va_arg (args_copy, double);
| 	  break;
| 	default:
| 	  break;
| 	}
|     }
|   va_end (args_copy);
|   va_end (args);
| }
| 
| int
| main ()
| {
| 
|   // Check bool.
|   _Bool success = false;
| 
|   // Check restrict.
|   if (test_restrict ("String literal") == 0)
|     success = true;
|   char *restrict newvar = "Another string";
| 
|   // Check varargs.
|   test_varargs ("s, d' f .", "string", 65, 34.234);
|   test_varargs_macros ();
| 
|   // Check flexible array members.
|   struct incomplete_array *ia =
|     malloc (sizeof (struct incomplete_array) + (sizeof (double) * 10));
|   ia->datasize = 10;
|   for (int i = 0; i < ia->datasize; ++i)
|     ia->data[i] = i * 1.234;
| 
|   // Check named initializers.
|   struct named_init ni = {
|     .number = 34,
|     .name = L"Test wide string",
|     .average = 543.34343,
|   };
| 
|   ni.number = 58;
| 
|   int dynamic_array[ni.number];
|   dynamic_array[ni.number - 1] = 543;
| 
|   // work around unused variable warnings
|   return (!success || bignum == 0LL || ubignum == 0uLL || newvar[0] == 'x'
| 	  || dynamic_array[ni.number - 1] != 543);
| 
|   ;
|   return 0;
| }
configure:12346: gcc -std=gnu99 -c   conftest.c >&5
configure:12353: $? = 0
configure:12383: result: -std=gnu99
configure:12514: checking for gcc -std=gnu99 option to accept ISO Standard C
configure:12525: result: -std=gnu99
configure:12580:
Compiling with CFLAGS= -g -O2

configure:12589: checking for ANSI C header files
configure:12757: result: yes
configure:12794: checking fcntl.h usability
configure:12811: gcc -std=gnu99 -c  -g -O2  conftest.c >&5
configure:12818: $? = 0
configure:12832: result: yes
configure:12836: checking fcntl.h presence
configure:12851: gcc -E  conftest.c
configure:12858: $? = 0
configure:12872: result: yes
configure:12905: checking for fcntl.h
configure:12914: result: yes
configure:12783: checking for inttypes.h
configure:12790: result: yes
configure:12794: checking limits.h usability
configure:12811: gcc -std=gnu99 -c  -g -O2  conftest.c >&5
configure:12818: $? = 0
configure:12832: result: yes
configure:12836: checking limits.h presence
configure:12851: gcc -E  conftest.c
configure:12858: $? = 0
configure:12872: result: yes
configure:12905: checking for limits.h
configure:12914: result: yes
configure:12794: checking mach/mach.h usability
configure:12811: gcc -std=gnu99 -c  -g -O2  conftest.c >&5
configure:12818: $? = 0
configure:12832: result: yes
configure:12836: checking mach/mach.h presence
configure:12851: gcc -E  conftest.c
configure:12858: $? = 0
configure:12872: result: yes
configure:12905: checking for mach/mach.h
configure:12914: result: yes
configure:12794: checking netinet/in.h usability
configure:12811: gcc -std=gnu99 -c  -g -O2  conftest.c >&5
configure:12818: $? = 0
configure:12832: result: yes
configure:12836: checking netinet/in.h presence
configure:12851: gcc -E  conftest.c
configure:12858: $? = 0
configure:12872: result: yes
configure:12905: checking for netinet/in.h
configure:12914: result: yes
configure:12794: checking stddef.h usability
configure:12811: gcc -std=gnu99 -c  -g -O2  conftest.c >&5
configure:12818: $? = 0
configure:12832: result: yes
configure:12836: checking stddef.h presence
configure:12851: gcc -E  conftest.c
configure:12858: $? = 0
configure:12872: result: yes
configure:12905: checking for stddef.h
configure:12914: result: yes
configure:12783: checking for stdint.h
configure:12790: result: yes
configure:12783: checking for stdlib.h
configure:12790: result: yes
configure:12783: checking for string.h
configure:12790: result: yes
configure:12794: checking sys/param.h usability
configure:12811: gcc -std=gnu99 -c  -g -O2  conftest.c >&5
configure:12818: $? = 0
configure:12832: result: yes
configure:12836: checking sys/param.h presence
configure:12851: gcc -E  conftest.c
configure:12858: $? = 0
configure:12872: result: yes
configure:12905: checking for sys/param.h
configure:12914: result: yes
configure:12783: checking for unistd.h
configure:12790: result: yes
configure:12794: checking utime.h usability
configure:12811: gcc -std=gnu99 -c  -g -O2  conftest.c >&5
configure:12818: $? = 0
configure:12832: result: yes
configure:12836: checking utime.h presence
configure:12851: gcc -E  conftest.c
configure:12858: $? = 0
configure:12872: result: yes
configure:12905: checking for utime.h
configure:12914: result: yes
configure:12931: checking for an ANSI C-conforming const
configure:13006: gcc -std=gnu99 -c  -g -O2  conftest.c >&5
configure:13013: $? = 0
configure:13028: result: yes
configure:13038: checking for stdbool.h that conforms to C99
configure:13133: gcc -std=gnu99 -c  -g -O2  conftest.c >&5
configure:13140: $? = 0
configure:13155: result: yes
configure:13157: checking for _Bool
configure:13185: gcc -std=gnu99 -c  -g -O2  conftest.c >&5
configure:13192: $? = 0
configure:13219: gcc -std=gnu99 -c  -g -O2  conftest.c >&5
conftest.c: In function 'main':
conftest.c:72: error: syntax error before ')' token
configure:13226: $? = 1
configure: failed program was:
| /* confdefs.h.  */
| #define PACKAGE_NAME "libflac"
| #define PACKAGE_TARNAME "libflac"
| #define PACKAGE_VERSION "1.2.1"
| #define PACKAGE_STRING "libflac 1.2.1"
| #define PACKAGE_BUGREPORT "fab"
| #define PACKAGE "libflac"
| #define VERSION "1.2.1"
| #define STDC_HEADERS 1
| #define HAVE_SYS_TYPES_H 1
| #define HAVE_SYS_STAT_H 1
| #define HAVE_STDLIB_H 1
| #define HAVE_STRING_H 1
| #define HAVE_MEMORY_H 1
| #define HAVE_STRINGS_H 1
| #define HAVE_INTTYPES_H 1
| #define HAVE_STDINT_H 1
| #define HAVE_UNISTD_H 1
| #define HAVE_DLFCN_H 1
| #define LT_OBJDIR ".libs/"
| #define FLAC__HAS_OGG 1
| #define STDC_HEADERS 1
| #define HAVE_FCNTL_H 1
| #define HAVE_INTTYPES_H 1
| #define HAVE_LIMITS_H 1
| #define HAVE_MACH_MACH_H 1
| #define HAVE_NETINET_IN_H 1
| #define HAVE_STDDEF_H 1
| #define HAVE_STDINT_H 1
| #define HAVE_STDLIB_H 1
| #define HAVE_STRING_H 1
| #define HAVE_SYS_PARAM_H 1
| #define HAVE_UNISTD_H 1
| #define HAVE_UTIME_H 1
| /* end confdefs.h.  */
| #include <stdio.h>
| #ifdef HAVE_SYS_TYPES_H
| # include <sys/types.h>
| #endif
| #ifdef HAVE_SYS_STAT_H
| # include <sys/stat.h>
| #endif
| #ifdef STDC_HEADERS
| # include <stdlib.h>
| # include <stddef.h>
| #else
| # ifdef HAVE_STDLIB_H
| #  include <stdlib.h>
| # endif
| #endif
| #ifdef HAVE_STRING_H
| # if !defined STDC_HEADERS && defined HAVE_MEMORY_H
| #  include <memory.h>
| # endif
| # include <string.h>
| #endif
| #ifdef HAVE_STRINGS_H
| # include <strings.h>
| #endif
| #ifdef HAVE_INTTYPES_H
| # include <inttypes.h>
| #endif
| #ifdef HAVE_STDINT_H
| # include <stdint.h>
| #endif
| #ifdef HAVE_UNISTD_H
| # include <unistd.h>
| #endif
| int
| main ()
| {
| if (sizeof ((_Bool)))
| 	  return 0;
|   ;
|   return 0;
| }
configure:13249: result: yes
configure:13269: checking for int16_t
configure:13300: gcc -std=gnu99 -c  -g -O2  conftest.c >&5
configure:13307: $? = 0
configure:13336: gcc -std=gnu99 -c  -g -O2  conftest.c >&5
conftest.c: In function 'main':
conftest.c:75: error: size of array 'test_array' is negative
configure:13343: $? = 1
configure: failed program was:
| /* confdefs.h.  */
| #define PACKAGE_NAME "libflac"
| #define PACKAGE_TARNAME "libflac"
| #define PACKAGE_VERSION "1.2.1"
| #define PACKAGE_STRING "libflac 1.2.1"
| #define PACKAGE_BUGREPORT "fab"
| #define PACKAGE "libflac"
| #define VERSION "1.2.1"
| #define STDC_HEADERS 1
| #define HAVE_SYS_TYPES_H 1
| #define HAVE_SYS_STAT_H 1
| #define HAVE_STDLIB_H 1
| #define HAVE_STRING_H 1
| #define HAVE_MEMORY_H 1
| #define HAVE_STRINGS_H 1
| #define HAVE_INTTYPES_H 1
| #define HAVE_STDINT_H 1
| #define HAVE_UNISTD_H 1
| #define HAVE_DLFCN_H 1
| #define LT_OBJDIR ".libs/"
| #define FLAC__HAS_OGG 1
| #define STDC_HEADERS 1
| #define HAVE_FCNTL_H 1
| #define HAVE_INTTYPES_H 1
| #define HAVE_LIMITS_H 1
| #define HAVE_MACH_MACH_H 1
| #define HAVE_NETINET_IN_H 1
| #define HAVE_STDDEF_H 1
| #define HAVE_STDINT_H 1
| #define HAVE_STDLIB_H 1
| #define HAVE_STRING_H 1
| #define HAVE_SYS_PARAM_H 1
| #define HAVE_UNISTD_H 1
| #define HAVE_UTIME_H 1
| #define HAVE__BOOL 1
| #define HAVE_STDBOOL_H 1
| /* end confdefs.h.  */
| #include <stdio.h>
| #ifdef HAVE_SYS_TYPES_H
| # include <sys/types.h>
| #endif
| #ifdef HAVE_SYS_STAT_H
| # include <sys/stat.h>
| #endif
| #ifdef STDC_HEADERS
| # include <stdlib.h>
| # include <stddef.h>
| #else
| # ifdef HAVE_STDLIB_H
| #  include <stdlib.h>
| # endif
| #endif
| #ifdef HAVE_STRING_H
| # if !defined STDC_HEADERS && defined HAVE_MEMORY_H
| #  include <memory.h>
| # endif
| # include <string.h>
| #endif
| #ifdef HAVE_STRINGS_H
| # include <strings.h>
| #endif
| #ifdef HAVE_INTTYPES_H
| # include <inttypes.h>
| #endif
| #ifdef HAVE_STDINT_H
| # include <stdint.h>
| #endif
| #ifdef HAVE_UNISTD_H
| # include <unistd.h>
| #endif
| int
| main ()
| {
| static int test_array [1 - 2 * !((int16_t) ((((int16_t) 1 << (16 - 2)) - 1) * 2 + 1)
| 		 < (int16_t) ((((int16_t) 1 << (16 - 2)) - 1) * 2 + 2))];
| test_array [0] = 0
| 
|   ;
|   return 0;
| }
configure:13372: result: yes
configure:13385: checking for int32_t
configure:13416: gcc -std=gnu99 -c  -g -O2  conftest.c >&5
configure:13423: $? = 0
configure:13452: gcc -std=gnu99 -c  -g -O2  conftest.c >&5
conftest.c: In function 'main':
conftest.c:75: warning: integer overflow in expression
conftest.c:75: error: size of array 'test_array' is negative
configure:13459: $? = 1
configure: failed program was:
| /* confdefs.h.  */
| #define PACKAGE_NAME "libflac"
| #define PACKAGE_TARNAME "libflac"
| #define PACKAGE_VERSION "1.2.1"
| #define PACKAGE_STRING "libflac 1.2.1"
| #define PACKAGE_BUGREPORT "fab"
| #define PACKAGE "libflac"
| #define VERSION "1.2.1"
| #define STDC_HEADERS 1
| #define HAVE_SYS_TYPES_H 1
| #define HAVE_SYS_STAT_H 1
| #define HAVE_STDLIB_H 1
| #define HAVE_STRING_H 1
| #define HAVE_MEMORY_H 1
| #define HAVE_STRINGS_H 1
| #define HAVE_INTTYPES_H 1
| #define HAVE_STDINT_H 1
| #define HAVE_UNISTD_H 1
| #define HAVE_DLFCN_H 1
| #define LT_OBJDIR ".libs/"
| #define FLAC__HAS_OGG 1
| #define STDC_HEADERS 1
| #define HAVE_FCNTL_H 1
| #define HAVE_INTTYPES_H 1
| #define HAVE_LIMITS_H 1
| #define HAVE_MACH_MACH_H 1
| #define HAVE_NETINET_IN_H 1
| #define HAVE_STDDEF_H 1
| #define HAVE_STDINT_H 1
| #define HAVE_STDLIB_H 1
| #define HAVE_STRING_H 1
| #define HAVE_SYS_PARAM_H 1
| #define HAVE_UNISTD_H 1
| #define HAVE_UTIME_H 1
| #define HAVE__BOOL 1
| #define HAVE_STDBOOL_H 1
| /* end confdefs.h.  */
| #include <stdio.h>
| #ifdef HAVE_SYS_TYPES_H
| # include <sys/types.h>
| #endif
| #ifdef HAVE_SYS_STAT_H
| # include <sys/stat.h>
| #endif
| #ifdef STDC_HEADERS
| # include <stdlib.h>
| # include <stddef.h>
| #else
| # ifdef HAVE_STDLIB_H
| #  include <stdlib.h>
| # endif
| #endif
| #ifdef HAVE_STRING_H
| # if !defined STDC_HEADERS && defined HAVE_MEMORY_H
| #  include <memory.h>
| # endif
| # include <string.h>
| #endif
| #ifdef HAVE_STRINGS_H
| # include <strings.h>
| #endif
| #ifdef HAVE_INTTYPES_H
| # include <inttypes.h>
| #endif
| #ifdef HAVE_STDINT_H
| # include <stdint.h>
| #endif
| #ifdef HAVE_UNISTD_H
| # include <unistd.h>
| #endif
| int
| main ()
| {
| static int test_array [1 - 2 * !((int32_t) ((((int32_t) 1 << (32 - 2)) - 1) * 2 + 1)
| 		 < (int32_t) ((((int32_t) 1 << (32 - 2)) - 1) * 2 + 2))];
| test_array [0] = 0
| 
|   ;
|   return 0;
| }
configure:13488: result: yes
configure:13501: checking for int64_t
configure:13532: gcc -std=gnu99 -c  -g -O2  conftest.c >&5
configure:13539: $? = 0
configure:13568: gcc -std=gnu99 -c  -g -O2  conftest.c >&5
conftest.c: In function 'main':
conftest.c:75: warning: integer overflow in expression
conftest.c:75: error: size of array 'test_array' is negative
configure:13575: $? = 1
configure: failed program was:
| /* confdefs.h.  */
| #define PACKAGE_NAME "libflac"
| #define PACKAGE_TARNAME "libflac"
| #define PACKAGE_VERSION "1.2.1"
| #define PACKAGE_STRING "libflac 1.2.1"
| #define PACKAGE_BUGREPORT "fab"
| #define PACKAGE "libflac"
| #define VERSION "1.2.1"
| #define STDC_HEADERS 1
| #define HAVE_SYS_TYPES_H 1
| #define HAVE_SYS_STAT_H 1
| #define HAVE_STDLIB_H 1
| #define HAVE_STRING_H 1
| #define HAVE_MEMORY_H 1
| #define HAVE_STRINGS_H 1
| #define HAVE_INTTYPES_H 1
| #define HAVE_STDINT_H 1
| #define HAVE_UNISTD_H 1
| #define HAVE_DLFCN_H 1
| #define LT_OBJDIR ".libs/"
| #define FLAC__HAS_OGG 1
| #define STDC_HEADERS 1
| #define HAVE_FCNTL_H 1
| #define HAVE_INTTYPES_H 1
| #define HAVE_LIMITS_H 1
| #define HAVE_MACH_MACH_H 1
| #define HAVE_NETINET_IN_H 1
| #define HAVE_STDDEF_H 1
| #define HAVE_STDINT_H 1
| #define HAVE_STDLIB_H 1
| #define HAVE_STRING_H 1
| #define HAVE_SYS_PARAM_H 1
| #define HAVE_UNISTD_H 1
| #define HAVE_UTIME_H 1
| #define HAVE__BOOL 1
| #define HAVE_STDBOOL_H 1
| /* end confdefs.h.  */
| #include <stdio.h>
| #ifdef HAVE_SYS_TYPES_H
| # include <sys/types.h>
| #endif
| #ifdef HAVE_SYS_STAT_H
| # include <sys/stat.h>
| #endif
| #ifdef STDC_HEADERS
| # include <stdlib.h>
| # include <stddef.h>
| #else
| # ifdef HAVE_STDLIB_H
| #  include <stdlib.h>
| # endif
| #endif
| #ifdef HAVE_STRING_H
| # if !defined STDC_HEADERS && defined HAVE_MEMORY_H
| #  include <memory.h>
| # endif
| # include <string.h>
| #endif
| #ifdef HAVE_STRINGS_H
| # include <strings.h>
| #endif
| #ifdef HAVE_INTTYPES_H
| # include <inttypes.h>
| #endif
| #ifdef HAVE_STDINT_H
| # include <stdint.h>
| #endif
| #ifdef HAVE_UNISTD_H
| # include <unistd.h>
| #endif
| int
| main ()
| {
| static int test_array [1 - 2 * !((int64_t) ((((int64_t) 1 << (64 - 2)) - 1) * 2 + 1)
| 		 < (int64_t) ((((int64_t) 1 << (64 - 2)) - 1) * 2 + 2))];
| test_array [0] = 0
| 
|   ;
|   return 0;
| }
configure:13604: result: yes
configure:13616: checking for off_t
configure:13644: gcc -std=gnu99 -c  -g -O2  conftest.c >&5
configure:13651: $? = 0
configure:13678: gcc -std=gnu99 -c  -g -O2  conftest.c >&5
conftest.c: In function 'main':
conftest.c:74: error: syntax error before ')' token
configure:13685: $? = 1
configure: failed program was:
| /* confdefs.h.  */
| #define PACKAGE_NAME "libflac"
| #define PACKAGE_TARNAME "libflac"
| #define PACKAGE_VERSION "1.2.1"
| #define PACKAGE_STRING "libflac 1.2.1"
| #define PACKAGE_BUGREPORT "fab"
| #define PACKAGE "libflac"
| #define VERSION "1.2.1"
| #define STDC_HEADERS 1
| #define HAVE_SYS_TYPES_H 1
| #define HAVE_SYS_STAT_H 1
| #define HAVE_STDLIB_H 1
| #define HAVE_STRING_H 1
| #define HAVE_MEMORY_H 1
| #define HAVE_STRINGS_H 1
| #define HAVE_INTTYPES_H 1
| #define HAVE_STDINT_H 1
| #define HAVE_UNISTD_H 1
| #define HAVE_DLFCN_H 1
| #define LT_OBJDIR ".libs/"
| #define FLAC__HAS_OGG 1
| #define STDC_HEADERS 1
| #define HAVE_FCNTL_H 1
| #define HAVE_INTTYPES_H 1
| #define HAVE_LIMITS_H 1
| #define HAVE_MACH_MACH_H 1
| #define HAVE_NETINET_IN_H 1
| #define HAVE_STDDEF_H 1
| #define HAVE_STDINT_H 1
| #define HAVE_STDLIB_H 1
| #define HAVE_STRING_H 1
| #define HAVE_SYS_PARAM_H 1
| #define HAVE_UNISTD_H 1
| #define HAVE_UTIME_H 1
| #define HAVE__BOOL 1
| #define HAVE_STDBOOL_H 1
| /* end confdefs.h.  */
| #include <stdio.h>
| #ifdef HAVE_SYS_TYPES_H
| # include <sys/types.h>
| #endif
| #ifdef HAVE_SYS_STAT_H
| # include <sys/stat.h>
| #endif
| #ifdef STDC_HEADERS
| # include <stdlib.h>
| # include <stddef.h>
| #else
| # ifdef HAVE_STDLIB_H
| #  include <stdlib.h>
| # endif
| #endif
| #ifdef HAVE_STRING_H
| # if !defined STDC_HEADERS && defined HAVE_MEMORY_H
| #  include <memory.h>
| # endif
| # include <string.h>
| #endif
| #ifdef HAVE_STRINGS_H
| # include <strings.h>
| #endif
| #ifdef HAVE_INTTYPES_H
| # include <inttypes.h>
| #endif
| #ifdef HAVE_STDINT_H
| # include <stdint.h>
| #endif
| #ifdef HAVE_UNISTD_H
| # include <unistd.h>
| #endif
| int
| main ()
| {
| if (sizeof ((off_t)))
| 	  return 0;
|   ;
|   return 0;
| }
configure:13708: result: yes
configure:13720: checking for size_t
configure:13812: result: yes
configure:13825: checking for uint16_t
configure:13856: gcc -std=gnu99 -c  -g -O2  conftest.c >&5
configure:13863: $? = 0
configure:13884: result: yes
configure:13898: checking for uint32_t
configure:13929: gcc -std=gnu99 -c  -g -O2  conftest.c >&5
configure:13936: $? = 0
configure:13957: result: yes
configure:13975: checking for uint64_t
configure:14006: gcc -std=gnu99 -c  -g -O2  conftest.c >&5
configure:14013: $? = 0
configure:14034: result: yes
configure:14051: checking for working volatile
configure:14080: gcc -std=gnu99 -c  -g -O2  conftest.c >&5
configure:14087: $? = 0
configure:14102: result: yes
configure:14112: checking for fpos_t
configure:14140: gcc -std=gnu99 -c  -g -O2  conftest.c >&5
configure:14147: $? = 0
configure:14174: gcc -std=gnu99 -c  -g -O2  conftest.c >&5
conftest.c: In function 'main':
conftest.c:74: error: syntax error before ')' token
configure:14181: $? = 1
configure: failed program was:
| /* confdefs.h.  */
| #define PACKAGE_NAME "libflac"
| #define PACKAGE_TARNAME "libflac"
| #define PACKAGE_VERSION "1.2.1"
| #define PACKAGE_STRING "libflac 1.2.1"
| #define PACKAGE_BUGREPORT "fab"
| #define PACKAGE "libflac"
| #define VERSION "1.2.1"
| #define STDC_HEADERS 1
| #define HAVE_SYS_TYPES_H 1
| #define HAVE_SYS_STAT_H 1
| #define HAVE_STDLIB_H 1
| #define HAVE_STRING_H 1
| #define HAVE_MEMORY_H 1
| #define HAVE_STRINGS_H 1
| #define HAVE_INTTYPES_H 1
| #define HAVE_STDINT_H 1
| #define HAVE_UNISTD_H 1
| #define HAVE_DLFCN_H 1
| #define LT_OBJDIR ".libs/"
| #define FLAC__HAS_OGG 1
| #define STDC_HEADERS 1
| #define HAVE_FCNTL_H 1
| #define HAVE_INTTYPES_H 1
| #define HAVE_LIMITS_H 1
| #define HAVE_MACH_MACH_H 1
| #define HAVE_NETINET_IN_H 1
| #define HAVE_STDDEF_H 1
| #define HAVE_STDINT_H 1
| #define HAVE_STDLIB_H 1
| #define HAVE_STRING_H 1
| #define HAVE_SYS_PARAM_H 1
| #define HAVE_UNISTD_H 1
| #define HAVE_UTIME_H 1
| #define HAVE__BOOL 1
| #define HAVE_STDBOOL_H 1
| /* end confdefs.h.  */
| #include <stdio.h>
| #ifdef HAVE_SYS_TYPES_H
| # include <sys/types.h>
| #endif
| #ifdef HAVE_SYS_STAT_H
| # include <sys/stat.h>
| #endif
| #ifdef STDC_HEADERS
| # include <stdlib.h>
| # include <stddef.h>
| #else
| # ifdef HAVE_STDLIB_H
| #  include <stdlib.h>
| # endif
| #endif
| #ifdef HAVE_STRING_H
| # if !defined STDC_HEADERS && defined HAVE_MEMORY_H
| #  include <memory.h>
| # endif
| # include <string.h>
| #endif
| #ifdef HAVE_STRINGS_H
| # include <strings.h>
| #endif
| #ifdef HAVE_INTTYPES_H
| # include <inttypes.h>
| #endif
| #ifdef HAVE_STDINT_H
| # include <stdint.h>
| #endif
| #ifdef HAVE_UNISTD_H
| # include <unistd.h>
| #endif
| int
| main ()
| {
| if (sizeof ((fpos_t)))
| 	  return 0;
|   ;
|   return 0;
| }
configure:14204: result: yes
configure:14217: checking for uid_t in sys/types.h
configure:14240: result: yes
configure:14260: checking for unistd.h
configure:14267: result: yes
configure:14406: checking for working chown
configure:14449: gcc -std=gnu99 -o conftest  -g -O2   conftest.c  >&5
configure:14453: $? = 0
configure:14459: ./conftest
configure:14463: $? = 0
configure:14482: result: yes
configure:14492: checking for _LARGEFILE_SOURCE value needed for large files
configure:14521: gcc -std=gnu99 -o conftest  -g -O2   conftest.c  >&5
configure:14528: $? = 0
configure:14601: result: no
configure:14624: checking for working memcmp
configure:14677: gcc -std=gnu99 -o conftest  -g -O2   conftest.c  >&5
configure:14681: $? = 0
configure:14687: ./conftest
configure:14691: $? = 0
configure:14708: result: yes
configure:14722: checking for stdlib.h
configure:14729: result: yes
configure:14868: checking for GNU libc compatible realloc
configure:14902: gcc -std=gnu99 -o conftest  -g -O2   conftest.c  >&5
configure:14906: $? = 0
configure:14912: ./conftest
configure:14916: $? = 0
configure:14933: result: yes
configure:14962: checking whether lstat dereferences a symlink specified with a trailing slash
configure:14998: gcc -std=gnu99 -o conftest  -g -O2   conftest.c  >&5
configure:15002: $? = 0
configure:15008: ./conftest
configure:15012: $? = 1
configure: program exited with status 1
configure: failed program was:
| /* confdefs.h.  */
| #define PACKAGE_NAME "libflac"
| #define PACKAGE_TARNAME "libflac"
| #define PACKAGE_VERSION "1.2.1"
| #define PACKAGE_STRING "libflac 1.2.1"
| #define PACKAGE_BUGREPORT "fab"
| #define PACKAGE "libflac"
| #define VERSION "1.2.1"
| #define STDC_HEADERS 1
| #define HAVE_SYS_TYPES_H 1
| #define HAVE_SYS_STAT_H 1
| #define HAVE_STDLIB_H 1
| #define HAVE_STRING_H 1
| #define HAVE_MEMORY_H 1
| #define HAVE_STRINGS_H 1
| #define HAVE_INTTYPES_H 1
| #define HAVE_STDINT_H 1
| #define HAVE_UNISTD_H 1
| #define HAVE_DLFCN_H 1
| #define LT_OBJDIR ".libs/"
| #define FLAC__HAS_OGG 1
| #define STDC_HEADERS 1
| #define HAVE_FCNTL_H 1
| #define HAVE_INTTYPES_H 1
| #define HAVE_LIMITS_H 1
| #define HAVE_MACH_MACH_H 1
| #define HAVE_NETINET_IN_H 1
| #define HAVE_STDDEF_H 1
| #define HAVE_STDINT_H 1
| #define HAVE_STDLIB_H 1
| #define HAVE_STRING_H 1
| #define HAVE_SYS_PARAM_H 1
| #define HAVE_UNISTD_H 1
| #define HAVE_UTIME_H 1
| #define HAVE__BOOL 1
| #define HAVE_STDBOOL_H 1
| #define HAVE_FPOS_T 1
| #define HAVE_UNISTD_H 1
| #define HAVE_CHOWN 1
| #define HAVE_FSEEKO 1
| #define HAVE_STDLIB_H 1
| #define HAVE_REALLOC 1
| /* end confdefs.h.  */
| #include <stdio.h>
| #ifdef HAVE_SYS_TYPES_H
| # include <sys/types.h>
| #endif
| #ifdef HAVE_SYS_STAT_H
| # include <sys/stat.h>
| #endif
| #ifdef STDC_HEADERS
| # include <stdlib.h>
| # include <stddef.h>
| #else
| # ifdef HAVE_STDLIB_H
| #  include <stdlib.h>
| # endif
| #endif
| #ifdef HAVE_STRING_H
| # if !defined STDC_HEADERS && defined HAVE_MEMORY_H
| #  include <memory.h>
| # endif
| # include <string.h>
| #endif
| #ifdef HAVE_STRINGS_H
| # include <strings.h>
| #endif
| #ifdef HAVE_INTTYPES_H
| # include <inttypes.h>
| #endif
| #ifdef HAVE_STDINT_H
| # include <stdint.h>
| #endif
| #ifdef HAVE_UNISTD_H
| # include <unistd.h>
| #endif
| int
| main ()
| {
| struct stat sbuf;
|      /* Linux will dereference the symlink and fail.
| 	That is better in the sense that it means we will not
| 	have to compile and use the lstat wrapper.  */
|      return lstat ("conftest.sym/", &sbuf) == 0;
|   ;
|   return 0;
| }
configure:15036: result: no
configure:15055: checking whether stat accepts an empty string
configure:15085: gcc -std=gnu99 -o conftest  -g -O2   conftest.c  >&5
configure:15089: $? = 0
configure:15095: ./conftest
configure:15099: $? = 0
configure:15116: result: no
configure:15132: checking for working strtod
configure:15183: gcc -std=gnu99 -o conftest  -g -O2   conftest.c  >&5
configure:15187: $? = 0
configure:15193: ./conftest
configure:15197: $? = 0
configure:15214: result: yes
configure:15394: checking for utime.h
configure:15401: result: yes
configure:15548: checking whether utime accepts a null argument
configure:15587: gcc -std=gnu99 -o conftest  -g -O2   conftest.c  >&5
configure:15591: $? = 0
configure:15597: ./conftest
configure:15601: $? = 0
configure:15618: result: yes
configure:15639: checking for memchr
configure:15695: gcc -std=gnu99 -o conftest  -g -O2   conftest.c  >&5
configure:15702: $? = 0
configure:15724: result: yes
configure:15639: checking for memmove
configure:15695: gcc -std=gnu99 -o conftest  -g -O2   conftest.c  >&5
conftest.c:70: warning: conflicting types for built-in function 'memmove'
configure:15702: $? = 0
configure:15724: result: yes
configure:15639: checking for memset
configure:15695: gcc -std=gnu99 -o conftest  -g -O2   conftest.c  >&5
conftest.c:71: warning: conflicting types for built-in function 'memset'
configure:15702: $? = 0
configure:15724: result: yes
configure:15639: checking for strchr
configure:15695: gcc -std=gnu99 -o conftest  -g -O2   conftest.c  >&5
conftest.c:72: warning: conflicting types for built-in function 'strchr'
configure:15702: $? = 0
configure:15724: result: yes
configure:15639: checking for strdup
configure:15695: gcc -std=gnu99 -o conftest  -g -O2   conftest.c  >&5
conftest.c:73: warning: conflicting types for built-in function 'strdup'
configure:15702: $? = 0
configure:15724: result: yes
configure:15639: checking for strrchr
configure:15695: gcc -std=gnu99 -o conftest  -g -O2   conftest.c  >&5
conftest.c:74: warning: conflicting types for built-in function 'strrchr'
configure:15702: $? = 0
configure:15724: result: yes
configure:15639: checking for utime
configure:15695: gcc -std=gnu99 -o conftest  -g -O2   conftest.c  >&5
configure:15702: $? = 0
configure:15724: result: yes
configure:15862: creating ./config.status

## ---------------------- ##
## Running config.status. ##
## ---------------------- ##

This file was extended by libflac config.status 1.2.1, which was
generated by GNU Autoconf 2.63.  Invocation command line was

  CONFIG_FILES    = 
  CONFIG_HEADERS  = 
  CONFIG_LINKS    = 
  CONFIG_COMMANDS = 
  $ ./config.status 

on Mac-Mini.local

config.status:1034: creating Makefile
config.status:1034: creating FLAC/Makefile
config.status:1034: creating private/Makefile
config.status:1034: creating share/Makefile
config.status:1034: creating share/grabbag/Makefile
config.status:1034: creating protected/Makefile
config.status:1034: creating include/Makefile
config.status:1034: creating include/libogg/Makefile
config.status:1034: creating include/libogg/src/Makefile
config.status:1034: creating include/libogg/include/Makefile
config.status:1034: creating include/libogg/include/ogg/Makefile
config.status:1034: creating include/libogg/include/ogg/config_types.h
config.status:1034: creating include/libogg/win32/Makefile
config.status:1034: creating include/libogg/ogg.pc
config.status:1034: creating include/libogg/ogg-uninstalled.pc
config.status:1034: creating config.h
config.status:1308: executing depfiles commands
config.status:1308: executing libtool commands
configure:18167: === configuring in include/libogg (/Users/maarten/Downloads/dvda-author-09.03/libFLAC/include/libogg)
configure:18270: running /bin/sh ./configure --disable-option-checking '--prefix=/usr'  '--disable-shared' '--without-sox' '--without-fixwav' '--disable-alsa' --cache-file=/dev/null --srcdir=.
configure:18293: result:
************************
  libFLAC was configured
************************


## ---------------- ##
## Cache variables. ##
## ---------------- ##

ac_cv_build=i386-apple-darwin9.6.0
ac_cv_c_compiler_gnu=yes
ac_cv_c_const=yes
ac_cv_c_int16_t=yes
ac_cv_c_int32_t=yes
ac_cv_c_int64_t=yes
ac_cv_c_uint16_t=yes
ac_cv_c_uint32_t=yes
ac_cv_c_uint64_t=yes
ac_cv_c_volatile=yes
ac_cv_env_CC_set=
ac_cv_env_CC_value=
ac_cv_env_CFLAGS_set=
ac_cv_env_CFLAGS_value=
ac_cv_env_CPPFLAGS_set=
ac_cv_env_CPPFLAGS_value=
ac_cv_env_CPP_set=
ac_cv_env_CPP_value=
ac_cv_env_LDFLAGS_set=
ac_cv_env_LDFLAGS_value=
ac_cv_env_LIBS_set=
ac_cv_env_LIBS_value=
ac_cv_env_build_alias_set=
ac_cv_env_build_alias_value=
ac_cv_env_host_alias_set=
ac_cv_env_host_alias_value=
ac_cv_env_target_alias_set=
ac_cv_env_target_alias_value=
ac_cv_func_chown_works=yes
ac_cv_func_lstat_dereferences_slashed_symlink=no
ac_cv_func_memchr=yes
ac_cv_func_memcmp_working=yes
ac_cv_func_memmove=yes
ac_cv_func_memset=yes
ac_cv_func_realloc_0_nonnull=yes
ac_cv_func_stat_empty_string_bug=no
ac_cv_func_strchr=yes
ac_cv_func_strdup=yes
ac_cv_func_strrchr=yes
ac_cv_func_strtod=yes
ac_cv_func_utime=yes
ac_cv_func_utime_null=yes
ac_cv_header_dlfcn_h=yes
ac_cv_header_fcntl_h=yes
ac_cv_header_inttypes_h=yes
ac_cv_header_limits_h=yes
ac_cv_header_mach_mach_h=yes
ac_cv_header_memory_h=yes
ac_cv_header_netinet_in_h=yes
ac_cv_header_stdbool_h=yes
ac_cv_header_stdc=yes
ac_cv_header_stddef_h=yes
ac_cv_header_stdint_h=yes
ac_cv_header_stdlib_h=yes
ac_cv_header_string_h=yes
ac_cv_header_strings_h=yes
ac_cv_header_sys_param_h=yes
ac_cv_header_sys_stat_h=yes
ac_cv_header_sys_types_h=yes
ac_cv_header_unistd_h=yes
ac_cv_header_utime_h=yes
ac_cv_host=i386-apple-darwin9.6.0
ac_cv_objext=o
ac_cv_path_EGREP='/usr/bin/grep -E'
ac_cv_path_FGREP='/usr/bin/grep -F'
ac_cv_path_GREP=/usr/bin/grep
ac_cv_path_SED=/usr/bin/sed
ac_cv_path_install='/usr/bin/install -c'
ac_cv_path_mkdir=/usr/local/bin/mkdir
ac_cv_prog_AWK=awk
ac_cv_prog_CPP='gcc -E'
ac_cv_prog_ac_ct_AR=ar
ac_cv_prog_ac_ct_CC=gcc
ac_cv_prog_ac_ct_DSYMUTIL=dsymutil
ac_cv_prog_ac_ct_LIPO=lipo
ac_cv_prog_ac_ct_NMEDIT=nmedit
ac_cv_prog_ac_ct_OTOOL=otool
ac_cv_prog_ac_ct_RANLIB=ranlib
ac_cv_prog_ac_ct_STRIP=strip
ac_cv_prog_cc_c89=
ac_cv_prog_cc_c99=-std=gnu99
ac_cv_prog_cc_g=yes
ac_cv_prog_cc_gcc_c_o=yes
ac_cv_prog_cc_stdc=-std=gnu99
ac_cv_prog_make_make_set=yes
ac_cv_sys_largefile_source=no
ac_cv_type__Bool=yes
ac_cv_type_fpos_t=yes
ac_cv_type_off_t=yes
ac_cv_type_size_t=yes
ac_cv_type_uid_t=yes
am_cv_CC_dependencies_compiler_type=gcc3
lt_cv_apple_cc_single_mod=yes
lt_cv_deplibs_check_method=pass_all
lt_cv_file_magic_cmd='$MAGIC_CMD'
lt_cv_file_magic_test_file=
lt_cv_ld_exported_symbols_list=yes
lt_cv_ld_reload_flag=-r
lt_cv_nm_interface='BSD nm'
lt_cv_objdir=.libs
lt_cv_path_LD=/usr/libexec/gcc/i686-apple-darwin9/4.0.1/ld
lt_cv_path_NM='/usr/bin/nm -p'
lt_cv_prog_compiler_c_o=yes
lt_cv_prog_compiler_pic_works=yes
lt_cv_prog_compiler_rtti_exceptions=no
lt_cv_prog_compiler_static_works=no
lt_cv_prog_gnu_ld=no
lt_cv_sys_global_symbol_pipe='sed -n -e '\''s/^.*[	 ]\([BCDEGRST][BCDEGRST]*\)[	 ][	 ]*_\([_A-Za-z][_A-Za-z0-9]*\)$/\1 _\2 \2/p'\'''
lt_cv_sys_global_symbol_to_c_name_address='sed -n -e '\''s/^: \([^ ]*\) $/  {\"\1\", (void *) 0},/p'\'' -e '\''s/^[BCDEGRST]* \([^ ]*\) \([^ ]*\)$/  {"\2", (void *) \&\2},/p'\'''
lt_cv_sys_global_symbol_to_c_name_address_lib_prefix='sed -n -e '\''s/^: \([^ ]*\) $/  {\"\1\", (void *) 0},/p'\'' -e '\''s/^[BCDEGRST]* \([^ ]*\) \(lib[^ ]*\)$/  {"\2", (void *) \&\2},/p'\'' -e '\''s/^[BCDEGRST]* \([^ ]*\) \([^ ]*\)$/  {"lib\2", (void *) \&\2},/p'\'''
lt_cv_sys_global_symbol_to_cdecl='sed -n -e '\''s/^T .* \(.*\)$/extern int \1();/p'\'' -e '\''s/^[BCDEGRST]* .* \(.*\)$/extern char \1;/p'\'''
lt_cv_sys_max_cmd_len=196608

## ----------------- ##
## Output variables. ##
## ----------------- ##

ACLOCAL='${SHELL} /Users/maarten/Downloads/dvda-author-09.03/libFLAC/config/missing --run aclocal-1.10'
AMDEPBACKSLASH='\'
AMDEP_FALSE='#'
AMDEP_TRUE=''
AMTAR='${SHELL} /Users/maarten/Downloads/dvda-author-09.03/libFLAC/config/missing --run tar'
AR='ar'
AUTOCONF='${SHELL} /Users/maarten/Downloads/dvda-author-09.03/libFLAC/config/missing --run autoconf'
AUTOHEADER='${SHELL} /Users/maarten/Downloads/dvda-author-09.03/libFLAC/config/missing --run autoheader'
AUTOMAKE='${SHELL} /Users/maarten/Downloads/dvda-author-09.03/libFLAC/config/missing --run automake-1.10'
AWK='awk'
CC='gcc -std=gnu99'
CCDEPMODE='depmode=gcc3'
CFLAGS=' -g -O2'
CPP='gcc -E'
CPPFLAGS=''
CYGPATH_W='echo'
DEFS='-DHAVE_CONFIG_H'
DEPDIR='.deps'
DSYMUTIL='dsymutil'
DUMPBIN=''
ECHO_C='\c'
ECHO_N=''
ECHO_T=''
EGREP='/usr/bin/grep -E'
EXEEXT=''
FGREP='/usr/bin/grep -F'
GREP='/usr/bin/grep'
INSTALL_DATA='${INSTALL} -m 644'
INSTALL_PROGRAM='${INSTALL}'
INSTALL_SCRIPT='${INSTALL}'
INSTALL_STRIP_PROGRAM='$(install_sh) -c -s'
LD='/usr/libexec/gcc/i686-apple-darwin9/4.0.1/ld'
LDFLAGS=''
LIBOBJS=' ${LIBOBJDIR}lstat$U.o'
LIBS=''
LIBTOOL='$(SHELL) $(top_builddir)/libtool'
LIPO='lipo'
LN_S='ln -s'
LTLIBOBJS=' ${LIBOBJDIR}lstat$U.lo'
MAKEINFO='${SHELL} /Users/maarten/Downloads/dvda-author-09.03/libFLAC/config/missing --run makeinfo'
MAYBE_OGG='include'
MKDIR_P='/usr/local/bin/mkdir -p'
NM='/usr/bin/nm -p'
NMEDIT='nmedit'
OBJDUMP='false'
OBJEXT='o'
OGG_CONFIGURE='yes'
OGG_LIB='${top_builddir}/include/libogg/src/libogg.a'
OGG_LINK=''
OTOOL64=':'
OTOOL='otool'
PACKAGE='libflac'
PACKAGE_BUGREPORT='fab'
PACKAGE_NAME='libflac'
PACKAGE_STRING='libflac 1.2.1'
PACKAGE_TARNAME='libflac'
PACKAGE_VERSION='1.2.1'
PATH_SEPARATOR=':'
POW_LIB=''
RANLIB='ranlib'
SED='/usr/bin/sed'
SET_MAKE=''
SHELL='/bin/sh'
SIZE16=''
SIZE32=''
SIZE64=''
STRIP='strip'
USIZE16=''
USIZE32=''
VERSION='1.2.1'
ac_ct_CC='gcc'
ac_ct_DUMPBIN=''
am__fastdepCC_FALSE='#'
am__fastdepCC_TRUE=''
am__include='include'
am__isrc=''
am__leading_dot='.'
am__quote=''
am__tar='${AMTAR} chof - "$$tardir"'
am__untar='${AMTAR} xf -'
bindir='${exec_prefix}/bin'
build='i386-apple-darwin9.6.0'
build_alias=''
build_cpu='i386'
build_os='darwin9.6.0'
build_vendor='apple'
datadir='${datarootdir}'
datarootdir='${prefix}/share'
docdir='${datarootdir}/doc/${PACKAGE_TARNAME}'
dvidir='${docdir}'
exec_prefix='${prefix}'
host='i386-apple-darwin9.6.0'
host_alias=''
host_cpu='i386'
host_os='darwin9.6.0'
host_vendor='apple'
htmldir='${docdir}'
includedir='${prefix}/include'
infodir='${datarootdir}/info'
install_sh='$(SHELL) /Users/maarten/Downloads/dvda-author-09.03/libFLAC/config/install-sh'
libdir='${exec_prefix}/lib'
libexecdir='${exec_prefix}/libexec'
localedir='${datarootdir}/locale'
localstatedir='${prefix}/var'
lt_ECHO='/bin/echo'
mandir='${datarootdir}/man'
mkdir_p='/usr/local/bin/mkdir -p'
oldincludedir='/usr/include'
pdfdir='${docdir}'
prefix='/usr'
program_transform_name='s,x,x,'
psdir='${docdir}'
sbindir='${exec_prefix}/sbin'
sharedstatedir='${prefix}/com'
subdirs=' include/libogg'
sysconfdir='${prefix}/etc'
target_alias=''

## ----------- ##
## confdefs.h. ##
## ----------- ##

#define PACKAGE_NAME "libflac"
#define PACKAGE_TARNAME "libflac"
#define PACKAGE_VERSION "1.2.1"
#define PACKAGE_STRING "libflac 1.2.1"
#define PACKAGE_BUGREPORT "fab"
#define PACKAGE "libflac"
#define VERSION "1.2.1"
#define STDC_HEADERS 1
#define HAVE_SYS_TYPES_H 1
#define HAVE_SYS_STAT_H 1
#define HAVE_STDLIB_H 1
#define HAVE_STRING_H 1
#define HAVE_MEMORY_H 1
#define HAVE_STRINGS_H 1
#define HAVE_INTTYPES_H 1
#define HAVE_STDINT_H 1
#define HAVE_UNISTD_H 1
#define HAVE_DLFCN_H 1
#define LT_OBJDIR ".libs/"
#define FLAC__HAS_OGG 1
#define STDC_HEADERS 1
#define HAVE_FCNTL_H 1
#define HAVE_INTTYPES_H 1
#define HAVE_LIMITS_H 1
#define HAVE_MACH_MACH_H 1
#define HAVE_NETINET_IN_H 1
#define HAVE_STDDEF_H 1
#define HAVE_STDINT_H 1
#define HAVE_STDLIB_H 1
#define HAVE_STRING_H 1
#define HAVE_SYS_PARAM_H 1
#define HAVE_UNISTD_H 1
#define HAVE_UTIME_H 1
#define HAVE__BOOL 1
#define HAVE_STDBOOL_H 1
#define HAVE_FPOS_T 1
#define HAVE_UNISTD_H 1
#define HAVE_CHOWN 1
#define HAVE_FSEEKO 1
#define HAVE_STDLIB_H 1
#define HAVE_REALLOC 1
#define HAVE_UTIME_H 1
#define HAVE_UTIME_NULL 1
#define HAVE_MEMCHR 1
#define HAVE_MEMMOVE 1
#define HAVE_MEMSET 1
#define HAVE_STRCHR 1
#define HAVE_STRDUP 1
#define HAVE_STRRCHR 1
#define HAVE_UTIME 1

configure: exit 0
